Log file open, 03/09/22 20:24:48
LogWindows: Failed to load 'aqProf.dll' (GetLastError=126)
LogWindows: File 'aqProf.dll' does not exist
LogWindows: Failed to load 'VtuneApi.dll' (GetLastError=126)
LogWindows: File 'VtuneApi.dll' does not exist
LogWindows: Failed to load 'VtuneApi32e.dll' (GetLastError=126)
LogWindows: File 'VtuneApi32e.dll' does not exist
LogConsoleResponse: Display: Failed to find resolution value strings in scalability ini. Falling back to default.
LogConsoleResponse: Display: Failed to find resolution value strings in scalability ini. Falling back to default.
LogInit: Display: Running engine for game: client
LogPlatformFile: Not using cached read wrapper
LogTaskGraph: Started task graph with 5 named threads and 47 total threads with 3 sets of task threads.
LogStats: Stats thread started at 0.303769
LogICUInternationalization: ICU TimeZone Detection - Raw Offset: +9:00, Platform Override: ''
LogInit: Display: Loading text-based GConfig....
LogPluginManager: Mounting plugin MeshPainting
LogPluginManager: Mounting plugin XGEController
LogPluginManager: Mounting plugin Paper2D
LogPluginManager: Mounting plugin AISupport
LogPluginManager: Mounting plugin LightPropagationVolume
LogPluginManager: Mounting plugin EnvironmentQueryEditor
LogPluginManager: Mounting plugin LiveLink
LogPluginManager: Mounting plugin CameraShakePreviewer
LogPluginManager: Mounting plugin AssetManagerEditor
LogPluginManager: Mounting plugin OodleNetwork
LogPluginManager: Mounting plugin OodleData
LogPluginManager: Mounting plugin GameplayCameras
LogPluginManager: Mounting plugin AlembicImporter
LogPluginManager: Mounting plugin LuminPlatformFeatures
LogPluginManager: Mounting plugin AutomationUtils
LogPluginManager: Mounting plugin BackChannel
LogPluginManager: Mounting plugin Niagara
LogPluginManager: Mounting plugin CryptoKeys
LogPluginManager: Mounting plugin ChaosCloth
LogPluginManager: Mounting plugin CurveEditorTools
LogPluginManager: Mounting plugin DataValidation
LogPluginManager: Mounting plugin ChaosClothEditor
LogPluginManager: Mounting plugin ChaosEditor
LogPluginManager: Mounting plugin AndroidMedia
LogPluginManager: Mounting plugin AnimationSharing
LogPluginManager: Mounting plugin MagicLeap
LogPluginManager: Mounting plugin ChaosNiagara
LogPluginManager: Mounting plugin FacialAnimation
LogPluginManager: Mounting plugin GameplayTagsEditor
LogPluginManager: Mounting plugin MacGraphicsSwitching
LogPluginManager: Mounting plugin MaterialAnalyzer
LogPluginManager: Mounting plugin ChaosSolverPlugin
LogPluginManager: Mounting plugin CharacterAI
LogPluginManager: Mounting plugin GeometryMode
LogPluginManager: Mounting plugin MagicLeapLightEstimation
LogPluginManager: Mounting plugin AvfMedia
LogPluginManager: Mounting plugin MagicLeapMedia
LogPluginManager: Mounting plugin MagicLeapPassableWorld
LogPluginManager: Mounting plugin MLSDK
LogPluginManager: Mounting plugin DatasmithContent
LogPluginManager: Mounting plugin GeometryCache
LogPluginManager: Mounting plugin GeometryCollectionPlugin
LogPluginManager: Mounting plugin MediaCompositing
LogPluginManager: Mounting plugin VariantManagerContent
LogPluginManager: Mounting plugin MediaPlayerEditor
LogPluginManager: Mounting plugin WebMMedia
LogPluginManager: Mounting plugin ImgMedia
LogPluginManager: Mounting plugin CLionSourceCodeAccess
LogPluginManager: Mounting plugin MobileLauncherProfileWizard
LogPluginManager: Mounting plugin CodeLiteSourceCodeAccess
LogPluginManager: Mounting plugin GitSourceControl
LogPluginManager: Mounting plugin PluginBrowser
LogPluginManager: Mounting plugin KDevelopSourceCodeAccess
LogPluginManager: Mounting plugin SpeedTreeImporter
LogPluginManager: Mounting plugin NullSourceCodeAccess
LogPluginManager: Mounting plugin PerforceSourceControl
LogPluginManager: Mounting plugin PixWinPlugin
LogPluginManager: Mounting plugin PlasticSourceControl
LogPluginManager: Mounting plugin PluginUtils
LogPluginManager: Mounting plugin PropertyAccessNode
LogPluginManager: Mounting plugin RiderSourceCodeAccess
LogPluginManager: Mounting plugin TextureFormatOodle
LogPluginManager: Mounting plugin SubversionSourceControl
LogPluginManager: Mounting plugin UObjectPlugin
LogPluginManager: Mounting plugin VisualStudioSourceCodeAccess
LogPluginManager: Mounting plugin VisualStudioCodeSourceCodeAccess
LogPluginManager: Mounting plugin XCodeSourceCodeAccess
LogPluginManager: Mounting plugin GeometryProcessing
LogPluginManager: Mounting plugin MotoSynth
LogPluginManager: Mounting plugin OpenImageDenoise
LogPluginManager: Mounting plugin WmfMedia
LogPluginManager: Mounting plugin PlanarCut
LogPluginManager: Mounting plugin ProxyLODPlugin
LogPluginManager: Mounting plugin PlatformCrypto
LogPluginManager: Mounting plugin PythonScriptPlugin
LogPluginManager: Mounting plugin SkeletalReduction
LogPluginManager: Mounting plugin LauncherChunkInstaller
LogPluginManager: Mounting plugin ActorSequence
LogPluginManager: Mounting plugin LevelSequenceEditor
LogPluginManager: Mounting plugin MatineeToLevelSequence
LogPluginManager: Mounting plugin TcpMessaging
LogPluginManager: Mounting plugin UdpMessaging
LogPluginManager: Mounting plugin TemplateSequence
LogPluginManager: Mounting plugin ActorLayerUtilities
LogPluginManager: Mounting plugin AndroidDeviceProfileSelector
LogPluginManager: Mounting plugin AndroidMoviePlayer
LogPluginManager: Mounting plugin AndroidPermission
LogPluginManager: Mounting plugin AppleImageUtils
LogPluginManager: Mounting plugin AppleMoviePlayer
LogPluginManager: Mounting plugin ArchVisCharacter
LogPluginManager: Mounting plugin AssetTags
LogPluginManager: Mounting plugin AudioCapture
LogPluginManager: Mounting plugin AudioSynesthesia
LogPluginManager: Mounting plugin CableComponent
LogPluginManager: Mounting plugin ChunkDownloader
LogPluginManager: Mounting plugin EditableMesh
LogPluginManager: Mounting plugin CustomMeshComponent
LogPluginManager: Mounting plugin ExampleDeviceProfileSelector
LogPluginManager: Mounting plugin GoogleCloudMessaging
LogPluginManager: Mounting plugin GooglePAD
LogPluginManager: Mounting plugin OnlineSubsystem
LogPluginManager: Mounting plugin OnlineSubsystemNull
LogPluginManager: Mounting plugin OnlineSubsystemUtils
LogPluginManager: Mounting plugin IOSDeviceProfileSelector
LogPluginManager: Mounting plugin LinuxDeviceProfileSelector
LogPluginManager: Mounting plugin LocationServicesBPLibrary
LogPluginManager: Mounting plugin ScreenshotTools
LogPluginManager: Mounting plugin MobilePatchingUtils
LogPluginManager: Mounting plugin OpenXR
LogPluginManager: Mounting plugin OpenXREyeTracker
LogPluginManager: Mounting plugin OpenXRHandTracking
LogPluginManager: Mounting plugin PhysXVehicles
LogPluginManager: Mounting plugin PostSplashScreen
LogPluginManager: Mounting plugin ProceduralMeshComponent
LogPluginManager: Mounting plugin PropertyAccessEditor
LogPluginManager: Mounting plugin SignificanceManager
LogPluginManager: Mounting plugin SoundFields
LogPluginManager: Mounting plugin RuntimePhysXCooking
LogPluginManager: Mounting plugin Synthesis
LogPluginManager: Mounting plugin WebMMoviePlayer
LogPluginManager: Mounting plugin WindowsMoviePlayer
LogPluginManager: Mounting plugin Takes
LogPluginManager: Mounting plugin ContentBrowserAssetDataSource
LogPluginManager: Mounting plugin ContentBrowserFileDataSource
LogPluginManager: Mounting plugin ContentBrowserClassDataSource
LogPluginManager: Mounting plugin OnlineSubsystemGooglePlay
LogPluginManager: Mounting plugin OnlineSubsystemIOS
LogPluginManager: Mounting plugin OculusVR
LogPluginManager: Mounting plugin SteamVR
PixWinPlugin: PIX capture plugin failed to initialize! Check that the process is launched from PIX.
LogInit: Using libcurl 7.55.1-DEV
LogInit:  - built for x86_64-pc-win32
LogInit:  - supports SSL with OpenSSL/1.1.1
LogInit:  - supports HTTP deflate (compression) using libz 1.2.8
LogInit:  - other features:
LogInit:      CURL_VERSION_SSL
LogInit:      CURL_VERSION_LIBZ
LogInit:      CURL_VERSION_IPV6
LogInit:      CURL_VERSION_ASYNCHDNS
LogInit:      CURL_VERSION_LARGEFILE
LogInit:      CURL_VERSION_IDN
LogInit:  CurlRequestOptions (configurable via config and command line):
LogInit:  - bVerifyPeer = true  - Libcurl will verify peer certificate
LogInit:  - bUseHttpProxy = false  - Libcurl will NOT use HTTP proxy
LogInit:  - bDontReuseConnections = false  - Libcurl will reuse connections
LogInit:  - MaxHostConnections = 16  - Libcurl will limit the number of connections to a host
LogInit:  - LocalHostAddr = Default
LogInit:  - BufferSize = 65536
LogOnline: OSS: Creating online subsystem instance for: NULL
LogInit: WinSock: version 1.1 (2.2), MaxSocks=32767, MaxUdp=65467
LogOnline: OSS: TryLoadSubsystemAndSetDefault: Loaded subsystem for module [NULL]
LogOculusPluginWrapper: OculusPlugin initialized successfully
LogHMD: Failed initializing OVRPlugin 1.59.0
LogInit: Build: ++UE4+Release-4.27-CL-18319896
LogInit: Engine Version: 4.27.2-18319896+++UE4+Release-4.27
LogInit: Compatible Engine Version: 4.27.0-17155196+++UE4+Release-4.27
LogInit: Net CL: 17155196
LogInit: OS: Windows 10 (Release 2009) (), CPU: 11th Gen Intel(R) Core(TM) i7-11700KF @ 3.60GHz, GPU: Microsoft Remote Display Adapter
LogInit: Compiled (64-bit): Nov 30 2021 07:12:08
LogInit: Compiled with Visual C++: 19.24.28315.00
LogInit: Build Configuration: Development
LogInit: Branch Name: ++UE4+Release-4.27
LogInit: Command Line:  -skipcompile
LogInit: Base Directory: C:/Program Files/Epic Games/UE_4.27/Engine/Binaries/Win64/
LogInit: Allocator: TBB
LogInit: Installed Engine Build: 1
LogDevObjectVersion: Number of dev versions registered: 29
LogDevObjectVersion:   Dev-Blueprints (B0D832E4-1F89-4F0D-ACCF-7EB736FD4AA2): 10
LogDevObjectVersion:   Dev-Build (E1C64328-A22C-4D53-A36C-8E866417BD8C): 0
LogDevObjectVersion:   Dev-Core (375EC13C-06E4-48FB-B500-84F0262A717E): 4
LogDevObjectVersion:   Dev-Editor (E4B068ED-F494-42E9-A231-DA0B2E46BB41): 40
LogDevObjectVersion:   Dev-Framework (CFFC743F-43B0-4480-9391-14DF171D2073): 37
LogDevObjectVersion:   Dev-Mobile (B02B49B5-BB20-44E9-A304-32B752E40360): 3
LogDevObjectVersion:   Dev-Networking (A4E4105C-59A1-49B5-A7C5-40C4547EDFEE): 0
LogDevObjectVersion:   Dev-Online (39C831C9-5AE6-47DC-9A44-9C173E1C8E7C): 0
LogDevObjectVersion:   Dev-Physics (78F01B33-EBEA-4F98-B9B4-84EACCB95AA2): 14
LogDevObjectVersion:   Dev-Platform (6631380F-2D4D-43E0-8009-CF276956A95A): 0
LogDevObjectVersion:   Dev-Rendering (12F88B9F-8875-4AFC-A67C-D90C383ABD29): 45
LogDevObjectVersion:   Dev-Sequencer (7B5AE74C-D270-4C10-A958-57980B212A5A): 13
LogDevObjectVersion:   Dev-VR (D7296918-1DD6-4BDD-9DE2-64A83CC13884): 3
LogDevObjectVersion:   Dev-LoadTimes (C2A15278-BFE7-4AFE-6C17-90FF531DF755): 1
LogDevObjectVersion:   Private-Geometry (6EACA3D4-40EC-4CC1-B786-8BED09428FC5): 3
LogDevObjectVersion:   Dev-AnimPhys (29E575DD-E0A3-4627-9D10-D276232CDCEA): 17
LogDevObjectVersion:   Dev-Anim (AF43A65D-7FD3-4947-9873-3E8ED9C1BB05): 15
LogDevObjectVersion:   Dev-ReflectionCapture (6B266CEC-1EC7-4B8F-A30B-E4D90942FC07): 1
LogDevObjectVersion:   Dev-Automation (0DF73D61-A23F-47EA-B727-89E90C41499A): 1
LogDevObjectVersion:   FortniteMain (601D1886-AC64-4F84-AA16-D3DE0DEAC7D6): 47
LogDevObjectVersion:   FortniteRelease (E7086368-6B23-4C58-8439-1B7016265E91): 1
LogDevObjectVersion:   Dev-Enterprise (9DFFBCD6-494F-0158-E221-12823C92A888): 10
LogDevObjectVersion:   Dev-Niagara (F2AED0AC-9AFE-416F-8664-AA7FFA26D6FC): 1
LogDevObjectVersion:   Dev-Destruction (174F1F0B-B4C6-45A5-B13F-2EE8D0FB917D): 10
LogDevObjectVersion:   Dev-Physics-Ext (35F94A83-E258-406C-A318-09F59610247C): 41
LogDevObjectVersion:   Dev-PhysicsMaterial-Chaos (B68FC16E-8B1B-42E2-B453-215C058844FE): 1
LogDevObjectVersion:   Dev-CineCamera (B2E18506-4273-CFC2-A54E-F4BB758BBA07): 1
LogDevObjectVersion:   Dev-VirtualProduction (64F58936-FD1B-42BA-BA96-7289D5D0FA4E): 1
LogDevObjectVersion:   Dev-MediaFramework (6F0ED827-A609-4895-9C91-998D90180EA4): 2
LogInit: Presizing for max 25165824 objects, including 0 objects not considered by GC, pre-allocating 0 bytes for permanent pool.
LogConfig: Applying CVar settings from Section [/Script/Engine.StreamingSettings] File [C:/Users/minjoo.kim/Desktop/chat/2022_CHAT_CLIENT/client/Saved/Config/Windows/Engine.ini]
LogConfig: Setting CVar [[s.MinBulkDataSizeForAsyncLoading:131072]]
LogConfig: Setting CVar [[s.AsyncLoadingThreadEnabled:0]]
LogConfig: Setting CVar [[s.EventDrivenLoaderEnabled:1]]
LogConfig: Setting CVar [[s.WarnIfTimeLimitExceeded:0]]
LogConfig: Setting CVar [[s.TimeLimitExceededMultiplier:1.5]]
LogConfig: Setting CVar [[s.TimeLimitExceededMinTime:0.005]]
LogConfig: Setting CVar [[s.UseBackgroundLevelStreaming:1]]
LogConfig: Setting CVar [[s.PriorityAsyncLoadingExtraTime:15.0]]
LogConfig: Setting CVar [[s.LevelStreamingActorsUpdateTimeLimit:5.0]]
LogConfig: Setting CVar [[s.PriorityLevelStreamingActorsUpdateExtraTime:5.0]]
LogConfig: Setting CVar [[s.LevelStreamingComponentsRegistrationGranularity:10]]
LogConfig: Setting CVar [[s.UnregisterComponentsTimeLimit:1.0]]
LogConfig: Setting CVar [[s.LevelStreamingComponentsUnregistrationGranularity:5]]
LogConfig: Setting CVar [[s.FlushStreamingOnExit:1]]
LogInit: Object subsystem initialized
LogConfig: Setting CVar [[con.DebugEarlyDefault:1]]
LogConfig: Setting CVar [[r.setres:1280x720]]
[2022.03.09-11.24.49:205][  0]LogConfig: Setting CVar [[r.VSync:0]]
[2022.03.09-11.24.49:205][  0]LogConfig: Setting CVar [[r.RHICmdBypass:0]]
[2022.03.09-11.24.49:205][  0]LogConfig: Applying CVar settings from Section [/Script/Engine.RendererSettings] File [C:/Users/minjoo.kim/Desktop/chat/2022_CHAT_CLIENT/client/Saved/Config/Windows/Engine.ini]
[2022.03.09-11.24.49:205][  0]LogConfig: Setting CVar [[r.GPUCrashDebugging:0]]
[2022.03.09-11.24.49:205][  0]LogConfig: Applying CVar settings from Section [/Script/Engine.RendererOverrideSettings] File [C:/Users/minjoo.kim/Desktop/chat/2022_CHAT_CLIENT/client/Saved/Config/Windows/Engine.ini]
[2022.03.09-11.24.49:205][  0]LogConfig: Applying CVar settings from Section [/Script/Engine.StreamingSettings] File [C:/Users/minjoo.kim/Desktop/chat/2022_CHAT_CLIENT/client/Saved/Config/Windows/Engine.ini]
[2022.03.09-11.24.49:205][  0]LogConfig: Setting CVar [[s.MinBulkDataSizeForAsyncLoading:131072]]
[2022.03.09-11.24.49:205][  0]LogConfig: Setting CVar [[s.AsyncLoadingThreadEnabled:0]]
[2022.03.09-11.24.49:205][  0]LogConfig: Setting CVar [[s.EventDrivenLoaderEnabled:1]]
[2022.03.09-11.24.49:206][  0]LogConfig: Setting CVar [[s.WarnIfTimeLimitExceeded:0]]
[2022.03.09-11.24.49:206][  0]LogConfig: Setting CVar [[s.TimeLimitExceededMultiplier:1.5]]
[2022.03.09-11.24.49:206][  0]LogConfig: Setting CVar [[s.TimeLimitExceededMinTime:0.005]]
[2022.03.09-11.24.49:206][  0]LogConfig: Setting CVar [[s.UseBackgroundLevelStreaming:1]]
[2022.03.09-11.24.49:206][  0]LogConfig: Setting CVar [[s.PriorityAsyncLoadingExtraTime:15.0]]
[2022.03.09-11.24.49:206][  0]LogConfig: Setting CVar [[s.LevelStreamingActorsUpdateTimeLimit:5.0]]
[2022.03.09-11.24.49:206][  0]LogConfig: Setting CVar [[s.PriorityLevelStreamingActorsUpdateExtraTime:5.0]]
[2022.03.09-11.24.49:206][  0]LogConfig: Setting CVar [[s.LevelStreamingComponentsRegistrationGranularity:10]]
[2022.03.09-11.24.49:206][  0]LogConfig: Setting CVar [[s.UnregisterComponentsTimeLimit:1.0]]
[2022.03.09-11.24.49:206][  0]LogConfig: Setting CVar [[s.LevelStreamingComponentsUnregistrationGranularity:5]]
[2022.03.09-11.24.49:206][  0]LogConfig: Setting CVar [[s.FlushStreamingOnExit:1]]
[2022.03.09-11.24.49:206][  0]LogConfig: Applying CVar settings from Section [/Script/Engine.GarbageCollectionSettings] File [C:/Users/minjoo.kim/Desktop/chat/2022_CHAT_CLIENT/client/Saved/Config/Windows/Engine.ini]
[2022.03.09-11.24.49:206][  0]LogConfig: Setting CVar [[gc.MaxObjectsNotConsideredByGC:1]]
[2022.03.09-11.24.49:206][  0]LogConfig: Setting CVar [[gc.SizeOfPermanentObjectPool:0]]
[2022.03.09-11.24.49:206][  0]LogConfig: Setting CVar [[gc.FlushStreamingOnGC:0]]
[2022.03.09-11.24.49:206][  0]LogConfig: Setting CVar [[gc.NumRetriesBeforeForcingGC:10]]
[2022.03.09-11.24.49:206][  0]LogConfig: Setting CVar [[gc.AllowParallelGC:1]]
[2022.03.09-11.24.49:206][  0]LogConfig: Setting CVar [[gc.TimeBetweenPurgingPendingKillObjects:61.1]]
[2022.03.09-11.24.49:206][  0]LogConfig: Setting CVar [[gc.MaxObjectsInEditor:25165824]]
[2022.03.09-11.24.49:206][  0]LogConfig: Setting CVar [[gc.IncrementalBeginDestroyEnabled:1]]
[2022.03.09-11.24.49:206][  0]LogConfig: Setting CVar [[gc.CreateGCClusters:1]]
[2022.03.09-11.24.49:206][  0]LogConfig: Setting CVar [[gc.MinGCClusterSize:5]]
[2022.03.09-11.24.49:206][  0]LogConfig: Setting CVar [[gc.ActorClusteringEnabled:0]]
[2022.03.09-11.24.49:206][  0]LogConfig: Setting CVar [[gc.BlueprintClusteringEnabled:0]]
[2022.03.09-11.24.49:206][  0]LogConfig: Setting CVar [[gc.UseDisregardForGCOnDedicatedServers:0]]
[2022.03.09-11.24.49:206][  0]LogConfig: Setting CVar [[gc.MultithreadedDestructionEnabled:1]]
[2022.03.09-11.24.49:206][  0]LogConfig: Applying CVar settings from Section [/Script/Engine.NetworkSettings] File [C:/Users/minjoo.kim/Desktop/chat/2022_CHAT_CLIENT/client/Saved/Config/Windows/Engine.ini]
[2022.03.09-11.24.49:206][  0]LogConfig: Applying CVar settings from Section [/Script/UnrealEd.CookerSettings] File [C:/Users/minjoo.kim/Desktop/chat/2022_CHAT_CLIENT/client/Saved/Config/Windows/Engine.ini]
[2022.03.09-11.24.49:211][  0]LogConfig: Applying CVar settings from Section [ViewDistanceQuality@3] File [C:/Users/minjoo.kim/Desktop/chat/2022_CHAT_CLIENT/client/Saved/Config/Windows/Scalability.ini]
[2022.03.09-11.24.49:211][  0]LogConfig: Setting CVar [[r.SkeletalMeshLODBias:0]]
[2022.03.09-11.24.49:211][  0]LogConfig: Setting CVar [[r.ViewDistanceScale:1.0]]
[2022.03.09-11.24.49:211][  0]LogConfig: Applying CVar settings from Section [AntiAliasingQuality@3] File [C:/Users/minjoo.kim/Desktop/chat/2022_CHAT_CLIENT/client/Saved/Config/Windows/Scalability.ini]
[2022.03.09-11.24.49:211][  0]LogConfig: Setting CVar [[r.PostProcessAAQuality:4]]
[2022.03.09-11.24.49:211][  0]LogConfig: Applying CVar settings from Section [ShadowQuality@3] File [C:/Users/minjoo.kim/Desktop/chat/2022_CHAT_CLIENT/client/Saved/Config/Windows/Scalability.ini]
[2022.03.09-11.24.49:211][  0]LogConfig: Setting CVar [[r.LightFunctionQuality:1]]
[2022.03.09-11.24.49:211][  0]LogConfig: Setting CVar [[r.ShadowQuality:5]]
[2022.03.09-11.24.49:211][  0]LogConfig: Setting CVar [[r.Shadow.CSM.MaxCascades:10]]
[2022.03.09-11.24.49:211][  0]LogConfig: Setting CVar [[r.Shadow.MaxResolution:2048]]
[2022.03.09-11.24.49:211][  0]LogConfig: Setting CVar [[r.Shadow.MaxCSMResolution:2048]]
[2022.03.09-11.24.49:211][  0]LogConfig: Setting CVar [[r.Shadow.RadiusThreshold:0.01]]
[2022.03.09-11.24.49:211][  0]LogConfig: Setting CVar [[r.Shadow.DistanceScale:1.0]]
[2022.03.09-11.24.49:211][  0]LogConfig: Setting CVar [[r.Shadow.CSM.TransitionScale:1.0]]
[2022.03.09-11.24.49:211][  0]LogConfig: Setting CVar [[r.Shadow.PreShadowResolutionFactor:1.0]]
[2022.03.09-11.24.49:211][  0]LogConfig: Setting CVar [[r.DistanceFieldShadowing:1]]
[2022.03.09-11.24.49:211][  0]LogConfig: Setting CVar [[r.DistanceFieldAO:1]]
[2022.03.09-11.24.49:212][  0]LogConfig: Setting CVar [[r.AOQuality:2]]
[2022.03.09-11.24.49:212][  0]LogConfig: Setting CVar [[r.VolumetricFog:1]]
[2022.03.09-11.24.49:212][  0]LogConfig: Setting CVar [[r.VolumetricFog.GridPixelSize:8]]
[2022.03.09-11.24.49:212][  0]LogConfig: Setting CVar [[r.VolumetricFog.GridSizeZ:128]]
[2022.03.09-11.24.49:212][  0]LogConfig: Setting CVar [[r.VolumetricFog.HistoryMissSupersampleCount:4]]
[2022.03.09-11.24.49:212][  0]LogConfig: Setting CVar [[r.LightMaxDrawDistanceScale:1]]
[2022.03.09-11.24.49:212][  0]LogConfig: Setting CVar [[r.CapsuleShadows:1]]
[2022.03.09-11.24.49:212][  0]LogConfig: Applying CVar settings from Section [PostProcessQuality@3] File [C:/Users/minjoo.kim/Desktop/chat/2022_CHAT_CLIENT/client/Saved/Config/Windows/Scalability.ini]
[2022.03.09-11.24.49:212][  0]LogConfig: Setting CVar [[r.MotionBlurQuality:4]]
[2022.03.09-11.24.49:212][  0]LogConfig: Setting CVar [[r.AmbientOcclusionMipLevelFactor:0.4]]
[2022.03.09-11.24.49:212][  0]LogConfig: Setting CVar [[r.AmbientOcclusionMaxQuality:100]]
[2022.03.09-11.24.49:212][  0]LogConfig: Setting CVar [[r.AmbientOcclusionLevels:-1]]
[2022.03.09-11.24.49:212][  0]LogConfig: Setting CVar [[r.AmbientOcclusionRadiusScale:1.0]]
[2022.03.09-11.24.49:212][  0]LogConfig: Setting CVar [[r.DepthOfFieldQuality:2]]
[2022.03.09-11.24.49:212][  0]LogConfig: Setting CVar [[r.RenderTargetPoolMin:400]]
[2022.03.09-11.24.49:212][  0]LogConfig: Setting CVar [[r.LensFlareQuality:2]]
[2022.03.09-11.24.49:212][  0]LogConfig: Setting CVar [[r.SceneColorFringeQuality:1]]
[2022.03.09-11.24.49:212][  0]LogConfig: Setting CVar [[r.EyeAdaptationQuality:2]]
[2022.03.09-11.24.49:212][  0]LogConfig: Setting CVar [[r.BloomQuality:5]]
[2022.03.09-11.24.49:212][  0]LogConfig: Setting CVar [[r.FastBlurThreshold:100]]
[2022.03.09-11.24.49:212][  0]LogConfig: Setting CVar [[r.Upscale.Quality:3]]
[2022.03.09-11.24.49:212][  0]LogConfig: Setting CVar [[r.Tonemapper.GrainQuantization:1]]
[2022.03.09-11.24.49:212][  0]LogConfig: Setting CVar [[r.LightShaftQuality:1]]
[2022.03.09-11.24.49:212][  0]LogConfig: Setting CVar [[r.Filter.SizeScale:1]]
[2022.03.09-11.24.49:212][  0]LogConfig: Setting CVar [[r.Tonemapper.Quality:5]]
[2022.03.09-11.24.49:212][  0]LogConfig: Setting CVar [[r.DOF.Gather.AccumulatorQuality:1        ; higher gathering accumulator quality]]
[2022.03.09-11.24.49:212][  0]LogConfig: Setting CVar [[r.DOF.Gather.PostfilterMethod:1          ; Median3x3 postfilering method]]
[2022.03.09-11.24.49:213][  0]LogConfig: Setting CVar [[r.DOF.Gather.EnableBokehSettings:0       ; no bokeh simulation when gathering]]
[2022.03.09-11.24.49:213][  0]LogConfig: Setting CVar [[r.DOF.Gather.RingCount:4                 ; medium number of samples when gathering]]
[2022.03.09-11.24.49:213][  0]LogConfig: Setting CVar [[r.DOF.Scatter.ForegroundCompositing:1    ; additive foreground scattering]]
[2022.03.09-11.24.49:213][  0]LogConfig: Setting CVar [[r.DOF.Scatter.BackgroundCompositing:2    ; additive background scattering]]
[2022.03.09-11.24.49:213][  0]LogConfig: Setting CVar [[r.DOF.Scatter.EnableBokehSettings:1      ; bokeh simulation when scattering]]
[2022.03.09-11.24.49:213][  0]LogConfig: Setting CVar [[r.DOF.Scatter.MaxSpriteRatio:0.1         ; only a maximum of 10% of scattered bokeh]]
[2022.03.09-11.24.49:213][  0]LogConfig: Setting CVar [[r.DOF.Recombine.Quality:1                ; cheap slight out of focus]]
[2022.03.09-11.24.49:213][  0]LogConfig: Setting CVar [[r.DOF.Recombine.EnableBokehSettings:0    ; no bokeh simulation on slight out of focus]]
[2022.03.09-11.24.49:213][  0]LogConfig: Setting CVar [[r.DOF.TemporalAAQuality:1                ; more stable temporal accumulation]]
[2022.03.09-11.24.49:213][  0]LogConfig: Setting CVar [[r.DOF.Kernel.MaxForegroundRadius:0.025]]
[2022.03.09-11.24.49:213][  0]LogConfig: Setting CVar [[r.DOF.Kernel.MaxBackgroundRadius:0.025]]
[2022.03.09-11.24.49:213][  0]LogConfig: Applying CVar settings from Section [TextureQuality@3] File [C:/Users/minjoo.kim/Desktop/chat/2022_CHAT_CLIENT/client/Saved/Config/Windows/Scalability.ini]
[2022.03.09-11.24.49:213][  0]LogConfig: Setting CVar [[r.Streaming.MipBias:0]]
[2022.03.09-11.24.49:213][  0]LogConfig: Setting CVar [[r.Streaming.AmortizeCPUToGPUCopy:0]]
[2022.03.09-11.24.49:213][  0]LogConfig: Setting CVar [[r.Streaming.MaxNumTexturesToStreamPerFrame:0]]
[2022.03.09-11.24.49:213][  0]LogConfig: Setting CVar [[r.Streaming.Boost:1]]
[2022.03.09-11.24.49:213][  0]LogConfig: Setting CVar [[r.MaxAnisotropy:8]]
[2022.03.09-11.24.49:213][  0]LogConfig: Setting CVar [[r.VT.MaxAnisotropy:8]]
[2022.03.09-11.24.49:213][  0]LogConfig: Setting CVar [[r.Streaming.LimitPoolSizeToVRAM:0]]
[2022.03.09-11.24.49:213][  0]LogConfig: Setting CVar [[r.Streaming.PoolSize:1000]]
[2022.03.09-11.24.49:213][  0]LogConfig: Setting CVar [[r.Streaming.MaxEffectiveScreenSize:0]]
[2022.03.09-11.24.49:213][  0]LogConfig: Applying CVar settings from Section [EffectsQuality@3] File [C:/Users/minjoo.kim/Desktop/chat/2022_CHAT_CLIENT/client/Saved/Config/Windows/Scalability.ini]
[2022.03.09-11.24.49:213][  0]LogConfig: Setting CVar [[r.TranslucencyLightingVolumeDim:64]]
[2022.03.09-11.24.49:213][  0]LogConfig: Setting CVar [[r.RefractionQuality:2]]
[2022.03.09-11.24.49:213][  0]LogConfig: Setting CVar [[r.SSR.Quality:3]]
[2022.03.09-11.24.49:213][  0]LogConfig: Setting CVar [[r.SSR.HalfResSceneColor:0]]
[2022.03.09-11.24.49:213][  0]LogConfig: Setting CVar [[r.SceneColorFormat:4]]
[2022.03.09-11.24.49:213][  0]LogConfig: Setting CVar [[r.DetailMode:2]]
[2022.03.09-11.24.49:213][  0]LogConfig: Setting CVar [[r.TranslucencyVolumeBlur:1]]
[2022.03.09-11.24.49:214][  0]LogConfig: Setting CVar [[r.MaterialQualityLevel:1 ; High quality]]
[2022.03.09-11.24.49:214][  0]LogConfig: Setting CVar [[r.AnisotropicMaterials:1]]
[2022.03.09-11.24.49:214][  0]LogConfig: Setting CVar [[r.SSS.Scale:1]]
[2022.03.09-11.24.49:214][  0]LogConfig: Setting CVar [[r.SSS.SampleSet:2]]
[2022.03.09-11.24.49:214][  0]LogConfig: Setting CVar [[r.SSS.Quality:1]]
[2022.03.09-11.24.49:214][  0]LogConfig: Setting CVar [[r.SSS.HalfRes:0]]
[2022.03.09-11.24.49:214][  0]LogConfig: Setting CVar [[r.SSGI.Quality:3]]
[2022.03.09-11.24.49:214][  0]LogConfig: Setting CVar [[r.EmitterSpawnRateScale:1.0]]
[2022.03.09-11.24.49:214][  0]LogConfig: Setting CVar [[r.ParticleLightQuality:2]]
[2022.03.09-11.24.49:214][  0]LogConfig: Setting CVar [[r.SkyAtmosphere.AerialPerspectiveLUT.FastApplyOnOpaque:1 ; Always have FastSkyLUT 1 in this case to avoid wrong sky]]
[2022.03.09-11.24.49:214][  0]LogConfig: Setting CVar [[r.SkyAtmosphere.AerialPerspectiveLUT.SampleCountMaxPerSlice:4]]
[2022.03.09-11.24.49:214][  0]LogConfig: Setting CVar [[r.SkyAtmosphere.AerialPerspectiveLUT.DepthResolution:16.0]]
[2022.03.09-11.24.49:214][  0]LogConfig: Setting CVar [[r.SkyAtmosphere.FastSkyLUT:1]]
[2022.03.09-11.24.49:214][  0]LogConfig: Setting CVar [[r.SkyAtmosphere.FastSkyLUT.SampleCountMin:4.0]]
[2022.03.09-11.24.49:214][  0]LogConfig: Setting CVar [[r.SkyAtmosphere.FastSkyLUT.SampleCountMax:128.0]]
[2022.03.09-11.24.49:214][  0]LogConfig: Setting CVar [[r.SkyAtmosphere.SampleCountMin:4.0]]
[2022.03.09-11.24.49:214][  0]LogConfig: Setting CVar [[r.SkyAtmosphere.SampleCountMax:128.0]]
[2022.03.09-11.24.49:214][  0]LogConfig: Setting CVar [[r.SkyAtmosphere.TransmittanceLUT.UseSmallFormat:0]]
[2022.03.09-11.24.49:214][  0]LogConfig: Setting CVar [[r.SkyAtmosphere.TransmittanceLUT.SampleCount:10.0]]
[2022.03.09-11.24.49:214][  0]LogConfig: Setting CVar [[r.SkyAtmosphere.MultiScatteringLUT.SampleCount:15.0]]
[2022.03.09-11.24.49:214][  0]LogConfig: Setting CVar [[r.SkyLight.RealTimeReflectionCapture:1]]
[2022.03.09-11.24.49:214][  0]LogConfig: Applying CVar settings from Section [FoliageQuality@3] File [C:/Users/minjoo.kim/Desktop/chat/2022_CHAT_CLIENT/client/Saved/Config/Windows/Scalability.ini]
[2022.03.09-11.24.49:214][  0]LogConfig: Setting CVar [[foliage.DensityScale:1.0]]
[2022.03.09-11.24.49:214][  0]LogConfig: Setting CVar [[grass.DensityScale:1.0]]
[2022.03.09-11.24.49:214][  0]LogConfig: Applying CVar settings from Section [ShadingQuality@3] File [C:/Users/minjoo.kim/Desktop/chat/2022_CHAT_CLIENT/client/Saved/Config/Windows/Scalability.ini]
[2022.03.09-11.24.49:214][  0]LogConfig: Setting CVar [[r.HairStrands.SkyLighting.IntegrationType:2]]
[2022.03.09-11.24.49:214][  0]LogConfig: Setting CVar [[r.HairStrands.SkyAO.SampleCount:4]]
[2022.03.09-11.24.49:214][  0]LogConfig: Setting CVar [[r.HairStrands.Visibility.MSAA.SamplePerPixel:4]]
[2022.03.09-11.24.49:214][  0]LogInit: Selected Device Profile: [Windows]
[2022.03.09-11.24.49:215][  0]LogInit: Applying CVar settings loaded from the selected device profile: [Windows]
[2022.03.09-11.24.49:215][  0]LogHAL: Display: Platform has ~ 32 GB [34185474048 / 34359738368 / 32], which maps to Largest [LargestMinGB=32, LargerMinGB=12, DefaultMinGB=8, SmallerMinGB=6, SmallestMinGB=0)
[2022.03.09-11.24.49:215][  0]LogInit: Going up to parent DeviceProfile []
[2022.03.09-11.24.49:215][  0]LogConfig: Applying CVar settings from Section [ViewDistanceQuality@3] File [C:/Users/minjoo.kim/Desktop/chat/2022_CHAT_CLIENT/client/Saved/Config/Windows/Scalability.ini]
[2022.03.09-11.24.49:215][  0]LogConfig: Setting CVar [[r.SkeletalMeshLODBias:0]]
[2022.03.09-11.24.49:215][  0]LogConfig: Setting CVar [[r.ViewDistanceScale:1.0]]
[2022.03.09-11.24.49:215][  0]LogConfig: Applying CVar settings from Section [AntiAliasingQuality@3] File [C:/Users/minjoo.kim/Desktop/chat/2022_CHAT_CLIENT/client/Saved/Config/Windows/Scalability.ini]
[2022.03.09-11.24.49:215][  0]LogConfig: Setting CVar [[r.PostProcessAAQuality:4]]
[2022.03.09-11.24.49:215][  0]LogConfig: Applying CVar settings from Section [ShadowQuality@3] File [C:/Users/minjoo.kim/Desktop/chat/2022_CHAT_CLIENT/client/Saved/Config/Windows/Scalability.ini]
[2022.03.09-11.24.49:215][  0]LogConfig: Setting CVar [[r.LightFunctionQuality:1]]
[2022.03.09-11.24.49:215][  0]LogConfig: Setting CVar [[r.ShadowQuality:5]]
[2022.03.09-11.24.49:215][  0]LogConfig: Setting CVar [[r.Shadow.CSM.MaxCascades:10]]
[2022.03.09-11.24.49:215][  0]LogConfig: Setting CVar [[r.Shadow.MaxResolution:2048]]
[2022.03.09-11.24.49:215][  0]LogConfig: Setting CVar [[r.Shadow.MaxCSMResolution:2048]]
[2022.03.09-11.24.49:215][  0]LogConfig: Setting CVar [[r.Shadow.RadiusThreshold:0.01]]
[2022.03.09-11.24.49:215][  0]LogConfig: Setting CVar [[r.Shadow.DistanceScale:1.0]]
[2022.03.09-11.24.49:215][  0]LogConfig: Setting CVar [[r.Shadow.CSM.TransitionScale:1.0]]
[2022.03.09-11.24.49:215][  0]LogConfig: Setting CVar [[r.Shadow.PreShadowResolutionFactor:1.0]]
[2022.03.09-11.24.49:215][  0]LogConfig: Setting CVar [[r.DistanceFieldShadowing:1]]
[2022.03.09-11.24.49:215][  0]LogConfig: Setting CVar [[r.DistanceFieldAO:1]]
[2022.03.09-11.24.49:215][  0]LogConfig: Setting CVar [[r.AOQuality:2]]
[2022.03.09-11.24.49:215][  0]LogConfig: Setting CVar [[r.VolumetricFog:1]]
[2022.03.09-11.24.49:215][  0]LogConfig: Setting CVar [[r.VolumetricFog.GridPixelSize:8]]
[2022.03.09-11.24.49:215][  0]LogConfig: Setting CVar [[r.VolumetricFog.GridSizeZ:128]]
[2022.03.09-11.24.49:215][  0]LogConfig: Setting CVar [[r.VolumetricFog.HistoryMissSupersampleCount:4]]
[2022.03.09-11.24.49:215][  0]LogConfig: Setting CVar [[r.LightMaxDrawDistanceScale:1]]
[2022.03.09-11.24.49:216][  0]LogConfig: Setting CVar [[r.CapsuleShadows:1]]
[2022.03.09-11.24.49:216][  0]LogConfig: Applying CVar settings from Section [PostProcessQuality@3] File [C:/Users/minjoo.kim/Desktop/chat/2022_CHAT_CLIENT/client/Saved/Config/Windows/Scalability.ini]
[2022.03.09-11.24.49:216][  0]LogConfig: Setting CVar [[r.MotionBlurQuality:4]]
[2022.03.09-11.24.49:216][  0]LogConfig: Setting CVar [[r.AmbientOcclusionMipLevelFactor:0.4]]
[2022.03.09-11.24.49:216][  0]LogConfig: Setting CVar [[r.AmbientOcclusionMaxQuality:100]]
[2022.03.09-11.24.49:216][  0]LogConfig: Setting CVar [[r.AmbientOcclusionLevels:-1]]
[2022.03.09-11.24.49:216][  0]LogConfig: Setting CVar [[r.AmbientOcclusionRadiusScale:1.0]]
[2022.03.09-11.24.49:216][  0]LogConfig: Setting CVar [[r.DepthOfFieldQuality:2]]
[2022.03.09-11.24.49:216][  0]LogConfig: Setting CVar [[r.RenderTargetPoolMin:400]]
[2022.03.09-11.24.49:216][  0]LogConfig: Setting CVar [[r.LensFlareQuality:2]]
[2022.03.09-11.24.49:216][  0]LogConfig: Setting CVar [[r.SceneColorFringeQuality:1]]
[2022.03.09-11.24.49:216][  0]LogConfig: Setting CVar [[r.EyeAdaptationQuality:2]]
[2022.03.09-11.24.49:216][  0]LogConfig: Setting CVar [[r.BloomQuality:5]]
[2022.03.09-11.24.49:216][  0]LogConfig: Setting CVar [[r.FastBlurThreshold:100]]
[2022.03.09-11.24.49:216][  0]LogConfig: Setting CVar [[r.Upscale.Quality:3]]
[2022.03.09-11.24.49:216][  0]LogConfig: Setting CVar [[r.Tonemapper.GrainQuantization:1]]
[2022.03.09-11.24.49:216][  0]LogConfig: Setting CVar [[r.LightShaftQuality:1]]
[2022.03.09-11.24.49:216][  0]LogConfig: Setting CVar [[r.Filter.SizeScale:1]]
[2022.03.09-11.24.49:216][  0]LogConfig: Setting CVar [[r.Tonemapper.Quality:5]]
[2022.03.09-11.24.49:216][  0]LogConfig: Setting CVar [[r.DOF.Gather.AccumulatorQuality:1        ; higher gathering accumulator quality]]
[2022.03.09-11.24.49:216][  0]LogConfig: Setting CVar [[r.DOF.Gather.PostfilterMethod:1          ; Median3x3 postfilering method]]
[2022.03.09-11.24.49:216][  0]LogConfig: Setting CVar [[r.DOF.Gather.EnableBokehSettings:0       ; no bokeh simulation when gathering]]
[2022.03.09-11.24.49:216][  0]LogConfig: Setting CVar [[r.DOF.Gather.RingCount:4                 ; medium number of samples when gathering]]
[2022.03.09-11.24.49:216][  0]LogConfig: Setting CVar [[r.DOF.Scatter.ForegroundCompositing:1    ; additive foreground scattering]]
[2022.03.09-11.24.49:216][  0]LogConfig: Setting CVar [[r.DOF.Scatter.BackgroundCompositing:2    ; additive background scattering]]
[2022.03.09-11.24.49:216][  0]LogConfig: Setting CVar [[r.DOF.Scatter.EnableBokehSettings:1      ; bokeh simulation when scattering]]
[2022.03.09-11.24.49:217][  0]LogConfig: Setting CVar [[r.DOF.Scatter.MaxSpriteRatio:0.1         ; only a maximum of 10% of scattered bokeh]]
[2022.03.09-11.24.49:217][  0]LogConfig: Setting CVar [[r.DOF.Recombine.Quality:1                ; cheap slight out of focus]]
[2022.03.09-11.24.49:217][  0]LogConfig: Setting CVar [[r.DOF.Recombine.EnableBokehSettings:0    ; no bokeh simulation on slight out of focus]]
[2022.03.09-11.24.49:217][  0]LogConfig: Setting CVar [[r.DOF.TemporalAAQuality:1                ; more stable temporal accumulation]]
[2022.03.09-11.24.49:217][  0]LogConfig: Setting CVar [[r.DOF.Kernel.MaxForegroundRadius:0.025]]
[2022.03.09-11.24.49:217][  0]LogConfig: Setting CVar [[r.DOF.Kernel.MaxBackgroundRadius:0.025]]
[2022.03.09-11.24.49:217][  0]LogConfig: Applying CVar settings from Section [TextureQuality@3] File [C:/Users/minjoo.kim/Desktop/chat/2022_CHAT_CLIENT/client/Saved/Config/Windows/Scalability.ini]
[2022.03.09-11.24.49:217][  0]LogConfig: Setting CVar [[r.Streaming.MipBias:0]]
[2022.03.09-11.24.49:217][  0]LogConfig: Setting CVar [[r.Streaming.AmortizeCPUToGPUCopy:0]]
[2022.03.09-11.24.49:217][  0]LogConfig: Setting CVar [[r.Streaming.MaxNumTexturesToStreamPerFrame:0]]
[2022.03.09-11.24.49:217][  0]LogConfig: Setting CVar [[r.Streaming.Boost:1]]
[2022.03.09-11.24.49:217][  0]LogConfig: Setting CVar [[r.MaxAnisotropy:8]]
[2022.03.09-11.24.49:217][  0]LogConfig: Setting CVar [[r.VT.MaxAnisotropy:8]]
[2022.03.09-11.24.49:217][  0]LogConfig: Setting CVar [[r.Streaming.LimitPoolSizeToVRAM:0]]
[2022.03.09-11.24.49:217][  0]LogConfig: Setting CVar [[r.Streaming.PoolSize:1000]]
[2022.03.09-11.24.49:217][  0]LogConfig: Setting CVar [[r.Streaming.MaxEffectiveScreenSize:0]]
[2022.03.09-11.24.49:217][  0]LogConfig: Applying CVar settings from Section [EffectsQuality@3] File [C:/Users/minjoo.kim/Desktop/chat/2022_CHAT_CLIENT/client/Saved/Config/Windows/Scalability.ini]
[2022.03.09-11.24.49:217][  0]LogConfig: Setting CVar [[r.TranslucencyLightingVolumeDim:64]]
[2022.03.09-11.24.49:217][  0]LogConfig: Setting CVar [[r.RefractionQuality:2]]
[2022.03.09-11.24.49:217][  0]LogConfig: Setting CVar [[r.SSR.Quality:3]]
[2022.03.09-11.24.49:217][  0]LogConfig: Setting CVar [[r.SSR.HalfResSceneColor:0]]
[2022.03.09-11.24.49:217][  0]LogConfig: Setting CVar [[r.SceneColorFormat:4]]
[2022.03.09-11.24.49:217][  0]LogConfig: Setting CVar [[r.DetailMode:2]]
[2022.03.09-11.24.49:217][  0]LogConfig: Setting CVar [[r.TranslucencyVolumeBlur:1]]
[2022.03.09-11.24.49:218][  0]LogConfig: Setting CVar [[r.MaterialQualityLevel:1 ; High quality]]
[2022.03.09-11.24.49:218][  0]LogConfig: Setting CVar [[r.AnisotropicMaterials:1]]
[2022.03.09-11.24.49:218][  0]LogConfig: Setting CVar [[r.SSS.Scale:1]]
[2022.03.09-11.24.49:218][  0]LogConfig: Setting CVar [[r.SSS.SampleSet:2]]
[2022.03.09-11.24.49:218][  0]LogConfig: Setting CVar [[r.SSS.Quality:1]]
[2022.03.09-11.24.49:218][  0]LogConfig: Setting CVar [[r.SSS.HalfRes:0]]
[2022.03.09-11.24.49:218][  0]LogConfig: Setting CVar [[r.SSGI.Quality:3]]
[2022.03.09-11.24.49:218][  0]LogConfig: Setting CVar [[r.EmitterSpawnRateScale:1.0]]
[2022.03.09-11.24.49:218][  0]LogConfig: Setting CVar [[r.ParticleLightQuality:2]]
[2022.03.09-11.24.49:218][  0]LogConfig: Setting CVar [[r.SkyAtmosphere.AerialPerspectiveLUT.FastApplyOnOpaque:1 ; Always have FastSkyLUT 1 in this case to avoid wrong sky]]
[2022.03.09-11.24.49:218][  0]LogConfig: Setting CVar [[r.SkyAtmosphere.AerialPerspectiveLUT.SampleCountMaxPerSlice:4]]
[2022.03.09-11.24.49:218][  0]LogConfig: Setting CVar [[r.SkyAtmosphere.AerialPerspectiveLUT.DepthResolution:16.0]]
[2022.03.09-11.24.49:218][  0]LogConfig: Setting CVar [[r.SkyAtmosphere.FastSkyLUT:1]]
[2022.03.09-11.24.49:218][  0]LogConfig: Setting CVar [[r.SkyAtmosphere.FastSkyLUT.SampleCountMin:4.0]]
[2022.03.09-11.24.49:218][  0]LogConfig: Setting CVar [[r.SkyAtmosphere.FastSkyLUT.SampleCountMax:128.0]]
[2022.03.09-11.24.49:218][  0]LogConfig: Setting CVar [[r.SkyAtmosphere.SampleCountMin:4.0]]
[2022.03.09-11.24.49:218][  0]LogConfig: Setting CVar [[r.SkyAtmosphere.SampleCountMax:128.0]]
[2022.03.09-11.24.49:218][  0]LogConfig: Setting CVar [[r.SkyAtmosphere.TransmittanceLUT.UseSmallFormat:0]]
[2022.03.09-11.24.49:218][  0]LogConfig: Setting CVar [[r.SkyAtmosphere.TransmittanceLUT.SampleCount:10.0]]
[2022.03.09-11.24.49:218][  0]LogConfig: Setting CVar [[r.SkyAtmosphere.MultiScatteringLUT.SampleCount:15.0]]
[2022.03.09-11.24.49:218][  0]LogConfig: Setting CVar [[r.SkyLight.RealTimeReflectionCapture:1]]
[2022.03.09-11.24.49:218][  0]LogConfig: Applying CVar settings from Section [FoliageQuality@3] File [C:/Users/minjoo.kim/Desktop/chat/2022_CHAT_CLIENT/client/Saved/Config/Windows/Scalability.ini]
[2022.03.09-11.24.49:218][  0]LogConfig: Setting CVar [[foliage.DensityScale:1.0]]
[2022.03.09-11.24.49:218][  0]LogConfig: Setting CVar [[grass.DensityScale:1.0]]
[2022.03.09-11.24.49:218][  0]LogConfig: Applying CVar settings from Section [ShadingQuality@3] File [C:/Users/minjoo.kim/Desktop/chat/2022_CHAT_CLIENT/client/Saved/Config/Windows/Scalability.ini]
[2022.03.09-11.24.49:218][  0]LogConfig: Setting CVar [[r.HairStrands.SkyLighting.IntegrationType:2]]
[2022.03.09-11.24.49:218][  0]LogConfig: Setting CVar [[r.HairStrands.SkyAO.SampleCount:4]]
[2022.03.09-11.24.49:219][  0]LogConfig: Setting CVar [[r.HairStrands.Visibility.MSAA.SamplePerPixel:4]]
[2022.03.09-11.24.49:219][  0]LogConfig: Applying CVar settings from Section [Startup] File [../../../Engine/Config/ConsoleVariables.ini]
[2022.03.09-11.24.49:219][  0]LogConfig: Setting CVar [[net.UseAdaptiveNetUpdateFrequency:0]]
[2022.03.09-11.24.49:219][  0]LogConfig: Setting CVar [[p.chaos.AllowCreatePhysxBodies:1]]
[2022.03.09-11.24.49:219][  0]LogConfig: Setting CVar [[fx.SkipVectorVMBackendOptimizations:1]]
[2022.03.09-11.24.49:219][  0]LogConfig: Applying CVar settings from Section [ConsoleVariables] File [C:/Users/minjoo.kim/Desktop/chat/2022_CHAT_CLIENT/client/Saved/Config/Windows/Engine.ini]
[2022.03.09-11.24.49:219][  0]LogConfig: Applying CVar settings from Section [ConsoleVariables] File [C:/Users/minjoo.kim/Desktop/chat/2022_CHAT_CLIENT/client/Saved/Config/Windows/Editor.ini]
[2022.03.09-11.24.49:219][  0]LogInit: Computer: TG-P2107058
[2022.03.09-11.24.49:219][  0]LogInit: User: minjookim
[2022.03.09-11.24.49:219][  0]LogInit: CPU Page size=4096, Cores=8
[2022.03.09-11.24.49:219][  0]LogInit: High frequency timer resolution =10.000000 MHz
[2022.03.09-11.24.49:219][  0]LogMemory: Memory total: Physical=31.8GB (32GB approx)
[2022.03.09-11.24.49:219][  0]LogMemory: Platform Memory Stats for Windows
[2022.03.09-11.24.49:219][  0]LogMemory: Process Physical Memory: 150.58 MB used, 150.58 MB peak
[2022.03.09-11.24.49:219][  0]LogMemory: Process Virtual Memory: 129.77 MB used, 129.77 MB peak
[2022.03.09-11.24.49:219][  0]LogMemory: Physical Memory: 13697.68 MB used,  18904.13 MB free, 32601.81 MB total
[2022.03.09-11.24.49:219][  0]LogMemory: Virtual Memory: 134167344.00 MB used,  50381.48 MB free, 134217728.00 MB total
[2022.03.09-11.24.49:227][  0]LogWindows: WindowsPlatformFeatures enabled
[2022.03.09-11.24.49:327][  0]LogInit: Physics initialised using underlying interface: PhysX
[2022.03.09-11.24.49:327][  0]LogInit: Using OS detected language (ko-KR).
[2022.03.09-11.24.49:327][  0]LogInit: Using OS detected locale (ko-KR).
[2022.03.09-11.24.49:330][  0]LogTextLocalizationManager: No specific localization for 'ko-KR' exists, so the 'ko' localization will be used.
[2022.03.09-11.24.49:424][  0]LogInit: Setting process to per monitor DPI aware
[2022.03.09-11.24.49:458][  0]LogWindowsTextInputMethodSystem: Display: IME system deactivated.
[2022.03.09-11.24.49:471][  0]LogSlate: New Slate User Created.  User Index 0, Is Virtual User: 0
[2022.03.09-11.24.49:471][  0]LogSlate: Slate User Registered.  User Index 0, Is Virtual User: 0
[2022.03.09-11.24.49:603][  0]LogD3D11RHI: Loaded GFSDK_Aftermath_Lib.x64.dll
[2022.03.09-11.24.49:607][  0]LogHMD: Failed to initialize OpenVR with code 110
[2022.03.09-11.24.49:607][  0]LogD3D11RHI: D3D11 min allowed feature level: 11_0
[2022.03.09-11.24.49:607][  0]LogD3D11RHI: D3D11 max allowed feature level: 11_0
[2022.03.09-11.24.49:607][  0]LogD3D11RHI: D3D11 adapters:
[2022.03.09-11.24.49:725][  0]LogD3D11RHI:    0. 'NVIDIA GeForce RTX 2060' (Feature Level 11_0)
[2022.03.09-11.24.49:726][  0]LogD3D11RHI:       5980/0/16300 MB DedicatedVideo/DedicatedSystem/SharedSystem, Outputs:1, VendorId:0x10de
[2022.03.09-11.24.49:730][  0]LogD3D11RHI:    1. 'Microsoft Basic Render Driver' (Feature Level 11_0)
[2022.03.09-11.24.49:730][  0]LogD3D11RHI:       0/0/16300 MB DedicatedVideo/DedicatedSystem/SharedSystem, Outputs:0, VendorId:0x1414
[2022.03.09-11.24.49:805][  0]LogD3D11RHI:    2. 'NVIDIA GeForce RTX 2060' (Feature Level 11_0)
[2022.03.09-11.24.49:805][  0]LogD3D11RHI:       5980/0/16300 MB DedicatedVideo/DedicatedSystem/SharedSystem, Outputs:0, VendorId:0x10de
[2022.03.09-11.24.49:805][  0]LogD3D11RHI: Chosen D3D11 Adapter:
[2022.03.09-11.24.49:805][  0]LogD3D11RHI:     Description : NVIDIA GeForce RTX 2060
[2022.03.09-11.24.49:805][  0]LogD3D11RHI:     VendorId    : 10de
[2022.03.09-11.24.49:806][  0]LogD3D11RHI:     DeviceId    : 1f08
[2022.03.09-11.24.49:806][  0]LogD3D11RHI:     SubSysId    : 152719da
[2022.03.09-11.24.49:806][  0]LogD3D11RHI:     Revision    : 00a1
[2022.03.09-11.24.49:806][  0]LogD3D11RHI:     DedicatedVideoMemory : 6270484480 bytes
[2022.03.09-11.24.49:806][  0]LogD3D11RHI:     DedicatedSystemMemory : 0 bytes
[2022.03.09-11.24.49:806][  0]LogD3D11RHI:     SharedSystemMemory : 17092737024 bytes
[2022.03.09-11.24.49:806][  0]LogD3D11RHI:     AdapterLuid : 0 49222
[2022.03.09-11.24.49:810][  0]LogD3D11RHI: Creating new Direct3DDevice
[2022.03.09-11.24.49:810][  0]LogD3D11RHI:     GPU DeviceId: 0x1f08 (for the marketing name, search the web for "GPU Device Id")
[2022.03.09-11.24.49:810][  0]LogWindows: EnumDisplayDevices:
[2022.03.09-11.24.49:810][  0]LogWindows:    0. 'Microsoft Remote Display Adapter' (P:1 D:1)
[2022.03.09-11.24.49:810][  0]LogWindows:    1. 'Microsoft Remote Display Adapter' (P:0 D:0)
[2022.03.09-11.24.49:810][  0]LogWindows:    2. 'Microsoft Remote Display Adapter' (P:0 D:0)
[2022.03.09-11.24.49:810][  0]LogWindows:    3. 'Microsoft Remote Display Adapter' (P:0 D:0)
[2022.03.09-11.24.49:811][  0]LogWindows:    4. 'Microsoft Remote Display Adapter' (P:0 D:0)
[2022.03.09-11.24.49:811][  0]LogWindows:    5. 'Microsoft Remote Display Adapter' (P:0 D:0)
[2022.03.09-11.24.49:811][  0]LogWindows:    6. 'Microsoft Remote Display Adapter' (P:0 D:0)
[2022.03.09-11.24.49:811][  0]LogWindows:    7. 'Microsoft Remote Display Adapter' (P:0 D:0)
[2022.03.09-11.24.49:811][  0]LogWindows:    8. 'Microsoft Remote Display Adapter' (P:0 D:0)
[2022.03.09-11.24.49:811][  0]LogWindows:    9. 'Microsoft Remote Display Adapter' (P:0 D:0)
[2022.03.09-11.24.49:811][  0]LogWindows:    10. 'Microsoft Remote Display Adapter' (P:0 D:0)
[2022.03.09-11.24.49:811][  0]LogWindows:    11. 'Microsoft Remote Display Adapter' (P:0 D:0)
[2022.03.09-11.24.49:811][  0]LogWindows:    12. 'Microsoft Remote Display Adapter' (P:0 D:0)
[2022.03.09-11.24.49:811][  0]LogWindows:    13. 'Microsoft Remote Display Adapter' (P:0 D:0)
[2022.03.09-11.24.49:811][  0]LogWindows:    14. 'Microsoft Remote Display Adapter' (P:0 D:0)
[2022.03.09-11.24.49:812][  0]LogWindows:    15. 'Microsoft Remote Display Adapter' (P:0 D:0)
[2022.03.09-11.24.49:812][  0]LogWindows: DebugString: PrimaryDriverLocationFailed PrimaryDriverLocationFailed PrimaryDriverLocationFailed PrimaryDriverLocationFailed PrimaryDriverLocationFailed PrimaryDriverLocationFailed PrimaryDriverLocationFailed PrimaryDriverLocationFailed PrimaryDriverLocationFailed PrimaryDriverLocationFailed PrimaryDriverLocationFailed PrimaryDriverLocationFailed PrimaryDriverLocationFailed PrimaryDriverLocationFailed PrimaryDriverLocationFailed PrimaryDriverLocationFailed FoundDriverCount:0 
[2022.03.09-11.24.49:812][  0]LogD3D11RHI:     Adapter Name: NVIDIA GeForce RTX 2060
[2022.03.09-11.24.49:812][  0]LogD3D11RHI:   Driver Version: Unknown (internal:Unknown, unified:Unknown)
[2022.03.09-11.24.49:812][  0]LogD3D11RHI:      Driver Date: Unknown
[2022.03.09-11.24.49:812][  0]LogRHI: Texture pool is 4186 MB (70% of 5980 MB)
[2022.03.09-11.24.49:812][  0]LogD3D11RHI: Creating D3DDevice using adapter:
[2022.03.09-11.24.49:812][  0]LogD3D11RHI:     Description : NVIDIA GeForce RTX 2060
[2022.03.09-11.24.49:812][  0]LogD3D11RHI:     VendorId    : 10de
[2022.03.09-11.24.49:812][  0]LogD3D11RHI:     DeviceId    : 1f08
[2022.03.09-11.24.49:812][  0]LogD3D11RHI:     SubSysId    : 152719da
[2022.03.09-11.24.49:812][  0]LogD3D11RHI:     Revision    : 00a1
[2022.03.09-11.24.49:812][  0]LogD3D11RHI:     DedicatedVideoMemory : 6270484480 bytes
[2022.03.09-11.24.49:812][  0]LogD3D11RHI:     DedicatedSystemMemory : 0 bytes
[2022.03.09-11.24.49:812][  0]LogD3D11RHI:     SharedSystemMemory : 17092737024 bytes
[2022.03.09-11.24.49:812][  0]LogD3D11RHI:     AdapterLuid : 0 49222
[2022.03.09-11.24.49:885][  0]LogD3D11RHI: RHI has support for 64 bit atomics
[2022.03.09-11.24.49:885][  0]LogD3D11RHI: Async texture creation enabled
[2022.03.09-11.24.49:885][  0]LogD3D11RHI: Array index from any shader is supported
[2022.03.09-11.24.49:900][  0]LogD3D11RHI: GPU Timing Frequency: 1000.000000 (Debug: 2 1)
[2022.03.09-11.24.49:927][  0]LogRHI: GeForceNow SDK initialized: 1
[2022.03.09-11.24.50:171][  0]LogTargetPlatformManager: Display: Loaded TargetPlatform 'AllDesktop'
[2022.03.09-11.24.50:188][  0]LogTargetPlatformManager: Display: Loaded TargetPlatform 'Android'
[2022.03.09-11.24.50:188][  0]LogTargetPlatformManager: Display: Loaded TargetPlatform 'Android_ASTC'
[2022.03.09-11.24.50:188][  0]LogTargetPlatformManager: Display: Loaded TargetPlatform 'Android_DXT'
[2022.03.09-11.24.50:188][  0]LogTargetPlatformManager: Display: Loaded TargetPlatform 'Android_ETC2'
[2022.03.09-11.24.50:188][  0]LogTargetPlatformManager: Display: Loaded TargetPlatform 'AndroidClient'
[2022.03.09-11.24.50:188][  0]LogTargetPlatformManager: Display: Loaded TargetPlatform 'Android_ASTCClient'
[2022.03.09-11.24.50:188][  0]LogTargetPlatformManager: Display: Loaded TargetPlatform 'Android_DXTClient'
[2022.03.09-11.24.50:188][  0]LogTargetPlatformManager: Display: Loaded TargetPlatform 'Android_ETC2Client'
[2022.03.09-11.24.50:188][  0]LogTargetPlatformManager: Display: Loaded TargetPlatform 'Android_Multi'
[2022.03.09-11.24.50:189][  0]LogTargetPlatformManager: Display: Loaded TargetPlatform 'Android_MultiClient'
[2022.03.09-11.24.50:209][  0]LogTargetPlatformManager: Display: Loaded TargetPlatform 'IOSClient'
[2022.03.09-11.24.50:209][  0]LogTargetPlatformManager: Display: Loaded TargetPlatform 'IOS'
[2022.03.09-11.24.50:217][  0]LogTargetPlatformManager: Display: Loaded TargetPlatform 'Linux'
[2022.03.09-11.24.50:221][  0]LogTargetPlatformManager: Display: Loaded TargetPlatform 'LinuxNoEditor'
[2022.03.09-11.24.50:226][  0]LogTargetPlatformManager: Display: Loaded TargetPlatform 'LinuxClient'
[2022.03.09-11.24.50:231][  0]LogTargetPlatformManager: Display: Loaded TargetPlatform 'LinuxServer'
[2022.03.09-11.24.50:238][  0]LogTargetPlatformManager: Display: Loaded TargetPlatform 'LinuxAArch64NoEditor'
[2022.03.09-11.24.50:243][  0]LogTargetPlatformManager: Display: Loaded TargetPlatform 'LinuxAArch64Client'
[2022.03.09-11.24.50:248][  0]LogTargetPlatformManager: Display: Loaded TargetPlatform 'LinuxAArch64Server'
[2022.03.09-11.24.50:265][  0]LogTargetPlatformManager: Display: Loaded TargetPlatform 'Lumin'
[2022.03.09-11.24.50:265][  0]LogTargetPlatformManager: Display: Loaded TargetPlatform 'LuminClient'
[2022.03.09-11.24.50:273][  0]LogTargetPlatformManager: Display: Loaded TargetPlatform 'MacNoEditor'
[2022.03.09-11.24.50:277][  0]LogTargetPlatformManager: Display: Loaded TargetPlatform 'Mac'
[2022.03.09-11.24.50:282][  0]LogTargetPlatformManager: Display: Loaded TargetPlatform 'MacClient'
[2022.03.09-11.24.50:287][  0]LogTargetPlatformManager: Display: Loaded TargetPlatform 'MacServer'
[2022.03.09-11.24.50:295][  0]LogTargetPlatformManager: Display: Loaded TargetPlatform 'TVOSClient'
[2022.03.09-11.24.50:295][  0]LogTargetPlatformManager: Display: Loaded TargetPlatform 'TVOS'
[2022.03.09-11.24.50:302][  0]LogTargetPlatformManager: Display: Loaded TargetPlatform 'WindowsNoEditor'
[2022.03.09-11.24.50:307][  0]LogTargetPlatformManager: Display: Loaded TargetPlatform 'Windows'
[2022.03.09-11.24.50:312][  0]LogTargetPlatformManager: Display: Loaded TargetPlatform 'WindowsClient'
[2022.03.09-11.24.50:317][  0]LogTargetPlatformManager: Display: Loaded TargetPlatform 'WindowsServer'
[2022.03.09-11.24.50:317][  0]LogTargetPlatformManager: Display: Building Assets For Windows
[2022.03.09-11.24.50:329][  0]LogAudioDebug: Display: Lib vorbis DLL was dynamically loaded.
[2022.03.09-11.24.50:366][  0]LogTextureFormatOodle: Display: Oodle Texture 2.9.0 init RDO Off
[2022.03.09-11.24.50:413][  0]LogRendererCore: Ray tracing is disabled. Reason: r.RayTracing=0.
[2022.03.09-11.24.50:413][  0]LogShaderCompilers: Guid format shader working directory is -21 characters bigger than the processId version (../../../../../../Users/minjoo.kim/Desktop/chat/2022_CHAT_CLIENT/client/Intermediate/Shaders/WorkingDirectory/15616/).
[2022.03.09-11.24.50:413][  0]LogShaderCompilers: Cleaned the shader compiler working directory 'C:/Users/minjoo.kim/AppData/Local/Temp/UnrealShaderWorkingDir/6FFA02DE45F594E054498BA76B8817CB/'.
[2022.03.09-11.24.50:414][  0]LogXGEController: Cannot use XGE Controller as Incredibuild is not installed on this machine.
[2022.03.09-11.24.50:414][  0]LogShaderCompilers: Cannot use XGE Shader Compiler as Incredibuild is not installed on this machine.
[2022.03.09-11.24.50:414][  0]LogShaderCompilers: Display: Using Local Shader Compiler.
[2022.03.09-11.24.50:974][  0]LogDerivedDataCache: Display: Max Cache Size: 512 MB
[2022.03.09-11.24.51:013][  0]LogDerivedDataCache: Loaded boot cache 0.04s 94MB C:/Users/minjoo.kim/AppData/Local/UnrealEngine/4.27/DerivedDataCache/Boot.ddc.
[2022.03.09-11.24.51:014][  0]LogDerivedDataCache: Display: Loaded Boot cache: C:/Users/minjoo.kim/AppData/Local/UnrealEngine/4.27/DerivedDataCache/Boot.ddc
[2022.03.09-11.24.51:014][  0]LogDerivedDataCache: FDerivedDataBackendGraph:  Pak pak cache file ../../../../../../Users/minjoo.kim/Desktop/chat/2022_CHAT_CLIENT/client/DerivedDataCache/DDC.ddp not found, will not use a pak cache.
[2022.03.09-11.24.51:014][  0]LogDerivedDataCache: Unable to find inner node Pak for hierarchical cache Hierarchy.
[2022.03.09-11.24.51:014][  0]LogDerivedDataCache: FDerivedDataBackendGraph:  CompressedPak pak cache file ../../../../../../Users/minjoo.kim/Desktop/chat/2022_CHAT_CLIENT/client/DerivedDataCache/Compressed.ddp not found, will not use a pak cache.
[2022.03.09-11.24.51:014][  0]LogDerivedDataCache: Unable to find inner node CompressedPak for hierarchical cache Hierarchy.
[2022.03.09-11.24.51:027][  0]LogDerivedDataCache: Display: Pak cache opened for reading ../../../Engine/DerivedDataCache/Compressed.ddp.
[2022.03.09-11.24.51:027][  0]LogDerivedDataCache: FDerivedDataBackendGraph:  EnterprisePak pak cache file ../../../Enterprise/DerivedDataCache/Compressed.ddp not found, will not use a pak cache.
[2022.03.09-11.24.51:027][  0]LogDerivedDataCache: Unable to find inner node EnterprisePak for hierarchical cache Hierarchy.
[2022.03.09-11.24.51:036][  0]LogDerivedDataCache: Speed tests for C:/Users/minjoo.kim/AppData/Local/UnrealEngine/Common/DerivedDataCache took 0.01 seconds
[2022.03.09-11.24.51:036][  0]LogDerivedDataCache: Display: Performance to C:/Users/minjoo.kim/AppData/Local/UnrealEngine/Common/DerivedDataCache: Latency=0.01ms. RandomReadSpeed=750.72MBs, RandomWriteSpeed=126.35MBs. Assigned SpeedClass 'Local'
[2022.03.09-11.24.51:038][  0]LogDerivedDataCache: Using Local data cache path C:/Users/minjoo.kim/AppData/Local/UnrealEngine/Common/DerivedDataCache: Writable
[2022.03.09-11.24.51:038][  0]LogDerivedDataCache: Shared data cache path not found in *engine.ini, will not use an Shared cache.
[2022.03.09-11.24.51:038][  0]LogDerivedDataCache: Unable to find inner node Shared for hierarchical cache Hierarchy.
[2022.03.09-11.24.51:070][  0]LogSlate: Using FreeType 2.10.0
[2022.03.09-11.24.51:070][  0]LogSlate: SlateFontServices - WITH_FREETYPE: 1, WITH_HARFBUZZ: 1
[2022.03.09-11.24.51:092][  0]LogAssetRegistry: FAssetRegistry took 0.0039 seconds to start up
[2022.03.09-11.24.51:269][  0]LogInit: Selected Device Profile: [Windows]
[2022.03.09-11.24.51:270][  0]LogInit: Active device profile: [000001EFDE114D00][000001EFD205B4C0 49] Windows
[2022.03.09-11.24.51:270][  0]LogInit: Profiles: [000001EFDE114D00][000001EFD205B4C0 49] Windows, [000001EFDE0DE300][000001EFD2067640 49] WindowsNoEditor, [000001EFDE115C00][000001EFD20777C0 49] WindowsServer, [000001EFDE0DF100][000001EFD208B940 49] WindowsClient, [000001EFDE116900][000001EFDD771AC0 49] IOS, [000001EFDE0DDA00][000001EFDD7740C0 49] iPadAir, [000001EFDE117E00][000001EFDD778240 49] iPadAir2, [000001EFDE081100][000001EFDEE5C500 49] IPadPro, [000001EFDE081200][000001EFDEE58540 49] iPadAir3, [000001EFDE0DCC00][000001EFDD77C6C0 49] iPadAir4, [000001EFDE081E00][000001EFD205E800 49] iPadMini2, [000001EFDE0DF300][000001EFDD780940 49] iPadMini3, [000001EFDE083900][000001EFDD784A80 49] iPadMini4, [000001EFDE0DD000][000001EFD24D4BC0 49] iPadMini5, [000001EFDE0C0A00][000001EFD24E0E80 49] iPhone6, [000001EFDE0C0B00][000001EFD24DCEC0 49] iPodTouch6, [000001EFDE116D00][000001EFDF24B180 49] iPhone7, [000001EFDE116E00][000001EFD24E91C0 49] iPodTouch7, [000001EFDE083E00][000001EFDF253340 49] iPhone5S, [000001EFDE114E00][000001EFDF2574C0 49] iPhone6Plus, [000001EFDE0C0100][000001EFDF265640 49] iPhone6S, [000001EFDE080300][000001EFDF2697C0 49] iPhone6SPlus, [000001EFDE0C2900][000001EFD1FF3940 49] iPhone7Plus, [000001EFDE082200][000001EFD2001AC0 49] iPhoneSE, [000001EFDE0C2700][000001EFD20040C0 49] iPhone8, [000001EFDE080700][000001EFD2008240 49] iPhone8Plus, [000001EFDE0C3200][000001EFD200C3C0 49] iPhoneX, [000001EFDE115500][000001EFD2010540 49] iPhoneXS, [000001EFDE0C2C00][000001EFD20146C0 49] iPhoneXSMax, [000001EFDE115A00][000001EFD2018840 49] iPhoneXR, [000001EFDE0C0600][000001EFD24D8980 49] iPhone11, [000001EFDE114F00][000001EFD201CAC0 49] iPhone11Pro, [000001EFDE0C1B00][000001EFDEE30C00 49] iPhone11ProMax, [000001EFDE117300][000001EFDEE34D40 49] iPhoneSE2, [000001EFDE0C3B00][000001EFDF046EC0 49] iPhone12Mini, [000001EFDE116300][000001EFDF07F040 49] iPhone12, [000001EFDE0C1000][000001EFDF0831C0 49] iPhone12Pro, [000001EFDE117F00][000001EFDF087340 49] iPhone12ProMax, [000001EFDE0C1600][000001EFDF08F4C0 49] iPadPro105, [000001EFDE114900][000001EFDF093640 49] iPadPro129, [000001EFDE0C3E00][000001EFDF0977C0 49] iPadPro97, [000001EFDE117700][000001EFDF09F940 49] iPadPro2_129, [000001EFDE0C0D00][000001EFDF0A3AC0 49] iPad5, [000001EFDE115F00][000001EFDF0A60C0 49] iPad6, [000001EFDE0C1200][000001EFDEE38240 49] iPad7, [000001EFDE115100][000001EFDEE3C3C0 49] iPad8, [000001EFDE0C0200][000001EFDF09A540 49] iPadPro11, [000001EFDE117200][000001EFDF08A6C0 49] iPadPro2_11, [000001EFDE0C1700][000001EFDEE4C840 49] iPadPro3_129, [000001EFDE117800][000001EFDEE509C0 49] iPadPro4_129, [000001EFDE0C0F00][000001EFDEE54B40 49] AppleTV, [000001EFDE116600][000001EFDF042C80 49] AppleTV4K, [000001EFDE0C2200][000001EFDF24EDC0 49] TVOS, [000001EFDE117B00][000001EFD24ECF00 49] Mac, [000001EFDE0C1400][000001EFD2063080 49] MacClient, [000001EFDE116100][000001EFD206B200 49] MacNoEditor, [000001EFDE0C2F00][000001EFDD729380 49] MacServer, [000001EFDE115000][000001EFDD72D500 49] Linux, [000001EFDE0C1F00][000001EFDD731680 49] LinuxAArch64, [000001EFDE117C00][000001EFDD735800 49] LinuxNoEditor, [000001EFDE0C3300][000001EFDD739980 49] LinuxAArch64NoEditor, [000001EFDE115B00][000001EFDD73DB00 49] LinuxClient, [000001EFDE0C0800][000001EFDD740100 49] LinuxAArch64Client, [000001EFDE115400][000001EFDD744280 49] LinuxServer, [000001EFDE0C1100][000001EFDD748400 49] LinuxAArch64Server, [000001EFDE116F00][000001EFDD74C580 49] Android, [000001EFDE0C2400][000001EFDF218700 49] Android_Low, [000001EFDE117D00][000001EFDF21C880 49] Android_Mid, [000001EFDE0C3900][000001EFDF220A00 49] Android_High, [000001EFDE117400][000001EFDF224B80 49] Android_Default, [000001EFDE0C2A00][000001EFDF228D00 49] Android_Adreno4xx, [000001EFDE114300][000001EFD24E4E40 49] Android_Adreno5xx_Low, [000001EFDE0C3700][000001EFDF22CF80 49] Android_Adreno5xx, [000001EFDE115300][000001EFDF2310C0 49] Android_Adreno6xx, [000001EFDE0DC500][000001EFDF239240 49] Android_Adreno6xx_Vulkan, [000001EFDE081F00][000001EFDF23D3C0 49] Android_Mali_T6xx, [000001EFDE0DC600][000001EFD24A9540 49] Android_Mali_T7xx, [000001EFDE083A00][000001EFD24AD6C0 49] Android_Mali_T8xx, [000001EFDE0DC100][000001EFD24B1840 49] Android_Mali_G71, [000001EFDE083500][000001EFD24B59C0 49] Android_Mali_G72, [000001EFDE0DC400][000001EFD24B9B40 49] Android_Mali_G72_Vulkan, [000001EFDE081800][000001EFD24BC140 49] Android_Mali_G76, [000001EFDE0DF800][000001EFD24C02C0 49] Android_Mali_G76_Vulkan, [000001EFDE082A00][000001EFD24C4440 49] Android_Mali_G77, [000001EFDE0DF200][000001EFD24C85C0 49] Android_Mali_G77_Vulkan, [000001EFDE081600][000001EFD24CC740 49] Android_Mali_G78, [000001EFDE0DE200][000001EFD24D08C0 49] Android_Mali_G78_Vulkan, [000001EFDE080600][000001EFDEFD2A40 49] Android_Mali_G710, [000001EFDE0DC300][000001EFDEFD6BC0 49] Android_Mali_G710_Vulkan, [000001EFDE080200][000001EFDEFDAD40 49] Android_Vulkan_SM5, [000001EFDE0DC200][000001EFDEFDEEC0 49] Android_PowerVR_G6xxx, [000001EFDE082500][000001EFDF235000 49] Android_PowerVR_GT7xxx, [000001EFDE0DE600][000001EFDEFE3140 49] Android_PowerVR_GE8xxx, [000001EFDE081300][000001EFDEFE7280 49] Android_PowerVR_GM9xxx, [000001EFDE0DCD00][000001EFDEFEB3C0 49] Android_PowerVR_GM9xxx_Vulkan, [000001EFDE083D00][000001EFDEFF3540 49] Android_TegraK1, [000001EFDE0DE900][000001EFDEFF76C0 49] Android_Unknown_Vulkan, [000001EFDE083200][000001EFDEFFB840 49] Lumin, [000001EFDE0DCA00][000001EFDEFFF9C0 49] Lumin_Desktop, [000001EFDE083300][000001EFDF003B40 49] HoloLens, 
[2022.03.09-11.24.51:396][  0]LogMeshReduction: Using QuadricMeshReduction for automatic static mesh reduction
[2022.03.09-11.24.51:396][  0]LogMeshReduction: Using SimplygonMeshReduction for automatic skeletal mesh reduction
[2022.03.09-11.24.51:396][  0]LogMeshReduction: Using ProxyLODMeshReduction for automatic mesh merging
[2022.03.09-11.24.51:397][  0]LogMeshReduction: No distributed automatic mesh merging module available
[2022.03.09-11.24.51:397][  0]LogMeshMerging: No distributed automatic mesh merging module available
[2022.03.09-11.24.51:411][  0]LogNetVersion: client 1.0.0, NetCL: 17155196, EngineNetVer: 17, GameNetVer: 0 (Checksum: 356464601)
[2022.03.09-11.24.51:686][  0]LogTexture: Default maximum texture size for cubemaps generated from long-lat sources has been changed from 512 to unlimited. In order to preserve old behaiour for '/Engine/MapTemplates/Sky/DaylightAmbientCubemap.DaylightAmbientCubemap', its maximum texture size has been explicitly set to 512.
[2022.03.09-11.24.51:725][  0]LogHMD: PokeAHoleMaterial loaded successfully
[2022.03.09-11.24.51:729][  0]LogUObjectArray: 17178 objects as part of root set at end of initial load.
[2022.03.09-11.24.51:729][  0]LogUObjectAllocator: 4302048 out of 0 bytes used by permanent object pool.
[2022.03.09-11.24.51:729][  0]LogUObjectArray: CloseDisregardForGC: 0/0 objects in disregard for GC pool
[2022.03.09-11.24.51:969][  0]LogNiagaraDebuggerClient: Niagara Debugger Client Initialized | Session: C4BA413F4FBE2CF62C754095A198E364 | Instance: C44734F44A6E35225E2985960A61AA3F (TG-P2107058-15616).
[2022.03.09-11.24.52:124][  0]LogPython: Using Python 3.7.7
[2022.03.09-11.24.52:479][  0]LogTcpMessaging: Initializing TcpMessaging bridge
[2022.03.09-11.24.52:484][  0]LogUdpMessaging: Initializing bridge on interface 0.0.0.0:0 to multicast group 230.0.0.1:6666.
[2022.03.09-11.24.52:585][  0]LogLinker: Warning: '{FileName}': 파일을 찾을 수 없습니다. 로드에 실패했습니다.
[2022.03.09-11.24.52:586][  0]LogLinker: Warning: '{FileName}': 파일을 찾을 수 없습니다. 로드에 실패했습니다.
[2022.03.09-11.24.52:586][  0]LogUObjectGlobals: Warning: 'Class /Game/ThirdPersonBP/ThirdPersonOverview.ThirdPersonOverview_C' 오브젝트를 찾는 데 실패했습니다.
[2022.03.09-11.24.52:861][  0]SourceControl: 소스 컨트롤이 꺼졌습니다.
[2022.03.09-11.24.52:861][  0]SourceControl: 소스 컨트롤이 꺼졌습니다.
[2022.03.09-11.24.52:896][  0]SourceControl: 소스 컨트롤이 꺼졌습니다.
[2022.03.09-11.24.52:899][  0]SourceControl: 소스 컨트롤이 꺼졌습니다.
[2022.03.09-11.24.52:908][  0]SourceControl: 소스 컨트롤이 꺼졌습니다.
[2022.03.09-11.24.52:915][  0]LogUProjectInfo: Found projects:
[2022.03.09-11.24.52:936][  0]LogOpenImageDenoise: OIDN starting up
[2022.03.09-11.24.52:952][  0]LogAndroidPermission: UAndroidPermissionCallbackProxy::GetInstance
[2022.03.09-11.24.52:977][  0]LogAudioCaptureCore: Display: No Audio Capture implementations found. Audio input will be silent.
[2022.03.09-11.24.52:977][  0]LogAudioCaptureCore: Display: No Audio Capture implementations found. Audio input will be silent.
[2022.03.09-11.24.53:086][  0]LogCollectionManager: Loaded 0 collections in 0.001291 seconds
[2022.03.09-11.24.53:091][  0]LogFileCache: Scanning file cache for directory 'C:/Users/minjoo.kim/Desktop/chat/2022_CHAT_CLIENT/client/Saved/Collections/' took 0.00s
[2022.03.09-11.24.53:091][  0]LogFileCache: Scanning file cache for directory 'C:/Users/minjoo.kim/Desktop/chat/2022_CHAT_CLIENT/client/Content/Developers/minjookim/Collections/' took 0.00s
[2022.03.09-11.24.53:092][  0]LogFileCache: Scanning file cache for directory 'C:/Users/minjoo.kim/Desktop/chat/2022_CHAT_CLIENT/client/Content/Collections/' took 0.00s
[2022.03.09-11.24.53:110][  0]LogOcInput: OculusInput pre-init called
[2022.03.09-11.24.53:294][  0]LogEngine: Initializing Engine...
[2022.03.09-11.24.53:298][  0]LogHMD: Failed to enumerate extensions. Please check that you have a valid OpenXR runtime installed.
[2022.03.09-11.24.53:298][  0]LogHMD: Failed to initialize OpenVR with code 110
[2022.03.09-11.24.53:298][  0]LogMagicLeap: Warning: VR disabled because ZI is not enabled.  To enable, in the editor, Edit -> Project Settings -> Plugins -> Magic Leap Plugin -> Enable Zero Iteration
[2022.03.09-11.24.53:299][  0]LogStats: UGameplayTagsManager::InitializeManager -  0.000 s
[2022.03.09-11.24.53:379][  0]LogInit: Initializing FReadOnlyCVARCache
[2022.03.09-11.24.53:386][  0]LogAIModule: Creating AISystem for world Untitled
[2022.03.09-11.24.53:391][  0]LogAudio: Display: Initializing Audio Device Manager...
[2022.03.09-11.24.53:395][  0]LogAudio: Display: Loading Default Audio Settings Objects...
[2022.03.09-11.24.53:395][  0]LogAudio: Display: No default SoundConcurrencyObject specified (or failed to load).
[2022.03.09-11.24.53:396][  0]LogAudio: Display: Audio Device Manager Initialized
[2022.03.09-11.24.53:396][  0]LogAudio: Display: Creating Audio Device:                 Id: 1, Scope: Shared, Realtime: True
[2022.03.09-11.24.53:396][  0]LogAudioMixer: Display: Audio Mixer Platform Settings:
[2022.03.09-11.24.53:396][  0]LogAudioMixer: Display: 	Sample Rate:						  48000
[2022.03.09-11.24.53:396][  0]LogAudioMixer: Display: 	Callback Buffer Frame Size Requested: 1024
[2022.03.09-11.24.53:396][  0]LogAudioMixer: Display: 	Callback Buffer Frame Size To Use:	  1024
[2022.03.09-11.24.53:396][  0]LogAudioMixer: Display: 	Number of buffers to queue:			  2
[2022.03.09-11.24.53:396][  0]LogAudioMixer: Display: 	Max Channels (voices):				  32
[2022.03.09-11.24.53:396][  0]LogAudioMixer: Display: 	Number of Async Source Workers:		  0
[2022.03.09-11.24.53:396][  0]LogAudio: Display: AudioDevice MaxSources: 32
[2022.03.09-11.24.53:397][  0]LogAudio: Display: Audio Spatialization Plugin: None (built-in).
[2022.03.09-11.24.53:397][  0]LogAudio: Display: Audio Reverb Plugin: None (built-in).
[2022.03.09-11.24.53:397][  0]LogAudio: Display: Audio Occlusion Plugin: None (built-in).
[2022.03.09-11.24.53:397][  0]LogAudioMixer: Display: Initializing audio mixer.
[2022.03.09-11.24.53:410][  0]LogAudioMixer: Display: 0: FrontLeft
[2022.03.09-11.24.53:410][  0]LogAudioMixer: Display: 1: FrontRight
[2022.03.09-11.24.53:444][  0]LogAudioMixer: Display: Using Audio Device 원격 오디오
[2022.03.09-11.24.53:446][  0]LogAudioMixer: Display: Initializing Sound Submixes...
[2022.03.09-11.24.53:448][  0]LogAudioMixer: Display: Creating Master Submix 'MasterSubmixDefault'
[2022.03.09-11.24.53:448][  0]LogAudioMixer: Display: Creating Master Submix 'MasterReverbSubmixDefault'
[2022.03.09-11.24.53:449][  0]LogAudioMixer: Display: Creating Master Submix 'MasterEQSubmixDefault'
[2022.03.09-11.24.53:449][  0]LogAudioMixer: FMixerPlatformXAudio2::StartAudioStream() called
[2022.03.09-11.24.53:449][  0]LogAudioMixer: Display: Output buffers initialized: Frames=1024, Channels=2, Samples=2048
[2022.03.09-11.24.53:450][  0]LogAudioMixer: Display: Starting AudioMixerPlatformInterface::RunInternal()
[2022.03.09-11.24.53:451][  0]LogAudioMixer: Display: FMixerPlatformXAudio2::SubmitBuffer() called for the first time
[2022.03.09-11.24.53:451][  0]LogInit: FAudioDevice initialized.
[2022.03.09-11.24.53:451][  0]LogAudio: Display: Audio Device (ID: 1) registered with world 'Untitled'.
[2022.03.09-11.24.53:451][  0]LogNetVersion: Set ProjectVersion to 1.0.0.0. Version Checksum will be recalculated on next use.
[2022.03.09-11.24.53:486][  0]LogDerivedDataCache: Saved boot cache 0.03s 94MB C:/Users/minjoo.kim/AppData/Local/UnrealEngine/4.27/DerivedDataCache/Boot.ddc.
[2022.03.09-11.24.53:486][  0]LogInit: Texture streaming: Enabled
[2022.03.09-11.24.53:500][  0]LogAnalytics: Display: [UEEditor.Rocket.Release] APIServer = https://datarouter.ol.epicgames.com/. AppVersion = 4.27.2-18319896+++UE4+Release-4.27
[2022.03.09-11.24.53:505][  0]LogEngineSessionManager: EngineSessionManager initialized
[2022.03.09-11.24.53:505][  0]LogEditorSessionSummary: Verbose: Initializing EditorSessionSummaryWriter for editor session tracking
[2022.03.09-11.24.53:509][  0]LogEditorSessionSummary: EditorSessionSummaryWriter initialized
[2022.03.09-11.24.53:535][  0]LogInit: Transaction tracking system initialized
[2022.03.09-11.24.53:557][  0]BlueprintLog: New page: 에디터 로드
[2022.03.09-11.24.53:621][  0]LocalizationService: 현지화 서비스가 비활성화되었습니다.
[2022.03.09-11.24.53:644][  0]TimingProfiler: Initialize
[2022.03.09-11.24.53:644][  0]TimingProfiler: OnSessionChanged
[2022.03.09-11.24.53:645][  0]LoadingProfiler: Initialize
[2022.03.09-11.24.53:645][  0]LoadingProfiler: OnSessionChanged
[2022.03.09-11.24.53:645][  0]NetworkingProfiler: Initialize
[2022.03.09-11.24.53:645][  0]NetworkingProfiler: OnSessionChanged
[2022.03.09-11.24.53:645][  0]MemoryProfiler: Initialize
[2022.03.09-11.24.53:645][  0]MemoryProfiler: OnSessionChanged
[2022.03.09-11.24.53:771][  0]LogCook: Display: CookSettings for Memory: MemoryMaxUsedVirtual 0MiB, MemoryMaxUsedPhysical 16384MiB, MemoryMinFreeVirtual 0MiB, MemoryMinFreePhysical 1024MiB
[2022.03.09-11.24.53:771][  0]LogCook: Display: Mobile HDR setting 1
[2022.03.09-11.24.53:949][  0]LogFileCache: Scanning file cache for directory 'C:/Users/minjoo.kim/Desktop/chat/2022_CHAT_CLIENT/client/Content/' took 0.01s
[2022.03.09-11.24.54:089][  0]LogInit: Display: Engine is initialized. Leaving FEngineLoop::Init()
[2022.03.09-11.24.54:092][  0]SourceControl: 소스 컨트롤이 꺼졌습니다.
[2022.03.09-11.24.54:092][  0]LogUnrealEdMisc: Loading editor; pre map load, took 5.963
[2022.03.09-11.24.54:092][  0]Cmd: MAP LOAD FILE="../../../../../../Users/minjoo.kim/Desktop/chat/2022_CHAT_CLIENT/client/Content/StarterContent/Maps/Minimal_Default.umap" TEMPLATE=0 SHOWPROGRESS=1 FEATURELEVEL=3
[2022.03.09-11.24.54:093][  0]LightingResults: New page: 라이팅 빌드
[2022.03.09-11.24.54:094][  0]LogWorld: UWorld::CleanupWorld for Untitled, bSessionEnded=true, bCleanupResources=true
[2022.03.09-11.24.54:094][  0]LogSlate: InvalidateAllWidgets triggered.  All widgets were invalidated
[2022.03.09-11.24.54:094][  0]MapCheck: New page: 맵 체크
[2022.03.09-11.24.54:094][  0]LightingResults: New page: 라이팅 빌드
[2022.03.09-11.24.54:097][  0]LogAudio: Display: Audio Device unregistered from world 'None'.
[2022.03.09-11.24.54:100][  0]LogUObjectHash: Compacting FUObjectHashTables data took   0.50ms
[2022.03.09-11.24.54:229][  0]LogAudio: Display: Audio Device (ID: 1) registered with world 'Minimal_Default'.
[2022.03.09-11.24.54:230][  0]LogAIModule: Creating AISystem for world Minimal_Default
[2022.03.09-11.24.54:237][  0]LogEditorServer: Finished looking for orphan Actors (0.000 secs)
[2022.03.09-11.24.54:242][  0]LogUObjectHash: Compacting FUObjectHashTables data took   0.59ms
[2022.03.09-11.24.54:242][  0]Cmd: MAP CHECKDEP NOCLEARLOG
[2022.03.09-11.24.54:242][  0]MapCheck: 맵 체크 완료: 오류 0 회, 경고 0 회, 소요 시간 0.09ms.
[2022.03.09-11.24.54:242][  0]LogFileHelpers: Loading map 'Minimal_Default' took 0.149
[2022.03.09-11.24.54:244][  0]LogUnrealEdMisc: Total Editor Startup Time, took 6.114
[2022.03.09-11.24.54:400][  0]LogSlate: Updating window title bar state: overlay mode, drag disabled, window buttons hidden, title bar hidden
[2022.03.09-11.24.54:405][  0]LogSlate: Updating window title bar state: overlay mode, drag disabled, window buttons hidden, title bar hidden
[2022.03.09-11.24.54:409][  0]LogSlate: Updating window title bar state: overlay mode, drag disabled, window buttons hidden, title bar hidden
[2022.03.09-11.24.54:413][  0]LogSlate: Updating window title bar state: overlay mode, drag disabled, window buttons hidden, title bar hidden
[2022.03.09-11.24.54:424][  0]LogNativeClassHierarchy: Verbose: Native class hierarchy populated in 0.0065 seconds. Added 3826 classes and 930 folders.
[2022.03.09-11.24.54:426][  0]LogNativeClassHierarchy: Verbose: Native class hierarchy updated for 'WidgetCarousel' in 0.0002 seconds. Added 0 classes and 0 folders.
[2022.03.09-11.24.54:427][  0]LogPakFile: PakFile PrimaryIndexSize=187
[2022.03.09-11.24.54:427][  0]LogPakFile: PakFile PathHashIndexSize=101
[2022.03.09-11.24.54:427][  0]LogPakFile: PakFile FullDirectoryIndexSize=148
[2022.03.09-11.24.54:427][  0]LogShaderLibrary: Display: ShaderCodeLibraryPakFileMountedCallback: PakFile 'C:/Program Files/Epic Games/UE_4.27/FeaturePacks/FP_FirstPerson.upack' (chunk index -1, root 'root:/') mounted
[2022.03.09-11.24.54:428][  0]LogShaderLibrary: Display: ShaderCodeLibraryPakFileMountedCallback: pending pak file info (ChunkID:-1 Root:root:/ File:C:/Program Files/Epic Games/UE_4.27/FeaturePacks/FP_FirstPerson.upack)
[2022.03.09-11.24.54:428][  0]LogPakFile: OnPakFileMounted2Time == 0.000249
[2022.03.09-11.24.54:428][  0]LogPakFile: PakFile PrimaryIndexSize=189
[2022.03.09-11.24.54:428][  0]LogPakFile: PakFile PathHashIndexSize=101
[2022.03.09-11.24.54:428][  0]LogPakFile: PakFile FullDirectoryIndexSize=152
[2022.03.09-11.24.54:428][  0]LogShaderLibrary: Display: ShaderCodeLibraryPakFileMountedCallback: PakFile 'C:/Program Files/Epic Games/UE_4.27/FeaturePacks/FP_FirstPersonBP.upack' (chunk index -1, root 'root:/') mounted
[2022.03.09-11.24.54:429][  0]LogShaderLibrary: Display: ShaderCodeLibraryPakFileMountedCallback: pending pak file info (ChunkID:-1 Root:root:/ File:C:/Program Files/Epic Games/UE_4.27/FeaturePacks/FP_FirstPersonBP.upack)
[2022.03.09-11.24.54:429][  0]LogPakFile: OnPakFileMounted2Time == 0.000090
[2022.03.09-11.24.54:429][  0]LogPakFile: PakFile PrimaryIndexSize=191
[2022.03.09-11.24.54:429][  0]LogPakFile: PakFile PathHashIndexSize=101
[2022.03.09-11.24.54:429][  0]LogPakFile: PakFile FullDirectoryIndexSize=160
[2022.03.09-11.24.54:429][  0]LogShaderLibrary: Display: ShaderCodeLibraryPakFileMountedCallback: PakFile 'C:/Program Files/Epic Games/UE_4.27/FeaturePacks/MobileStarterContent.upack' (chunk index -1, root 'root:/') mounted
[2022.03.09-11.24.54:429][  0]LogShaderLibrary: Display: ShaderCodeLibraryPakFileMountedCallback: pending pak file info (ChunkID:-1 Root:root:/ File:C:/Program Files/Epic Games/UE_4.27/FeaturePacks/MobileStarterContent.upack)
[2022.03.09-11.24.54:429][  0]LogPakFile: OnPakFileMounted2Time == 0.000083
[2022.03.09-11.24.54:430][  0]LogPakFile: PakFile PrimaryIndexSize=185
[2022.03.09-11.24.54:430][  0]LogPakFile: PakFile PathHashIndexSize=101
[2022.03.09-11.24.54:430][  0]LogPakFile: PakFile FullDirectoryIndexSize=148
[2022.03.09-11.24.54:430][  0]LogShaderLibrary: Display: ShaderCodeLibraryPakFileMountedCallback: PakFile 'C:/Program Files/Epic Games/UE_4.27/FeaturePacks/StarterContent.upack' (chunk index -1, root 'root:/') mounted
[2022.03.09-11.24.54:430][  0]LogShaderLibrary: Display: ShaderCodeLibraryPakFileMountedCallback: pending pak file info (ChunkID:-1 Root:root:/ File:C:/Program Files/Epic Games/UE_4.27/FeaturePacks/StarterContent.upack)
[2022.03.09-11.24.54:430][  0]LogPakFile: OnPakFileMounted2Time == 0.000083
[2022.03.09-11.24.54:430][  0]LogPakFile: PakFile PrimaryIndexSize=190
[2022.03.09-11.24.54:430][  0]LogPakFile: PakFile PathHashIndexSize=101
[2022.03.09-11.24.54:430][  0]LogPakFile: PakFile FullDirectoryIndexSize=154
[2022.03.09-11.24.54:430][  0]LogShaderLibrary: Display: ShaderCodeLibraryPakFileMountedCallback: PakFile 'C:/Program Files/Epic Games/UE_4.27/FeaturePacks/TP_2DSideScroller.upack' (chunk index -1, root 'root:/') mounted
[2022.03.09-11.24.54:430][  0]LogShaderLibrary: Display: ShaderCodeLibraryPakFileMountedCallback: pending pak file info (ChunkID:-1 Root:root:/ File:C:/Program Files/Epic Games/UE_4.27/FeaturePacks/TP_2DSideScroller.upack)
[2022.03.09-11.24.54:430][  0]LogPakFile: OnPakFileMounted2Time == 0.000080
[2022.03.09-11.24.54:431][  0]LogPakFile: PakFile PrimaryIndexSize=192
[2022.03.09-11.24.54:431][  0]LogPakFile: PakFile PathHashIndexSize=101
[2022.03.09-11.24.54:431][  0]LogPakFile: PakFile FullDirectoryIndexSize=158
[2022.03.09-11.24.54:431][  0]LogShaderLibrary: Display: ShaderCodeLibraryPakFileMountedCallback: PakFile 'C:/Program Files/Epic Games/UE_4.27/FeaturePacks/TP_2DSideScrollerBP.upack' (chunk index -1, root 'root:/') mounted
[2022.03.09-11.24.54:431][  0]LogShaderLibrary: Display: ShaderCodeLibraryPakFileMountedCallback: pending pak file info (ChunkID:-1 Root:root:/ File:C:/Program Files/Epic Games/UE_4.27/FeaturePacks/TP_2DSideScrollerBP.upack)
[2022.03.09-11.24.54:431][  0]LogPakFile: OnPakFileMounted2Time == 0.000115
[2022.03.09-11.24.54:431][  0]LogPakFile: PakFile PrimaryIndexSize=182
[2022.03.09-11.24.54:431][  0]LogPakFile: PakFile PathHashIndexSize=101
[2022.03.09-11.24.54:432][  0]LogPakFile: PakFile FullDirectoryIndexSize=138
[2022.03.09-11.24.54:432][  0]LogShaderLibrary: Display: ShaderCodeLibraryPakFileMountedCallback: PakFile 'C:/Program Files/Epic Games/UE_4.27/FeaturePacks/TP_Flying.upack' (chunk index -1, root 'root:/') mounted
[2022.03.09-11.24.54:432][  0]LogShaderLibrary: Display: ShaderCodeLibraryPakFileMountedCallback: pending pak file info (ChunkID:-1 Root:root:/ File:C:/Program Files/Epic Games/UE_4.27/FeaturePacks/TP_Flying.upack)
[2022.03.09-11.24.54:432][  0]LogPakFile: OnPakFileMounted2Time == 0.000239
[2022.03.09-11.24.54:432][  0]LogPakFile: PakFile PrimaryIndexSize=184
[2022.03.09-11.24.54:432][  0]LogPakFile: PakFile PathHashIndexSize=101
[2022.03.09-11.24.54:432][  0]LogPakFile: PakFile FullDirectoryIndexSize=142
[2022.03.09-11.24.54:432][  0]LogShaderLibrary: Display: ShaderCodeLibraryPakFileMountedCallback: PakFile 'C:/Program Files/Epic Games/UE_4.27/FeaturePacks/TP_FlyingBP.upack' (chunk index -1, root 'root:/') mounted
[2022.03.09-11.24.54:433][  0]LogShaderLibrary: Display: ShaderCodeLibraryPakFileMountedCallback: pending pak file info (ChunkID:-1 Root:root:/ File:C:/Program Files/Epic Games/UE_4.27/FeaturePacks/TP_FlyingBP.upack)
[2022.03.09-11.24.54:433][  0]LogPakFile: OnPakFileMounted2Time == 0.000156
[2022.03.09-11.24.54:433][  0]LogPakFile: PakFile PrimaryIndexSize=188
[2022.03.09-11.24.54:433][  0]LogPakFile: PakFile PathHashIndexSize=101
[2022.03.09-11.24.54:433][  0]LogPakFile: PakFile FullDirectoryIndexSize=150
[2022.03.09-11.24.54:433][  0]LogShaderLibrary: Display: ShaderCodeLibraryPakFileMountedCallback: PakFile 'C:/Program Files/Epic Games/UE_4.27/FeaturePacks/TP_HandheldARBP.upack' (chunk index -1, root 'root:/') mounted
[2022.03.09-11.24.54:433][  0]LogShaderLibrary: Display: ShaderCodeLibraryPakFileMountedCallback: pending pak file info (ChunkID:-1 Root:root:/ File:C:/Program Files/Epic Games/UE_4.27/FeaturePacks/TP_HandheldARBP.upack)
[2022.03.09-11.24.54:433][  0]LogPakFile: OnPakFileMounted2Time == 0.000087
[2022.03.09-11.24.54:434][  0]LogPakFile: PakFile PrimaryIndexSize=182
[2022.03.09-11.24.54:434][  0]LogPakFile: PakFile PathHashIndexSize=101
[2022.03.09-11.24.54:434][  0]LogPakFile: PakFile FullDirectoryIndexSize=138
[2022.03.09-11.24.54:434][  0]LogShaderLibrary: Display: ShaderCodeLibraryPakFileMountedCallback: PakFile 'C:/Program Files/Epic Games/UE_4.27/FeaturePacks/TP_Puzzle.upack' (chunk index -1, root 'root:/') mounted
[2022.03.09-11.24.54:434][  0]LogShaderLibrary: Display: ShaderCodeLibraryPakFileMountedCallback: pending pak file info (ChunkID:-1 Root:root:/ File:C:/Program Files/Epic Games/UE_4.27/FeaturePacks/TP_Puzzle.upack)
[2022.03.09-11.24.54:435][  0]LogPakFile: OnPakFileMounted2Time == 0.000162
[2022.03.09-11.24.54:435][  0]LogPakFile: PakFile PrimaryIndexSize=184
[2022.03.09-11.24.54:435][  0]LogPakFile: PakFile PathHashIndexSize=101
[2022.03.09-11.24.54:435][  0]LogPakFile: PakFile FullDirectoryIndexSize=142
[2022.03.09-11.24.54:435][  0]LogShaderLibrary: Display: ShaderCodeLibraryPakFileMountedCallback: PakFile 'C:/Program Files/Epic Games/UE_4.27/FeaturePacks/TP_PuzzleBP.upack' (chunk index -1, root 'root:/') mounted
[2022.03.09-11.24.54:435][  0]LogShaderLibrary: Display: ShaderCodeLibraryPakFileMountedCallback: pending pak file info (ChunkID:-1 Root:root:/ File:C:/Program Files/Epic Games/UE_4.27/FeaturePacks/TP_PuzzleBP.upack)
[2022.03.09-11.24.54:435][  0]LogPakFile: OnPakFileMounted2Time == 0.000169
[2022.03.09-11.24.54:436][  0]LogPakFile: PakFile PrimaryIndexSize=183
[2022.03.09-11.24.54:436][  0]LogPakFile: PakFile PathHashIndexSize=101
[2022.03.09-11.24.54:436][  0]LogPakFile: PakFile FullDirectoryIndexSize=140
[2022.03.09-11.24.54:436][  0]LogShaderLibrary: Display: ShaderCodeLibraryPakFileMountedCallback: PakFile 'C:/Program Files/Epic Games/UE_4.27/FeaturePacks/TP_Rolling.upack' (chunk index -1, root 'root:/') mounted
[2022.03.09-11.24.54:436][  0]LogShaderLibrary: Display: ShaderCodeLibraryPakFileMountedCallback: pending pak file info (ChunkID:-1 Root:root:/ File:C:/Program Files/Epic Games/UE_4.27/FeaturePacks/TP_Rolling.upack)
[2022.03.09-11.24.54:436][  0]LogPakFile: OnPakFileMounted2Time == 0.000118
[2022.03.09-11.24.54:437][  0]LogPakFile: PakFile PrimaryIndexSize=185
[2022.03.09-11.24.54:437][  0]LogPakFile: PakFile PathHashIndexSize=101
[2022.03.09-11.24.54:437][  0]LogPakFile: PakFile FullDirectoryIndexSize=144
[2022.03.09-11.24.54:437][  0]LogShaderLibrary: Display: ShaderCodeLibraryPakFileMountedCallback: PakFile 'C:/Program Files/Epic Games/UE_4.27/FeaturePacks/TP_RollingBP.upack' (chunk index -1, root 'root:/') mounted
[2022.03.09-11.24.54:437][  0]LogShaderLibrary: Display: ShaderCodeLibraryPakFileMountedCallback: pending pak file info (ChunkID:-1 Root:root:/ File:C:/Program Files/Epic Games/UE_4.27/FeaturePacks/TP_RollingBP.upack)
[2022.03.09-11.24.54:437][  0]LogPakFile: OnPakFileMounted2Time == 0.000083
[2022.03.09-11.24.54:437][  0]LogPakFile: PakFile PrimaryIndexSize=188
[2022.03.09-11.24.54:437][  0]LogPakFile: PakFile PathHashIndexSize=101
[2022.03.09-11.24.54:437][  0]LogPakFile: PakFile FullDirectoryIndexSize=150
[2022.03.09-11.24.54:437][  0]LogShaderLibrary: Display: ShaderCodeLibraryPakFileMountedCallback: PakFile 'C:/Program Files/Epic Games/UE_4.27/FeaturePacks/TP_SideScroller.upack' (chunk index -1, root 'root:/') mounted
[2022.03.09-11.24.54:438][  0]LogShaderLibrary: Display: ShaderCodeLibraryPakFileMountedCallback: pending pak file info (ChunkID:-1 Root:root:/ File:C:/Program Files/Epic Games/UE_4.27/FeaturePacks/TP_SideScroller.upack)
[2022.03.09-11.24.54:438][  0]LogPakFile: OnPakFileMounted2Time == 0.000104
[2022.03.09-11.24.54:438][  0]LogPakFile: PakFile PrimaryIndexSize=190
[2022.03.09-11.24.54:438][  0]LogPakFile: PakFile PathHashIndexSize=101
[2022.03.09-11.24.54:438][  0]LogPakFile: PakFile FullDirectoryIndexSize=154
[2022.03.09-11.24.54:438][  0]LogShaderLibrary: Display: ShaderCodeLibraryPakFileMountedCallback: PakFile 'C:/Program Files/Epic Games/UE_4.27/FeaturePacks/TP_SideScrollerBP.upack' (chunk index -1, root 'root:/') mounted
[2022.03.09-11.24.54:438][  0]LogShaderLibrary: Display: ShaderCodeLibraryPakFileMountedCallback: pending pak file info (ChunkID:-1 Root:root:/ File:C:/Program Files/Epic Games/UE_4.27/FeaturePacks/TP_SideScrollerBP.upack)
[2022.03.09-11.24.54:438][  0]LogPakFile: OnPakFileMounted2Time == 0.000085
[2022.03.09-11.24.54:439][  0]LogPakFile: PakFile PrimaryIndexSize=187
[2022.03.09-11.24.54:439][  0]LogPakFile: PakFile PathHashIndexSize=101
[2022.03.09-11.24.54:439][  0]LogPakFile: PakFile FullDirectoryIndexSize=148
[2022.03.09-11.24.54:439][  0]LogShaderLibrary: Display: ShaderCodeLibraryPakFileMountedCallback: PakFile 'C:/Program Files/Epic Games/UE_4.27/FeaturePacks/TP_ThirdPerson.upack' (chunk index -1, root 'root:/') mounted
[2022.03.09-11.24.54:439][  0]LogShaderLibrary: Display: ShaderCodeLibraryPakFileMountedCallback: pending pak file info (ChunkID:-1 Root:root:/ File:C:/Program Files/Epic Games/UE_4.27/FeaturePacks/TP_ThirdPerson.upack)
[2022.03.09-11.24.54:439][  0]LogPakFile: OnPakFileMounted2Time == 0.000086
[2022.03.09-11.24.54:439][  0]LogPakFile: PakFile PrimaryIndexSize=189
[2022.03.09-11.24.54:439][  0]LogPakFile: PakFile PathHashIndexSize=101
[2022.03.09-11.24.54:439][  0]LogPakFile: PakFile FullDirectoryIndexSize=152
[2022.03.09-11.24.54:439][  0]LogShaderLibrary: Display: ShaderCodeLibraryPakFileMountedCallback: PakFile 'C:/Program Files/Epic Games/UE_4.27/FeaturePacks/TP_ThirdPersonBP.upack' (chunk index -1, root 'root:/') mounted
[2022.03.09-11.24.54:439][  0]LogShaderLibrary: Display: ShaderCodeLibraryPakFileMountedCallback: pending pak file info (ChunkID:-1 Root:root:/ File:C:/Program Files/Epic Games/UE_4.27/FeaturePacks/TP_ThirdPersonBP.upack)
[2022.03.09-11.24.54:439][  0]LogPakFile: OnPakFileMounted2Time == 0.000082
[2022.03.09-11.24.54:440][  0]LogPakFile: PakFile PrimaryIndexSize=183
[2022.03.09-11.24.54:440][  0]LogPakFile: PakFile PathHashIndexSize=101
[2022.03.09-11.24.54:440][  0]LogPakFile: PakFile FullDirectoryIndexSize=140
[2022.03.09-11.24.54:440][  0]LogShaderLibrary: Display: ShaderCodeLibraryPakFileMountedCallback: PakFile 'C:/Program Files/Epic Games/UE_4.27/FeaturePacks/TP_TopDown.upack' (chunk index -1, root 'root:/') mounted
[2022.03.09-11.24.54:440][  0]LogShaderLibrary: Display: ShaderCodeLibraryPakFileMountedCallback: pending pak file info (ChunkID:-1 Root:root:/ File:C:/Program Files/Epic Games/UE_4.27/FeaturePacks/TP_TopDown.upack)
[2022.03.09-11.24.54:440][  0]LogPakFile: OnPakFileMounted2Time == 0.000106
[2022.03.09-11.24.54:440][  0]LogPakFile: PakFile PrimaryIndexSize=185
[2022.03.09-11.24.54:440][  0]LogPakFile: PakFile PathHashIndexSize=101
[2022.03.09-11.24.54:440][  0]LogPakFile: PakFile FullDirectoryIndexSize=144
[2022.03.09-11.24.54:441][  0]LogShaderLibrary: Display: ShaderCodeLibraryPakFileMountedCallback: PakFile 'C:/Program Files/Epic Games/UE_4.27/FeaturePacks/TP_TopDownBP.upack' (chunk index -1, root 'root:/') mounted
[2022.03.09-11.24.54:441][  0]LogShaderLibrary: Display: ShaderCodeLibraryPakFileMountedCallback: pending pak file info (ChunkID:-1 Root:root:/ File:C:/Program Files/Epic Games/UE_4.27/FeaturePacks/TP_TopDownBP.upack)
[2022.03.09-11.24.54:441][  0]LogPakFile: OnPakFileMounted2Time == 0.000094
[2022.03.09-11.24.54:441][  0]LogPakFile: PakFile PrimaryIndexSize=185
[2022.03.09-11.24.54:441][  0]LogPakFile: PakFile PathHashIndexSize=101
[2022.03.09-11.24.54:441][  0]LogPakFile: PakFile FullDirectoryIndexSize=144
[2022.03.09-11.24.54:441][  0]LogShaderLibrary: Display: ShaderCodeLibraryPakFileMountedCallback: PakFile 'C:/Program Files/Epic Games/UE_4.27/FeaturePacks/TP_TwinStick.upack' (chunk index -1, root 'root:/') mounted
[2022.03.09-11.24.54:441][  0]LogShaderLibrary: Display: ShaderCodeLibraryPakFileMountedCallback: pending pak file info (ChunkID:-1 Root:root:/ File:C:/Program Files/Epic Games/UE_4.27/FeaturePacks/TP_TwinStick.upack)
[2022.03.09-11.24.54:441][  0]LogPakFile: OnPakFileMounted2Time == 0.000090
[2022.03.09-11.24.54:442][  0]LogPakFile: PakFile PrimaryIndexSize=187
[2022.03.09-11.24.54:442][  0]LogPakFile: PakFile PathHashIndexSize=101
[2022.03.09-11.24.54:442][  0]LogPakFile: PakFile FullDirectoryIndexSize=148
[2022.03.09-11.24.54:442][  0]LogShaderLibrary: Display: ShaderCodeLibraryPakFileMountedCallback: PakFile 'C:/Program Files/Epic Games/UE_4.27/FeaturePacks/TP_TwinStickBP.upack' (chunk index -1, root 'root:/') mounted
[2022.03.09-11.24.54:442][  0]LogShaderLibrary: Display: ShaderCodeLibraryPakFileMountedCallback: pending pak file info (ChunkID:-1 Root:root:/ File:C:/Program Files/Epic Games/UE_4.27/FeaturePacks/TP_TwinStickBP.upack)
[2022.03.09-11.24.54:442][  0]LogPakFile: OnPakFileMounted2Time == 0.000086
[2022.03.09-11.24.54:442][  0]LogPakFile: PakFile PrimaryIndexSize=183
[2022.03.09-11.24.54:442][  0]LogPakFile: PakFile PathHashIndexSize=101
[2022.03.09-11.24.54:442][  0]LogPakFile: PakFile FullDirectoryIndexSize=140
[2022.03.09-11.24.54:442][  0]LogShaderLibrary: Display: ShaderCodeLibraryPakFileMountedCallback: PakFile 'C:/Program Files/Epic Games/UE_4.27/FeaturePacks/TP_Vehicle.upack' (chunk index -1, root 'root:/') mounted
[2022.03.09-11.24.54:442][  0]LogShaderLibrary: Display: ShaderCodeLibraryPakFileMountedCallback: pending pak file info (ChunkID:-1 Root:root:/ File:C:/Program Files/Epic Games/UE_4.27/FeaturePacks/TP_Vehicle.upack)
[2022.03.09-11.24.54:442][  0]LogPakFile: OnPakFileMounted2Time == 0.000098
[2022.03.09-11.24.54:443][  0]LogPakFile: PakFile PrimaryIndexSize=186
[2022.03.09-11.24.54:443][  0]LogPakFile: PakFile PathHashIndexSize=101
[2022.03.09-11.24.54:443][  0]LogPakFile: PakFile FullDirectoryIndexSize=146
[2022.03.09-11.24.54:443][  0]LogShaderLibrary: Display: ShaderCodeLibraryPakFileMountedCallback: PakFile 'C:/Program Files/Epic Games/UE_4.27/FeaturePacks/TP_VehicleAdv.upack' (chunk index -1, root 'root:/') mounted
[2022.03.09-11.24.54:443][  0]LogShaderLibrary: Display: ShaderCodeLibraryPakFileMountedCallback: pending pak file info (ChunkID:-1 Root:root:/ File:C:/Program Files/Epic Games/UE_4.27/FeaturePacks/TP_VehicleAdv.upack)
[2022.03.09-11.24.54:443][  0]LogPakFile: OnPakFileMounted2Time == 0.000084
[2022.03.09-11.24.54:444][  0]LogPakFile: PakFile PrimaryIndexSize=188
[2022.03.09-11.24.54:444][  0]LogPakFile: PakFile PathHashIndexSize=101
[2022.03.09-11.24.54:444][  0]LogPakFile: PakFile FullDirectoryIndexSize=150
[2022.03.09-11.24.54:444][  0]LogShaderLibrary: Display: ShaderCodeLibraryPakFileMountedCallback: PakFile 'C:/Program Files/Epic Games/UE_4.27/FeaturePacks/TP_VehicleAdvBP.upack' (chunk index -1, root 'root:/') mounted
[2022.03.09-11.24.54:444][  0]LogShaderLibrary: Display: ShaderCodeLibraryPakFileMountedCallback: pending pak file info (ChunkID:-1 Root:root:/ File:C:/Program Files/Epic Games/UE_4.27/FeaturePacks/TP_VehicleAdvBP.upack)
[2022.03.09-11.24.54:444][  0]LogPakFile: OnPakFileMounted2Time == 0.000080
[2022.03.09-11.24.54:444][  0]LogPakFile: PakFile PrimaryIndexSize=185
[2022.03.09-11.24.54:444][  0]LogPakFile: PakFile PathHashIndexSize=101
[2022.03.09-11.24.54:444][  0]LogPakFile: PakFile FullDirectoryIndexSize=144
[2022.03.09-11.24.54:444][  0]LogShaderLibrary: Display: ShaderCodeLibraryPakFileMountedCallback: PakFile 'C:/Program Files/Epic Games/UE_4.27/FeaturePacks/TP_VehicleBP.upack' (chunk index -1, root 'root:/') mounted
[2022.03.09-11.24.54:444][  0]LogShaderLibrary: Display: ShaderCodeLibraryPakFileMountedCallback: pending pak file info (ChunkID:-1 Root:root:/ File:C:/Program Files/Epic Games/UE_4.27/FeaturePacks/TP_VehicleBP.upack)
[2022.03.09-11.24.54:444][  0]LogPakFile: OnPakFileMounted2Time == 0.000081
[2022.03.09-11.24.54:445][  0]LogPakFile: PakFile PrimaryIndexSize=192
[2022.03.09-11.24.54:445][  0]LogPakFile: PakFile PathHashIndexSize=101
[2022.03.09-11.24.54:445][  0]LogPakFile: PakFile FullDirectoryIndexSize=158
[2022.03.09-11.24.54:445][  0]LogShaderLibrary: Display: ShaderCodeLibraryPakFileMountedCallback: PakFile 'C:/Program Files/Epic Games/UE_4.27/FeaturePacks/TP_VirtualRealityBP.upack' (chunk index -1, root 'root:/') mounted
[2022.03.09-11.24.54:445][  0]LogShaderLibrary: Display: ShaderCodeLibraryPakFileMountedCallback: pending pak file info (ChunkID:-1 Root:root:/ File:C:/Program Files/Epic Games/UE_4.27/FeaturePacks/TP_VirtualRealityBP.upack)
[2022.03.09-11.24.54:445][  0]LogPakFile: OnPakFileMounted2Time == 0.000104
[2022.03.09-11.24.54:485][  0]LogNativeClassHierarchy: Verbose: Native class hierarchy updated for 'AddContentDialog' in 0.0002 seconds. Added 0 classes and 0 folders.
[2022.03.09-11.24.54:488][  0]LogNativeClassHierarchy: Verbose: Native class hierarchy updated for 'SceneOutliner' in 0.0002 seconds. Added 2 classes and 0 folders.
[2022.03.09-11.24.54:534][  0]LogSlate: Took 0.000189 seconds to synchronously load lazily loaded font '../../../Engine/Content/Slate/Fonts/Roboto-Regular.ttf' (155K)
[2022.03.09-11.24.54:535][  0]LogSlate: Took 0.000237 seconds to synchronously load lazily loaded font '../../../Engine/Content/Editor/Slate/Fonts/FontAwesome.ttf' (139K)
[2022.03.09-11.24.54:537][  0]LogSlate: Took 0.001350 seconds to synchronously load lazily loaded font '../../../Engine/Content/Editor/Slate/Fonts/NanumGothic.ttf' (4243K)
[2022.03.09-11.24.54:538][  0]LogSlate: Took 0.001018 seconds to synchronously load lazily loaded font '../../../Engine/Content/Editor/Slate/Fonts/NanumGothicBold.ttf' (4188K)
[2022.03.09-11.24.54:539][  0]LogSlate: Took 0.000150 seconds to synchronously load lazily loaded font '../../../Engine/Content/Slate/Fonts/Roboto-Bold.ttf' (160K)
[2022.03.09-11.24.54:603][  0]LogRenderer: Reallocating scene render targets to support 1168x572 Format 10 NumSamples 1 (Frame:1).
[2022.03.09-11.24.54:635][  0]LogSlate: Took 0.000313 seconds to synchronously load lazily loaded font '../../../Engine/Content/Slate/Fonts/Roboto-Light.ttf' (167K)
[2022.03.09-11.24.54:676][  0]LogNativeClassHierarchy: Verbose: Native class hierarchy updated for 'HierarchicalLODOutliner' in 0.0003 seconds. Added 0 classes and 0 folders.
[2022.03.09-11.24.54:676][  0]LogLoad: (Engine Initialization) Total time: 6.55 seconds
[2022.03.09-11.24.54:676][  0]LogLoad: (Engine Initialization) Total Blueprint compile time: 0.00 seconds
[2022.03.09-11.24.54:710][  0]LogAssetRegistry: Asset discovery search completed in 3.6213 seconds
[2022.03.09-11.24.54:714][  0]LogCollectionManager: Fixed up redirectors for 0 collections in 0.000002 seconds (updated 0 objects)
[2022.03.09-11.24.54:761][  0]LogContentStreaming: Texture pool size now 1000 MB
[2022.03.09-11.25.00:420][193]LogTemp: Repeating last play command: 새 에디터 창 (PIE)
[2022.03.09-11.25.00:426][193]LogPlayLevel: PlayLevel: No blueprints needed recompiling
[2022.03.09-11.25.00:426][193]PIE: New page: PIE 세션: Minimal_Default (2022. 3. 10. 오전 5:25:00)
[2022.03.09-11.25.00:428][193]LogOnline: OSS: Creating online subsystem instance for: NULL
[2022.03.09-11.25.00:430][193]LogOnline: OSS: TryLoadSubsystemAndSetDefault: Loaded subsystem for module [NULL]
[2022.03.09-11.25.00:430][193]LogPlayLevel: Creating play world package: /Game/StarterContent/Maps/UEDPIE_0_Minimal_Default
[2022.03.09-11.25.00:433][193]LogPlayLevel: PIE: StaticDuplicateObject took: (0.002473s)
[2022.03.09-11.25.00:434][193]LogAIModule: Creating AISystem for world Minimal_Default
[2022.03.09-11.25.00:434][193]LogPlayLevel: PIE: World Init took: (0.001022s)
[2022.03.09-11.25.00:434][193]LogPlayLevel: PIE: Created PIE world by copying editor world from /Game/StarterContent/Maps/Minimal_Default.Minimal_Default to /Game/StarterContent/Maps/UEDPIE_0_Minimal_Default.Minimal_Default (0.003848s)
[2022.03.09-11.25.00:438][193]LogUObjectHash: Compacting FUObjectHashTables data took   0.36ms
[2022.03.09-11.25.00:441][193]LogAudio: Display: Creating Audio Device:                 Id: 2, Scope: Unique, Realtime: True
[2022.03.09-11.25.00:441][193]LogAudioMixer: Display: Audio Mixer Platform Settings:
[2022.03.09-11.25.00:441][193]LogAudioMixer: Display: 	Sample Rate:						  48000
[2022.03.09-11.25.00:441][193]LogAudioMixer: Display: 	Callback Buffer Frame Size Requested: 1024
[2022.03.09-11.25.00:441][193]LogAudioMixer: Display: 	Callback Buffer Frame Size To Use:	  1024
[2022.03.09-11.25.00:441][193]LogAudioMixer: Display: 	Number of buffers to queue:			  2
[2022.03.09-11.25.00:441][193]LogAudioMixer: Display: 	Max Channels (voices):				  32
[2022.03.09-11.25.00:441][193]LogAudioMixer: Display: 	Number of Async Source Workers:		  0
[2022.03.09-11.25.00:442][193]LogAudio: Display: AudioDevice MaxSources: 32
[2022.03.09-11.25.00:442][193]LogAudio: Display: Audio Spatialization Plugin: None (built-in).
[2022.03.09-11.25.00:442][193]LogAudio: Display: Audio Reverb Plugin: None (built-in).
[2022.03.09-11.25.00:442][193]LogAudio: Display: Audio Occlusion Plugin: None (built-in).
[2022.03.09-11.25.00:442][193]LogAudioMixer: Display: Initializing audio mixer.
[2022.03.09-11.25.00:443][193]LogAudioMixer: Display: 0: FrontLeft
[2022.03.09-11.25.00:443][193]LogAudioMixer: Display: 1: FrontRight
[2022.03.09-11.25.00:463][193]LogAudioMixer: Display: Using Audio Device 원격 오디오
[2022.03.09-11.25.00:463][193]LogAudioMixer: Display: Initializing Sound Submixes...
[2022.03.09-11.25.00:463][193]LogAudioMixer: Display: Creating Master Submix 'MasterSubmixDefault'
[2022.03.09-11.25.00:463][193]LogAudioMixer: Display: Creating Master Submix 'MasterReverbSubmixDefault'
[2022.03.09-11.25.00:463][193]LogAudioMixer: Display: Creating Master Submix 'MasterEQSubmixDefault'
[2022.03.09-11.25.00:463][193]LogAudioMixer: FMixerPlatformXAudio2::StartAudioStream() called
[2022.03.09-11.25.00:463][193]LogAudioMixer: Display: Output buffers initialized: Frames=1024, Channels=2, Samples=2048
[2022.03.09-11.25.00:465][193]LogAudioMixer: Display: Starting AudioMixerPlatformInterface::RunInternal()
[2022.03.09-11.25.00:465][193]LogAudioMixer: Display: FMixerPlatformXAudio2::SubmitBuffer() called for the first time
[2022.03.09-11.25.00:465][193]LogInit: FAudioDevice initialized.
[2022.03.09-11.25.00:465][193]LogAudio: Display: Audio Device (ID: 2) registered with world 'Minimal_Default'.
[2022.03.09-11.25.00:540][193]LogSlate: Updating window title bar state: overlay mode, drag disabled, window buttons hidden, title bar hidden
[2022.03.09-11.25.00:541][193]LogLoad: Game class is 'MenuGameMode_C'
[2022.03.09-11.25.00:542][193]LogWorld: Bringing World /Game/StarterContent/Maps/UEDPIE_0_Minimal_Default.Minimal_Default up for play (max tick rate 0) at 2022.03.09-20.25.00
[2022.03.09-11.25.00:543][193]LogWorld: Bringing up level for play took: 0.000748
[2022.03.09-11.25.00:543][193]LogOnline: OSS: Creating online subsystem instance for: :Context_1
[2022.03.09-11.25.00:546][193]LogNativeClassHierarchy: Verbose: Native class hierarchy updated for 'MovieSceneCapture' in 0.0002 seconds. Added 20 classes and 0 folders.
[2022.03.09-11.25.00:546][193]LogTemp: network beginPlay
[2022.03.09-11.25.00:548][193]PIE: 서버가 로그인했습니다.
[2022.03.09-11.25.00:549][193]PIE: 에디터에서 플레이 총 시작 시간 0.125초입니다.
[2022.03.09-11.25.00:607][194]LogRenderer: Reallocating scene render targets to support 1280x720 Format 10 NumSamples 1 (Frame:1).
[2022.03.09-11.25.08:585][411]LogTemp: Trying to connect!
[2022.03.09-11.25.17:393][411]LogTemp: recv thread start
[2022.03.09-11.25.17:393][411]LogTemp: 프로세스 들어옴 : ** 로그인 명령어(LOGIN [ID])을 사용해주세요

