Log file open, 03/09/22 20:32:47
LogWindows: Failed to load 'aqProf.dll' (GetLastError=126)
LogWindows: File 'aqProf.dll' does not exist
LogWindows: Failed to load 'VtuneApi.dll' (GetLastError=126)
LogWindows: File 'VtuneApi.dll' does not exist
LogWindows: Failed to load 'VtuneApi32e.dll' (GetLastError=126)
LogWindows: File 'VtuneApi32e.dll' does not exist
LogConsoleResponse: Display: Failed to find resolution value strings in scalability ini. Falling back to default.
LogConsoleResponse: Display: Failed to find resolution value strings in scalability ini. Falling back to default.
LogInit: Display: Running engine for game: client
LogPlatformFile: Not using cached read wrapper
LogTaskGraph: Started task graph with 5 named threads and 47 total threads with 3 sets of task threads.
LogStats: Stats thread started at 0.326389
LogICUInternationalization: ICU TimeZone Detection - Raw Offset: +9:00, Platform Override: ''
LogInit: Display: Loading text-based GConfig....
LogPluginManager: Mounting plugin MeshPainting
LogPluginManager: Mounting plugin XGEController
LogPluginManager: Mounting plugin Paper2D
LogPluginManager: Mounting plugin LiveLink
LogPluginManager: Mounting plugin EnvironmentQueryEditor
LogPluginManager: Mounting plugin LightPropagationVolume
LogPluginManager: Mounting plugin CameraShakePreviewer
LogPluginManager: Mounting plugin GameplayCameras
LogPluginManager: Mounting plugin AISupport
LogPluginManager: Mounting plugin AnimationSharing
LogPluginManager: Mounting plugin CLionSourceCodeAccess
LogPluginManager: Mounting plugin CodeLiteSourceCodeAccess
LogPluginManager: Mounting plugin GitSourceControl
LogPluginManager: Mounting plugin KDevelopSourceCodeAccess
LogPluginManager: Mounting plugin NullSourceCodeAccess
LogPluginManager: Mounting plugin PerforceSourceControl
LogPluginManager: Mounting plugin PixWinPlugin
LogPluginManager: Mounting plugin PlasticSourceControl
LogPluginManager: Mounting plugin PluginUtils
LogPluginManager: Mounting plugin PropertyAccessNode
LogPluginManager: Mounting plugin RiderSourceCodeAccess
LogPluginManager: Mounting plugin TextureFormatOodle
LogPluginManager: Mounting plugin SubversionSourceControl
LogPluginManager: Mounting plugin UObjectPlugin
LogPluginManager: Mounting plugin VisualStudioCodeSourceCodeAccess
LogPluginManager: Mounting plugin VisualStudioSourceCodeAccess
LogPluginManager: Mounting plugin XCodeSourceCodeAccess
LogPluginManager: Mounting plugin OodleData
LogPluginManager: Mounting plugin OodleNetwork
LogPluginManager: Mounting plugin AssetManagerEditor
LogPluginManager: Mounting plugin CryptoKeys
LogPluginManager: Mounting plugin CurveEditorTools
LogPluginManager: Mounting plugin DataValidation
LogPluginManager: Mounting plugin GameplayTagsEditor
LogPluginManager: Mounting plugin FacialAnimation
LogPluginManager: Mounting plugin GeometryMode
LogPluginManager: Mounting plugin MacGraphicsSwitching
LogPluginManager: Mounting plugin MobileLauncherProfileWizard
LogPluginManager: Mounting plugin MaterialAnalyzer
LogPluginManager: Mounting plugin PluginBrowser
LogPluginManager: Mounting plugin SpeedTreeImporter
LogPluginManager: Mounting plugin AlembicImporter
LogPluginManager: Mounting plugin AutomationUtils
LogPluginManager: Mounting plugin BackChannel
LogPluginManager: Mounting plugin ChaosCloth
LogPluginManager: Mounting plugin ChaosClothEditor
LogPluginManager: Mounting plugin ChaosEditor
LogPluginManager: Mounting plugin ChaosSolverPlugin
LogPluginManager: Mounting plugin ChaosNiagara
LogPluginManager: Mounting plugin CharacterAI
LogPluginManager: Mounting plugin GeometryCache
LogPluginManager: Mounting plugin GeometryCollectionPlugin
LogPluginManager: Mounting plugin LuminPlatformFeatures
LogPluginManager: Mounting plugin MagicLeap
LogPluginManager: Mounting plugin DatasmithContent
LogPluginManager: Mounting plugin Niagara
LogPluginManager: Mounting plugin VariantManagerContent
LogPluginManager: Mounting plugin MagicLeapLightEstimation
LogPluginManager: Mounting plugin MagicLeapMedia
LogPluginManager: Mounting plugin MagicLeapPassableWorld
LogPluginManager: Mounting plugin MLSDK
LogPluginManager: Mounting plugin GeometryProcessing
LogPluginManager: Mounting plugin MotoSynth
LogPluginManager: Mounting plugin OpenImageDenoise
LogPluginManager: Mounting plugin PlanarCut
LogPluginManager: Mounting plugin ProxyLODPlugin
LogPluginManager: Mounting plugin PlatformCrypto
LogPluginManager: Mounting plugin PythonScriptPlugin
LogPluginManager: Mounting plugin SkeletalReduction
LogPluginManager: Mounting plugin AndroidMedia
LogPluginManager: Mounting plugin AvfMedia
LogPluginManager: Mounting plugin ImgMedia
LogPluginManager: Mounting plugin MediaCompositing
LogPluginManager: Mounting plugin MediaPlayerEditor
LogPluginManager: Mounting plugin WmfMedia
LogPluginManager: Mounting plugin WebMMedia
LogPluginManager: Mounting plugin TcpMessaging
LogPluginManager: Mounting plugin UdpMessaging
LogPluginManager: Mounting plugin OnlineSubsystem
LogPluginManager: Mounting plugin OnlineSubsystemNull
LogPluginManager: Mounting plugin OnlineSubsystemUtils
LogPluginManager: Mounting plugin ActorSequence
LogPluginManager: Mounting plugin MatineeToLevelSequence
LogPluginManager: Mounting plugin LevelSequenceEditor
LogPluginManager: Mounting plugin ActorLayerUtilities
LogPluginManager: Mounting plugin TemplateSequence
LogPluginManager: Mounting plugin AndroidDeviceProfileSelector
LogPluginManager: Mounting plugin AndroidPermission
LogPluginManager: Mounting plugin AppleMoviePlayer
LogPluginManager: Mounting plugin ArchVisCharacter
LogPluginManager: Mounting plugin AudioSynesthesia
LogPluginManager: Mounting plugin CableComponent
LogPluginManager: Mounting plugin ChunkDownloader
LogPluginManager: Mounting plugin AssetTags
LogPluginManager: Mounting plugin AudioCapture
LogPluginManager: Mounting plugin AppleImageUtils
LogPluginManager: Mounting plugin AndroidMoviePlayer
LogPluginManager: Mounting plugin CustomMeshComponent
LogPluginManager: Mounting plugin EditableMesh
LogPluginManager: Mounting plugin ExampleDeviceProfileSelector
LogPluginManager: Mounting plugin LauncherChunkInstaller
LogPluginManager: Mounting plugin GoogleCloudMessaging
LogPluginManager: Mounting plugin GooglePAD
LogPluginManager: Mounting plugin ScreenshotTools
LogPluginManager: Mounting plugin IOSDeviceProfileSelector
LogPluginManager: Mounting plugin LinuxDeviceProfileSelector
LogPluginManager: Mounting plugin LocationServicesBPLibrary
LogPluginManager: Mounting plugin MobilePatchingUtils
LogPluginManager: Mounting plugin OpenXR
LogPluginManager: Mounting plugin OpenXRHandTracking
LogPluginManager: Mounting plugin OpenXREyeTracker
LogPluginManager: Mounting plugin PhysXVehicles
LogPluginManager: Mounting plugin Takes
LogPluginManager: Mounting plugin PostSplashScreen
LogPluginManager: Mounting plugin ProceduralMeshComponent
LogPluginManager: Mounting plugin PropertyAccessEditor
LogPluginManager: Mounting plugin SignificanceManager
LogPluginManager: Mounting plugin SoundFields
LogPluginManager: Mounting plugin RuntimePhysXCooking
LogPluginManager: Mounting plugin Synthesis
LogPluginManager: Mounting plugin WebMMoviePlayer
LogPluginManager: Mounting plugin WindowsMoviePlayer
LogPluginManager: Mounting plugin ContentBrowserAssetDataSource
LogPluginManager: Mounting plugin ContentBrowserClassDataSource
LogPluginManager: Mounting plugin ContentBrowserFileDataSource
LogPluginManager: Mounting plugin OnlineSubsystemGooglePlay
LogPluginManager: Mounting plugin OnlineSubsystemIOS
LogPluginManager: Mounting plugin OculusVR
LogPluginManager: Mounting plugin SteamVR
PixWinPlugin: PIX capture plugin failed to initialize! Check that the process is launched from PIX.
LogInit: Using libcurl 7.55.1-DEV
LogInit:  - built for x86_64-pc-win32
LogInit:  - supports SSL with OpenSSL/1.1.1
LogInit:  - supports HTTP deflate (compression) using libz 1.2.8
LogInit:  - other features:
LogInit:      CURL_VERSION_SSL
LogInit:      CURL_VERSION_LIBZ
LogInit:      CURL_VERSION_IPV6
LogInit:      CURL_VERSION_ASYNCHDNS
LogInit:      CURL_VERSION_LARGEFILE
LogInit:      CURL_VERSION_IDN
LogInit:  CurlRequestOptions (configurable via config and command line):
LogInit:  - bVerifyPeer = true  - Libcurl will verify peer certificate
LogInit:  - bUseHttpProxy = false  - Libcurl will NOT use HTTP proxy
LogInit:  - bDontReuseConnections = false  - Libcurl will reuse connections
LogInit:  - MaxHostConnections = 16  - Libcurl will limit the number of connections to a host
LogInit:  - LocalHostAddr = Default
LogInit:  - BufferSize = 65536
LogOnline: OSS: Creating online subsystem instance for: NULL
LogInit: WinSock: version 1.1 (2.2), MaxSocks=32767, MaxUdp=65467
LogOnline: OSS: TryLoadSubsystemAndSetDefault: Loaded subsystem for module [NULL]
LogOculusPluginWrapper: OculusPlugin initialized successfully
LogHMD: Failed initializing OVRPlugin 1.59.0
LogInit: Build: ++UE4+Release-4.27-CL-18319896
LogInit: Engine Version: 4.27.2-18319896+++UE4+Release-4.27
LogInit: Compatible Engine Version: 4.27.0-17155196+++UE4+Release-4.27
LogInit: Net CL: 17155196
LogInit: OS: Windows 10 (Release 2009) (), CPU: 11th Gen Intel(R) Core(TM) i7-11700KF @ 3.60GHz, GPU: Microsoft Remote Display Adapter
LogInit: Compiled (64-bit): Nov 30 2021 07:12:08
LogInit: Compiled with Visual C++: 19.24.28315.00
LogInit: Build Configuration: Development
LogInit: Branch Name: ++UE4+Release-4.27
LogInit: Command Line:  -skipcompile
LogInit: Base Directory: C:/Program Files/Epic Games/UE_4.27/Engine/Binaries/Win64/
LogInit: Allocator: TBB
LogInit: Installed Engine Build: 1
LogDevObjectVersion: Number of dev versions registered: 29
LogDevObjectVersion:   Dev-Blueprints (B0D832E4-1F89-4F0D-ACCF-7EB736FD4AA2): 10
LogDevObjectVersion:   Dev-Build (E1C64328-A22C-4D53-A36C-8E866417BD8C): 0
LogDevObjectVersion:   Dev-Core (375EC13C-06E4-48FB-B500-84F0262A717E): 4
LogDevObjectVersion:   Dev-Editor (E4B068ED-F494-42E9-A231-DA0B2E46BB41): 40
LogDevObjectVersion:   Dev-Framework (CFFC743F-43B0-4480-9391-14DF171D2073): 37
LogDevObjectVersion:   Dev-Mobile (B02B49B5-BB20-44E9-A304-32B752E40360): 3
LogDevObjectVersion:   Dev-Networking (A4E4105C-59A1-49B5-A7C5-40C4547EDFEE): 0
LogDevObjectVersion:   Dev-Online (39C831C9-5AE6-47DC-9A44-9C173E1C8E7C): 0
LogDevObjectVersion:   Dev-Physics (78F01B33-EBEA-4F98-B9B4-84EACCB95AA2): 14
LogDevObjectVersion:   Dev-Platform (6631380F-2D4D-43E0-8009-CF276956A95A): 0
LogDevObjectVersion:   Dev-Rendering (12F88B9F-8875-4AFC-A67C-D90C383ABD29): 45
LogDevObjectVersion:   Dev-Sequencer (7B5AE74C-D270-4C10-A958-57980B212A5A): 13
LogDevObjectVersion:   Dev-VR (D7296918-1DD6-4BDD-9DE2-64A83CC13884): 3
LogDevObjectVersion:   Dev-LoadTimes (C2A15278-BFE7-4AFE-6C17-90FF531DF755): 1
LogDevObjectVersion:   Private-Geometry (6EACA3D4-40EC-4CC1-B786-8BED09428FC5): 3
LogDevObjectVersion:   Dev-AnimPhys (29E575DD-E0A3-4627-9D10-D276232CDCEA): 17
LogDevObjectVersion:   Dev-Anim (AF43A65D-7FD3-4947-9873-3E8ED9C1BB05): 15
LogDevObjectVersion:   Dev-ReflectionCapture (6B266CEC-1EC7-4B8F-A30B-E4D90942FC07): 1
LogDevObjectVersion:   Dev-Automation (0DF73D61-A23F-47EA-B727-89E90C41499A): 1
LogDevObjectVersion:   FortniteMain (601D1886-AC64-4F84-AA16-D3DE0DEAC7D6): 47
LogDevObjectVersion:   FortniteRelease (E7086368-6B23-4C58-8439-1B7016265E91): 1
LogDevObjectVersion:   Dev-Enterprise (9DFFBCD6-494F-0158-E221-12823C92A888): 10
LogDevObjectVersion:   Dev-Niagara (F2AED0AC-9AFE-416F-8664-AA7FFA26D6FC): 1
LogDevObjectVersion:   Dev-Destruction (174F1F0B-B4C6-45A5-B13F-2EE8D0FB917D): 10
LogDevObjectVersion:   Dev-Physics-Ext (35F94A83-E258-406C-A318-09F59610247C): 41
LogDevObjectVersion:   Dev-PhysicsMaterial-Chaos (B68FC16E-8B1B-42E2-B453-215C058844FE): 1
LogDevObjectVersion:   Dev-CineCamera (B2E18506-4273-CFC2-A54E-F4BB758BBA07): 1
LogDevObjectVersion:   Dev-VirtualProduction (64F58936-FD1B-42BA-BA96-7289D5D0FA4E): 1
LogDevObjectVersion:   Dev-MediaFramework (6F0ED827-A609-4895-9C91-998D90180EA4): 2
LogInit: Presizing for max 25165824 objects, including 0 objects not considered by GC, pre-allocating 0 bytes for permanent pool.
LogConfig: Applying CVar settings from Section [/Script/Engine.StreamingSettings] File [C:/Users/minjoo.kim/Desktop/chat/2022_CHAT_CLIENT/client/Saved/Config/Windows/Engine.ini]
LogConfig: Setting CVar [[s.MinBulkDataSizeForAsyncLoading:131072]]
LogConfig: Setting CVar [[s.AsyncLoadingThreadEnabled:0]]
LogConfig: Setting CVar [[s.EventDrivenLoaderEnabled:1]]
LogConfig: Setting CVar [[s.WarnIfTimeLimitExceeded:0]]
LogConfig: Setting CVar [[s.TimeLimitExceededMultiplier:1.5]]
LogConfig: Setting CVar [[s.TimeLimitExceededMinTime:0.005]]
LogConfig: Setting CVar [[s.UseBackgroundLevelStreaming:1]]
LogConfig: Setting CVar [[s.PriorityAsyncLoadingExtraTime:15.0]]
LogConfig: Setting CVar [[s.LevelStreamingActorsUpdateTimeLimit:5.0]]
LogConfig: Setting CVar [[s.PriorityLevelStreamingActorsUpdateExtraTime:5.0]]
LogConfig: Setting CVar [[s.LevelStreamingComponentsRegistrationGranularity:10]]
LogConfig: Setting CVar [[s.UnregisterComponentsTimeLimit:1.0]]
LogConfig: Setting CVar [[s.LevelStreamingComponentsUnregistrationGranularity:5]]
LogConfig: Setting CVar [[s.FlushStreamingOnExit:1]]
LogInit: Object subsystem initialized
LogConfig: Setting CVar [[con.DebugEarlyDefault:1]]
LogConfig: Setting CVar [[r.setres:1280x720]]
[2022.03.09-11.32.47:968][  0]LogConfig: Setting CVar [[r.VSync:0]]
[2022.03.09-11.32.47:968][  0]LogConfig: Setting CVar [[r.RHICmdBypass:0]]
[2022.03.09-11.32.47:968][  0]LogConfig: Applying CVar settings from Section [/Script/Engine.RendererSettings] File [C:/Users/minjoo.kim/Desktop/chat/2022_CHAT_CLIENT/client/Saved/Config/Windows/Engine.ini]
[2022.03.09-11.32.47:969][  0]LogConfig: Setting CVar [[r.GPUCrashDebugging:0]]
[2022.03.09-11.32.47:969][  0]LogConfig: Applying CVar settings from Section [/Script/Engine.RendererOverrideSettings] File [C:/Users/minjoo.kim/Desktop/chat/2022_CHAT_CLIENT/client/Saved/Config/Windows/Engine.ini]
[2022.03.09-11.32.47:969][  0]LogConfig: Applying CVar settings from Section [/Script/Engine.StreamingSettings] File [C:/Users/minjoo.kim/Desktop/chat/2022_CHAT_CLIENT/client/Saved/Config/Windows/Engine.ini]
[2022.03.09-11.32.47:969][  0]LogConfig: Setting CVar [[s.MinBulkDataSizeForAsyncLoading:131072]]
[2022.03.09-11.32.47:969][  0]LogConfig: Setting CVar [[s.AsyncLoadingThreadEnabled:0]]
[2022.03.09-11.32.47:969][  0]LogConfig: Setting CVar [[s.EventDrivenLoaderEnabled:1]]
[2022.03.09-11.32.47:969][  0]LogConfig: Setting CVar [[s.WarnIfTimeLimitExceeded:0]]
[2022.03.09-11.32.47:969][  0]LogConfig: Setting CVar [[s.TimeLimitExceededMultiplier:1.5]]
[2022.03.09-11.32.47:969][  0]LogConfig: Setting CVar [[s.TimeLimitExceededMinTime:0.005]]
[2022.03.09-11.32.47:969][  0]LogConfig: Setting CVar [[s.UseBackgroundLevelStreaming:1]]
[2022.03.09-11.32.47:969][  0]LogConfig: Setting CVar [[s.PriorityAsyncLoadingExtraTime:15.0]]
[2022.03.09-11.32.47:969][  0]LogConfig: Setting CVar [[s.LevelStreamingActorsUpdateTimeLimit:5.0]]
[2022.03.09-11.32.47:969][  0]LogConfig: Setting CVar [[s.PriorityLevelStreamingActorsUpdateExtraTime:5.0]]
[2022.03.09-11.32.47:969][  0]LogConfig: Setting CVar [[s.LevelStreamingComponentsRegistrationGranularity:10]]
[2022.03.09-11.32.47:969][  0]LogConfig: Setting CVar [[s.UnregisterComponentsTimeLimit:1.0]]
[2022.03.09-11.32.47:969][  0]LogConfig: Setting CVar [[s.LevelStreamingComponentsUnregistrationGranularity:5]]
[2022.03.09-11.32.47:969][  0]LogConfig: Setting CVar [[s.FlushStreamingOnExit:1]]
[2022.03.09-11.32.47:969][  0]LogConfig: Applying CVar settings from Section [/Script/Engine.GarbageCollectionSettings] File [C:/Users/minjoo.kim/Desktop/chat/2022_CHAT_CLIENT/client/Saved/Config/Windows/Engine.ini]
[2022.03.09-11.32.47:969][  0]LogConfig: Setting CVar [[gc.MaxObjectsNotConsideredByGC:1]]
[2022.03.09-11.32.47:969][  0]LogConfig: Setting CVar [[gc.SizeOfPermanentObjectPool:0]]
[2022.03.09-11.32.47:969][  0]LogConfig: Setting CVar [[gc.FlushStreamingOnGC:0]]
[2022.03.09-11.32.47:969][  0]LogConfig: Setting CVar [[gc.NumRetriesBeforeForcingGC:10]]
[2022.03.09-11.32.47:969][  0]LogConfig: Setting CVar [[gc.AllowParallelGC:1]]
[2022.03.09-11.32.47:970][  0]LogConfig: Setting CVar [[gc.TimeBetweenPurgingPendingKillObjects:61.1]]
[2022.03.09-11.32.47:970][  0]LogConfig: Setting CVar [[gc.MaxObjectsInEditor:25165824]]
[2022.03.09-11.32.47:970][  0]LogConfig: Setting CVar [[gc.IncrementalBeginDestroyEnabled:1]]
[2022.03.09-11.32.47:970][  0]LogConfig: Setting CVar [[gc.CreateGCClusters:1]]
[2022.03.09-11.32.47:970][  0]LogConfig: Setting CVar [[gc.MinGCClusterSize:5]]
[2022.03.09-11.32.47:970][  0]LogConfig: Setting CVar [[gc.ActorClusteringEnabled:0]]
[2022.03.09-11.32.47:970][  0]LogConfig: Setting CVar [[gc.BlueprintClusteringEnabled:0]]
[2022.03.09-11.32.47:970][  0]LogConfig: Setting CVar [[gc.UseDisregardForGCOnDedicatedServers:0]]
[2022.03.09-11.32.47:970][  0]LogConfig: Setting CVar [[gc.MultithreadedDestructionEnabled:1]]
[2022.03.09-11.32.47:970][  0]LogConfig: Applying CVar settings from Section [/Script/Engine.NetworkSettings] File [C:/Users/minjoo.kim/Desktop/chat/2022_CHAT_CLIENT/client/Saved/Config/Windows/Engine.ini]
[2022.03.09-11.32.47:970][  0]LogConfig: Applying CVar settings from Section [/Script/UnrealEd.CookerSettings] File [C:/Users/minjoo.kim/Desktop/chat/2022_CHAT_CLIENT/client/Saved/Config/Windows/Engine.ini]
[2022.03.09-11.32.47:974][  0]LogConfig: Applying CVar settings from Section [ViewDistanceQuality@3] File [C:/Users/minjoo.kim/Desktop/chat/2022_CHAT_CLIENT/client/Saved/Config/Windows/Scalability.ini]
[2022.03.09-11.32.47:974][  0]LogConfig: Setting CVar [[r.SkeletalMeshLODBias:0]]
[2022.03.09-11.32.47:974][  0]LogConfig: Setting CVar [[r.ViewDistanceScale:1.0]]
[2022.03.09-11.32.47:975][  0]LogConfig: Applying CVar settings from Section [AntiAliasingQuality@3] File [C:/Users/minjoo.kim/Desktop/chat/2022_CHAT_CLIENT/client/Saved/Config/Windows/Scalability.ini]
[2022.03.09-11.32.47:975][  0]LogConfig: Setting CVar [[r.PostProcessAAQuality:4]]
[2022.03.09-11.32.47:975][  0]LogConfig: Applying CVar settings from Section [ShadowQuality@3] File [C:/Users/minjoo.kim/Desktop/chat/2022_CHAT_CLIENT/client/Saved/Config/Windows/Scalability.ini]
[2022.03.09-11.32.47:975][  0]LogConfig: Setting CVar [[r.LightFunctionQuality:1]]
[2022.03.09-11.32.47:975][  0]LogConfig: Setting CVar [[r.ShadowQuality:5]]
[2022.03.09-11.32.47:975][  0]LogConfig: Setting CVar [[r.Shadow.CSM.MaxCascades:10]]
[2022.03.09-11.32.47:975][  0]LogConfig: Setting CVar [[r.Shadow.MaxResolution:2048]]
[2022.03.09-11.32.47:975][  0]LogConfig: Setting CVar [[r.Shadow.MaxCSMResolution:2048]]
[2022.03.09-11.32.47:975][  0]LogConfig: Setting CVar [[r.Shadow.RadiusThreshold:0.01]]
[2022.03.09-11.32.47:975][  0]LogConfig: Setting CVar [[r.Shadow.DistanceScale:1.0]]
[2022.03.09-11.32.47:975][  0]LogConfig: Setting CVar [[r.Shadow.CSM.TransitionScale:1.0]]
[2022.03.09-11.32.47:975][  0]LogConfig: Setting CVar [[r.Shadow.PreShadowResolutionFactor:1.0]]
[2022.03.09-11.32.47:975][  0]LogConfig: Setting CVar [[r.DistanceFieldShadowing:1]]
[2022.03.09-11.32.47:975][  0]LogConfig: Setting CVar [[r.DistanceFieldAO:1]]
[2022.03.09-11.32.47:975][  0]LogConfig: Setting CVar [[r.AOQuality:2]]
[2022.03.09-11.32.47:975][  0]LogConfig: Setting CVar [[r.VolumetricFog:1]]
[2022.03.09-11.32.47:975][  0]LogConfig: Setting CVar [[r.VolumetricFog.GridPixelSize:8]]
[2022.03.09-11.32.47:975][  0]LogConfig: Setting CVar [[r.VolumetricFog.GridSizeZ:128]]
[2022.03.09-11.32.47:975][  0]LogConfig: Setting CVar [[r.VolumetricFog.HistoryMissSupersampleCount:4]]
[2022.03.09-11.32.47:975][  0]LogConfig: Setting CVar [[r.LightMaxDrawDistanceScale:1]]
[2022.03.09-11.32.47:975][  0]LogConfig: Setting CVar [[r.CapsuleShadows:1]]
[2022.03.09-11.32.47:975][  0]LogConfig: Applying CVar settings from Section [PostProcessQuality@3] File [C:/Users/minjoo.kim/Desktop/chat/2022_CHAT_CLIENT/client/Saved/Config/Windows/Scalability.ini]
[2022.03.09-11.32.47:975][  0]LogConfig: Setting CVar [[r.MotionBlurQuality:4]]
[2022.03.09-11.32.47:975][  0]LogConfig: Setting CVar [[r.AmbientOcclusionMipLevelFactor:0.4]]
[2022.03.09-11.32.47:975][  0]LogConfig: Setting CVar [[r.AmbientOcclusionMaxQuality:100]]
[2022.03.09-11.32.47:975][  0]LogConfig: Setting CVar [[r.AmbientOcclusionLevels:-1]]
[2022.03.09-11.32.47:975][  0]LogConfig: Setting CVar [[r.AmbientOcclusionRadiusScale:1.0]]
[2022.03.09-11.32.47:975][  0]LogConfig: Setting CVar [[r.DepthOfFieldQuality:2]]
[2022.03.09-11.32.47:976][  0]LogConfig: Setting CVar [[r.RenderTargetPoolMin:400]]
[2022.03.09-11.32.47:976][  0]LogConfig: Setting CVar [[r.LensFlareQuality:2]]
[2022.03.09-11.32.47:976][  0]LogConfig: Setting CVar [[r.SceneColorFringeQuality:1]]
[2022.03.09-11.32.47:976][  0]LogConfig: Setting CVar [[r.EyeAdaptationQuality:2]]
[2022.03.09-11.32.47:976][  0]LogConfig: Setting CVar [[r.BloomQuality:5]]
[2022.03.09-11.32.47:976][  0]LogConfig: Setting CVar [[r.FastBlurThreshold:100]]
[2022.03.09-11.32.47:976][  0]LogConfig: Setting CVar [[r.Upscale.Quality:3]]
[2022.03.09-11.32.47:976][  0]LogConfig: Setting CVar [[r.Tonemapper.GrainQuantization:1]]
[2022.03.09-11.32.47:976][  0]LogConfig: Setting CVar [[r.LightShaftQuality:1]]
[2022.03.09-11.32.47:976][  0]LogConfig: Setting CVar [[r.Filter.SizeScale:1]]
[2022.03.09-11.32.47:976][  0]LogConfig: Setting CVar [[r.Tonemapper.Quality:5]]
[2022.03.09-11.32.47:976][  0]LogConfig: Setting CVar [[r.DOF.Gather.AccumulatorQuality:1        ; higher gathering accumulator quality]]
[2022.03.09-11.32.47:976][  0]LogConfig: Setting CVar [[r.DOF.Gather.PostfilterMethod:1          ; Median3x3 postfilering method]]
[2022.03.09-11.32.47:976][  0]LogConfig: Setting CVar [[r.DOF.Gather.EnableBokehSettings:0       ; no bokeh simulation when gathering]]
[2022.03.09-11.32.47:976][  0]LogConfig: Setting CVar [[r.DOF.Gather.RingCount:4                 ; medium number of samples when gathering]]
[2022.03.09-11.32.47:976][  0]LogConfig: Setting CVar [[r.DOF.Scatter.ForegroundCompositing:1    ; additive foreground scattering]]
[2022.03.09-11.32.47:976][  0]LogConfig: Setting CVar [[r.DOF.Scatter.BackgroundCompositing:2    ; additive background scattering]]
[2022.03.09-11.32.47:976][  0]LogConfig: Setting CVar [[r.DOF.Scatter.EnableBokehSettings:1      ; bokeh simulation when scattering]]
[2022.03.09-11.32.47:976][  0]LogConfig: Setting CVar [[r.DOF.Scatter.MaxSpriteRatio:0.1         ; only a maximum of 10% of scattered bokeh]]
[2022.03.09-11.32.47:976][  0]LogConfig: Setting CVar [[r.DOF.Recombine.Quality:1                ; cheap slight out of focus]]
[2022.03.09-11.32.47:976][  0]LogConfig: Setting CVar [[r.DOF.Recombine.EnableBokehSettings:0    ; no bokeh simulation on slight out of focus]]
[2022.03.09-11.32.47:976][  0]LogConfig: Setting CVar [[r.DOF.TemporalAAQuality:1                ; more stable temporal accumulation]]
[2022.03.09-11.32.47:976][  0]LogConfig: Setting CVar [[r.DOF.Kernel.MaxForegroundRadius:0.025]]
[2022.03.09-11.32.47:976][  0]LogConfig: Setting CVar [[r.DOF.Kernel.MaxBackgroundRadius:0.025]]
[2022.03.09-11.32.47:976][  0]LogConfig: Applying CVar settings from Section [TextureQuality@3] File [C:/Users/minjoo.kim/Desktop/chat/2022_CHAT_CLIENT/client/Saved/Config/Windows/Scalability.ini]
[2022.03.09-11.32.47:976][  0]LogConfig: Setting CVar [[r.Streaming.MipBias:0]]
[2022.03.09-11.32.47:976][  0]LogConfig: Setting CVar [[r.Streaming.AmortizeCPUToGPUCopy:0]]
[2022.03.09-11.32.47:976][  0]LogConfig: Setting CVar [[r.Streaming.MaxNumTexturesToStreamPerFrame:0]]
[2022.03.09-11.32.47:976][  0]LogConfig: Setting CVar [[r.Streaming.Boost:1]]
[2022.03.09-11.32.47:976][  0]LogConfig: Setting CVar [[r.MaxAnisotropy:8]]
[2022.03.09-11.32.47:977][  0]LogConfig: Setting CVar [[r.VT.MaxAnisotropy:8]]
[2022.03.09-11.32.47:977][  0]LogConfig: Setting CVar [[r.Streaming.LimitPoolSizeToVRAM:0]]
[2022.03.09-11.32.47:977][  0]LogConfig: Setting CVar [[r.Streaming.PoolSize:1000]]
[2022.03.09-11.32.47:977][  0]LogConfig: Setting CVar [[r.Streaming.MaxEffectiveScreenSize:0]]
[2022.03.09-11.32.47:977][  0]LogConfig: Applying CVar settings from Section [EffectsQuality@3] File [C:/Users/minjoo.kim/Desktop/chat/2022_CHAT_CLIENT/client/Saved/Config/Windows/Scalability.ini]
[2022.03.09-11.32.47:977][  0]LogConfig: Setting CVar [[r.TranslucencyLightingVolumeDim:64]]
[2022.03.09-11.32.47:977][  0]LogConfig: Setting CVar [[r.RefractionQuality:2]]
[2022.03.09-11.32.47:977][  0]LogConfig: Setting CVar [[r.SSR.Quality:3]]
[2022.03.09-11.32.47:977][  0]LogConfig: Setting CVar [[r.SSR.HalfResSceneColor:0]]
[2022.03.09-11.32.47:977][  0]LogConfig: Setting CVar [[r.SceneColorFormat:4]]
[2022.03.09-11.32.47:977][  0]LogConfig: Setting CVar [[r.DetailMode:2]]
[2022.03.09-11.32.47:977][  0]LogConfig: Setting CVar [[r.TranslucencyVolumeBlur:1]]
[2022.03.09-11.32.47:977][  0]LogConfig: Setting CVar [[r.MaterialQualityLevel:1 ; High quality]]
[2022.03.09-11.32.47:977][  0]LogConfig: Setting CVar [[r.AnisotropicMaterials:1]]
[2022.03.09-11.32.47:977][  0]LogConfig: Setting CVar [[r.SSS.Scale:1]]
[2022.03.09-11.32.47:977][  0]LogConfig: Setting CVar [[r.SSS.SampleSet:2]]
[2022.03.09-11.32.47:977][  0]LogConfig: Setting CVar [[r.SSS.Quality:1]]
[2022.03.09-11.32.47:977][  0]LogConfig: Setting CVar [[r.SSS.HalfRes:0]]
[2022.03.09-11.32.47:977][  0]LogConfig: Setting CVar [[r.SSGI.Quality:3]]
[2022.03.09-11.32.47:977][  0]LogConfig: Setting CVar [[r.EmitterSpawnRateScale:1.0]]
[2022.03.09-11.32.47:977][  0]LogConfig: Setting CVar [[r.ParticleLightQuality:2]]
[2022.03.09-11.32.47:977][  0]LogConfig: Setting CVar [[r.SkyAtmosphere.AerialPerspectiveLUT.FastApplyOnOpaque:1 ; Always have FastSkyLUT 1 in this case to avoid wrong sky]]
[2022.03.09-11.32.47:977][  0]LogConfig: Setting CVar [[r.SkyAtmosphere.AerialPerspectiveLUT.SampleCountMaxPerSlice:4]]
[2022.03.09-11.32.47:977][  0]LogConfig: Setting CVar [[r.SkyAtmosphere.AerialPerspectiveLUT.DepthResolution:16.0]]
[2022.03.09-11.32.47:977][  0]LogConfig: Setting CVar [[r.SkyAtmosphere.FastSkyLUT:1]]
[2022.03.09-11.32.47:977][  0]LogConfig: Setting CVar [[r.SkyAtmosphere.FastSkyLUT.SampleCountMin:4.0]]
[2022.03.09-11.32.47:977][  0]LogConfig: Setting CVar [[r.SkyAtmosphere.FastSkyLUT.SampleCountMax:128.0]]
[2022.03.09-11.32.47:977][  0]LogConfig: Setting CVar [[r.SkyAtmosphere.SampleCountMin:4.0]]
[2022.03.09-11.32.47:977][  0]LogConfig: Setting CVar [[r.SkyAtmosphere.SampleCountMax:128.0]]
[2022.03.09-11.32.47:978][  0]LogConfig: Setting CVar [[r.SkyAtmosphere.TransmittanceLUT.UseSmallFormat:0]]
[2022.03.09-11.32.47:978][  0]LogConfig: Setting CVar [[r.SkyAtmosphere.TransmittanceLUT.SampleCount:10.0]]
[2022.03.09-11.32.47:978][  0]LogConfig: Setting CVar [[r.SkyAtmosphere.MultiScatteringLUT.SampleCount:15.0]]
[2022.03.09-11.32.47:978][  0]LogConfig: Setting CVar [[r.SkyLight.RealTimeReflectionCapture:1]]
[2022.03.09-11.32.47:978][  0]LogConfig: Applying CVar settings from Section [FoliageQuality@3] File [C:/Users/minjoo.kim/Desktop/chat/2022_CHAT_CLIENT/client/Saved/Config/Windows/Scalability.ini]
[2022.03.09-11.32.47:978][  0]LogConfig: Setting CVar [[foliage.DensityScale:1.0]]
[2022.03.09-11.32.47:978][  0]LogConfig: Setting CVar [[grass.DensityScale:1.0]]
[2022.03.09-11.32.47:978][  0]LogConfig: Applying CVar settings from Section [ShadingQuality@3] File [C:/Users/minjoo.kim/Desktop/chat/2022_CHAT_CLIENT/client/Saved/Config/Windows/Scalability.ini]
[2022.03.09-11.32.47:978][  0]LogConfig: Setting CVar [[r.HairStrands.SkyLighting.IntegrationType:2]]
[2022.03.09-11.32.47:978][  0]LogConfig: Setting CVar [[r.HairStrands.SkyAO.SampleCount:4]]
[2022.03.09-11.32.47:978][  0]LogConfig: Setting CVar [[r.HairStrands.Visibility.MSAA.SamplePerPixel:4]]
[2022.03.09-11.32.47:978][  0]LogInit: Selected Device Profile: [Windows]
[2022.03.09-11.32.47:978][  0]LogInit: Applying CVar settings loaded from the selected device profile: [Windows]
[2022.03.09-11.32.47:978][  0]LogHAL: Display: Platform has ~ 32 GB [34185474048 / 34359738368 / 32], which maps to Largest [LargestMinGB=32, LargerMinGB=12, DefaultMinGB=8, SmallerMinGB=6, SmallestMinGB=0)
[2022.03.09-11.32.47:978][  0]LogInit: Going up to parent DeviceProfile []
[2022.03.09-11.32.47:978][  0]LogConfig: Applying CVar settings from Section [ViewDistanceQuality@3] File [C:/Users/minjoo.kim/Desktop/chat/2022_CHAT_CLIENT/client/Saved/Config/Windows/Scalability.ini]
[2022.03.09-11.32.47:978][  0]LogConfig: Setting CVar [[r.SkeletalMeshLODBias:0]]
[2022.03.09-11.32.47:978][  0]LogConfig: Setting CVar [[r.ViewDistanceScale:1.0]]
[2022.03.09-11.32.47:978][  0]LogConfig: Applying CVar settings from Section [AntiAliasingQuality@3] File [C:/Users/minjoo.kim/Desktop/chat/2022_CHAT_CLIENT/client/Saved/Config/Windows/Scalability.ini]
[2022.03.09-11.32.47:978][  0]LogConfig: Setting CVar [[r.PostProcessAAQuality:4]]
[2022.03.09-11.32.47:978][  0]LogConfig: Applying CVar settings from Section [ShadowQuality@3] File [C:/Users/minjoo.kim/Desktop/chat/2022_CHAT_CLIENT/client/Saved/Config/Windows/Scalability.ini]
[2022.03.09-11.32.47:978][  0]LogConfig: Setting CVar [[r.LightFunctionQuality:1]]
[2022.03.09-11.32.47:978][  0]LogConfig: Setting CVar [[r.ShadowQuality:5]]
[2022.03.09-11.32.47:978][  0]LogConfig: Setting CVar [[r.Shadow.CSM.MaxCascades:10]]
[2022.03.09-11.32.47:978][  0]LogConfig: Setting CVar [[r.Shadow.MaxResolution:2048]]
[2022.03.09-11.32.47:978][  0]LogConfig: Setting CVar [[r.Shadow.MaxCSMResolution:2048]]
[2022.03.09-11.32.47:979][  0]LogConfig: Setting CVar [[r.Shadow.RadiusThreshold:0.01]]
[2022.03.09-11.32.47:979][  0]LogConfig: Setting CVar [[r.Shadow.DistanceScale:1.0]]
[2022.03.09-11.32.47:979][  0]LogConfig: Setting CVar [[r.Shadow.CSM.TransitionScale:1.0]]
[2022.03.09-11.32.47:979][  0]LogConfig: Setting CVar [[r.Shadow.PreShadowResolutionFactor:1.0]]
[2022.03.09-11.32.47:979][  0]LogConfig: Setting CVar [[r.DistanceFieldShadowing:1]]
[2022.03.09-11.32.47:979][  0]LogConfig: Setting CVar [[r.DistanceFieldAO:1]]
[2022.03.09-11.32.47:979][  0]LogConfig: Setting CVar [[r.AOQuality:2]]
[2022.03.09-11.32.47:979][  0]LogConfig: Setting CVar [[r.VolumetricFog:1]]
[2022.03.09-11.32.47:979][  0]LogConfig: Setting CVar [[r.VolumetricFog.GridPixelSize:8]]
[2022.03.09-11.32.47:979][  0]LogConfig: Setting CVar [[r.VolumetricFog.GridSizeZ:128]]
[2022.03.09-11.32.47:979][  0]LogConfig: Setting CVar [[r.VolumetricFog.HistoryMissSupersampleCount:4]]
[2022.03.09-11.32.47:979][  0]LogConfig: Setting CVar [[r.LightMaxDrawDistanceScale:1]]
[2022.03.09-11.32.47:979][  0]LogConfig: Setting CVar [[r.CapsuleShadows:1]]
[2022.03.09-11.32.47:979][  0]LogConfig: Applying CVar settings from Section [PostProcessQuality@3] File [C:/Users/minjoo.kim/Desktop/chat/2022_CHAT_CLIENT/client/Saved/Config/Windows/Scalability.ini]
[2022.03.09-11.32.47:979][  0]LogConfig: Setting CVar [[r.MotionBlurQuality:4]]
[2022.03.09-11.32.47:979][  0]LogConfig: Setting CVar [[r.AmbientOcclusionMipLevelFactor:0.4]]
[2022.03.09-11.32.47:979][  0]LogConfig: Setting CVar [[r.AmbientOcclusionMaxQuality:100]]
[2022.03.09-11.32.47:979][  0]LogConfig: Setting CVar [[r.AmbientOcclusionLevels:-1]]
[2022.03.09-11.32.47:979][  0]LogConfig: Setting CVar [[r.AmbientOcclusionRadiusScale:1.0]]
[2022.03.09-11.32.47:979][  0]LogConfig: Setting CVar [[r.DepthOfFieldQuality:2]]
[2022.03.09-11.32.47:979][  0]LogConfig: Setting CVar [[r.RenderTargetPoolMin:400]]
[2022.03.09-11.32.47:979][  0]LogConfig: Setting CVar [[r.LensFlareQuality:2]]
[2022.03.09-11.32.47:979][  0]LogConfig: Setting CVar [[r.SceneColorFringeQuality:1]]
[2022.03.09-11.32.47:979][  0]LogConfig: Setting CVar [[r.EyeAdaptationQuality:2]]
[2022.03.09-11.32.47:979][  0]LogConfig: Setting CVar [[r.BloomQuality:5]]
[2022.03.09-11.32.47:979][  0]LogConfig: Setting CVar [[r.FastBlurThreshold:100]]
[2022.03.09-11.32.47:979][  0]LogConfig: Setting CVar [[r.Upscale.Quality:3]]
[2022.03.09-11.32.47:979][  0]LogConfig: Setting CVar [[r.Tonemapper.GrainQuantization:1]]
[2022.03.09-11.32.47:979][  0]LogConfig: Setting CVar [[r.LightShaftQuality:1]]
[2022.03.09-11.32.47:980][  0]LogConfig: Setting CVar [[r.Filter.SizeScale:1]]
[2022.03.09-11.32.47:980][  0]LogConfig: Setting CVar [[r.Tonemapper.Quality:5]]
[2022.03.09-11.32.47:980][  0]LogConfig: Setting CVar [[r.DOF.Gather.AccumulatorQuality:1        ; higher gathering accumulator quality]]
[2022.03.09-11.32.47:980][  0]LogConfig: Setting CVar [[r.DOF.Gather.PostfilterMethod:1          ; Median3x3 postfilering method]]
[2022.03.09-11.32.47:980][  0]LogConfig: Setting CVar [[r.DOF.Gather.EnableBokehSettings:0       ; no bokeh simulation when gathering]]
[2022.03.09-11.32.47:980][  0]LogConfig: Setting CVar [[r.DOF.Gather.RingCount:4                 ; medium number of samples when gathering]]
[2022.03.09-11.32.47:980][  0]LogConfig: Setting CVar [[r.DOF.Scatter.ForegroundCompositing:1    ; additive foreground scattering]]
[2022.03.09-11.32.47:980][  0]LogConfig: Setting CVar [[r.DOF.Scatter.BackgroundCompositing:2    ; additive background scattering]]
[2022.03.09-11.32.47:980][  0]LogConfig: Setting CVar [[r.DOF.Scatter.EnableBokehSettings:1      ; bokeh simulation when scattering]]
[2022.03.09-11.32.47:980][  0]LogConfig: Setting CVar [[r.DOF.Scatter.MaxSpriteRatio:0.1         ; only a maximum of 10% of scattered bokeh]]
[2022.03.09-11.32.47:980][  0]LogConfig: Setting CVar [[r.DOF.Recombine.Quality:1                ; cheap slight out of focus]]
[2022.03.09-11.32.47:980][  0]LogConfig: Setting CVar [[r.DOF.Recombine.EnableBokehSettings:0    ; no bokeh simulation on slight out of focus]]
[2022.03.09-11.32.47:980][  0]LogConfig: Setting CVar [[r.DOF.TemporalAAQuality:1                ; more stable temporal accumulation]]
[2022.03.09-11.32.47:980][  0]LogConfig: Setting CVar [[r.DOF.Kernel.MaxForegroundRadius:0.025]]
[2022.03.09-11.32.47:980][  0]LogConfig: Setting CVar [[r.DOF.Kernel.MaxBackgroundRadius:0.025]]
[2022.03.09-11.32.47:980][  0]LogConfig: Applying CVar settings from Section [TextureQuality@3] File [C:/Users/minjoo.kim/Desktop/chat/2022_CHAT_CLIENT/client/Saved/Config/Windows/Scalability.ini]
[2022.03.09-11.32.47:980][  0]LogConfig: Setting CVar [[r.Streaming.MipBias:0]]
[2022.03.09-11.32.47:980][  0]LogConfig: Setting CVar [[r.Streaming.AmortizeCPUToGPUCopy:0]]
[2022.03.09-11.32.47:980][  0]LogConfig: Setting CVar [[r.Streaming.MaxNumTexturesToStreamPerFrame:0]]
[2022.03.09-11.32.47:980][  0]LogConfig: Setting CVar [[r.Streaming.Boost:1]]
[2022.03.09-11.32.47:980][  0]LogConfig: Setting CVar [[r.MaxAnisotropy:8]]
[2022.03.09-11.32.47:980][  0]LogConfig: Setting CVar [[r.VT.MaxAnisotropy:8]]
[2022.03.09-11.32.47:980][  0]LogConfig: Setting CVar [[r.Streaming.LimitPoolSizeToVRAM:0]]
[2022.03.09-11.32.47:980][  0]LogConfig: Setting CVar [[r.Streaming.PoolSize:1000]]
[2022.03.09-11.32.47:980][  0]LogConfig: Setting CVar [[r.Streaming.MaxEffectiveScreenSize:0]]
[2022.03.09-11.32.47:980][  0]LogConfig: Applying CVar settings from Section [EffectsQuality@3] File [C:/Users/minjoo.kim/Desktop/chat/2022_CHAT_CLIENT/client/Saved/Config/Windows/Scalability.ini]
[2022.03.09-11.32.47:980][  0]LogConfig: Setting CVar [[r.TranslucencyLightingVolumeDim:64]]
[2022.03.09-11.32.47:980][  0]LogConfig: Setting CVar [[r.RefractionQuality:2]]
[2022.03.09-11.32.47:981][  0]LogConfig: Setting CVar [[r.SSR.Quality:3]]
[2022.03.09-11.32.47:981][  0]LogConfig: Setting CVar [[r.SSR.HalfResSceneColor:0]]
[2022.03.09-11.32.47:981][  0]LogConfig: Setting CVar [[r.SceneColorFormat:4]]
[2022.03.09-11.32.47:981][  0]LogConfig: Setting CVar [[r.DetailMode:2]]
[2022.03.09-11.32.47:981][  0]LogConfig: Setting CVar [[r.TranslucencyVolumeBlur:1]]
[2022.03.09-11.32.47:981][  0]LogConfig: Setting CVar [[r.MaterialQualityLevel:1 ; High quality]]
[2022.03.09-11.32.47:981][  0]LogConfig: Setting CVar [[r.AnisotropicMaterials:1]]
[2022.03.09-11.32.47:981][  0]LogConfig: Setting CVar [[r.SSS.Scale:1]]
[2022.03.09-11.32.47:981][  0]LogConfig: Setting CVar [[r.SSS.SampleSet:2]]
[2022.03.09-11.32.47:981][  0]LogConfig: Setting CVar [[r.SSS.Quality:1]]
[2022.03.09-11.32.47:981][  0]LogConfig: Setting CVar [[r.SSS.HalfRes:0]]
[2022.03.09-11.32.47:981][  0]LogConfig: Setting CVar [[r.SSGI.Quality:3]]
[2022.03.09-11.32.47:981][  0]LogConfig: Setting CVar [[r.EmitterSpawnRateScale:1.0]]
[2022.03.09-11.32.47:981][  0]LogConfig: Setting CVar [[r.ParticleLightQuality:2]]
[2022.03.09-11.32.47:981][  0]LogConfig: Setting CVar [[r.SkyAtmosphere.AerialPerspectiveLUT.FastApplyOnOpaque:1 ; Always have FastSkyLUT 1 in this case to avoid wrong sky]]
[2022.03.09-11.32.47:981][  0]LogConfig: Setting CVar [[r.SkyAtmosphere.AerialPerspectiveLUT.SampleCountMaxPerSlice:4]]
[2022.03.09-11.32.47:981][  0]LogConfig: Setting CVar [[r.SkyAtmosphere.AerialPerspectiveLUT.DepthResolution:16.0]]
[2022.03.09-11.32.47:981][  0]LogConfig: Setting CVar [[r.SkyAtmosphere.FastSkyLUT:1]]
[2022.03.09-11.32.47:981][  0]LogConfig: Setting CVar [[r.SkyAtmosphere.FastSkyLUT.SampleCountMin:4.0]]
[2022.03.09-11.32.47:981][  0]LogConfig: Setting CVar [[r.SkyAtmosphere.FastSkyLUT.SampleCountMax:128.0]]
[2022.03.09-11.32.47:981][  0]LogConfig: Setting CVar [[r.SkyAtmosphere.SampleCountMin:4.0]]
[2022.03.09-11.32.47:981][  0]LogConfig: Setting CVar [[r.SkyAtmosphere.SampleCountMax:128.0]]
[2022.03.09-11.32.47:981][  0]LogConfig: Setting CVar [[r.SkyAtmosphere.TransmittanceLUT.UseSmallFormat:0]]
[2022.03.09-11.32.47:981][  0]LogConfig: Setting CVar [[r.SkyAtmosphere.TransmittanceLUT.SampleCount:10.0]]
[2022.03.09-11.32.47:981][  0]LogConfig: Setting CVar [[r.SkyAtmosphere.MultiScatteringLUT.SampleCount:15.0]]
[2022.03.09-11.32.47:981][  0]LogConfig: Setting CVar [[r.SkyLight.RealTimeReflectionCapture:1]]
[2022.03.09-11.32.47:981][  0]LogConfig: Applying CVar settings from Section [FoliageQuality@3] File [C:/Users/minjoo.kim/Desktop/chat/2022_CHAT_CLIENT/client/Saved/Config/Windows/Scalability.ini]
[2022.03.09-11.32.47:981][  0]LogConfig: Setting CVar [[foliage.DensityScale:1.0]]
[2022.03.09-11.32.47:981][  0]LogConfig: Setting CVar [[grass.DensityScale:1.0]]
[2022.03.09-11.32.47:981][  0]LogConfig: Applying CVar settings from Section [ShadingQuality@3] File [C:/Users/minjoo.kim/Desktop/chat/2022_CHAT_CLIENT/client/Saved/Config/Windows/Scalability.ini]
[2022.03.09-11.32.47:982][  0]LogConfig: Setting CVar [[r.HairStrands.SkyLighting.IntegrationType:2]]
[2022.03.09-11.32.47:982][  0]LogConfig: Setting CVar [[r.HairStrands.SkyAO.SampleCount:4]]
[2022.03.09-11.32.47:982][  0]LogConfig: Setting CVar [[r.HairStrands.Visibility.MSAA.SamplePerPixel:4]]
[2022.03.09-11.32.47:982][  0]LogConfig: Applying CVar settings from Section [Startup] File [../../../Engine/Config/ConsoleVariables.ini]
[2022.03.09-11.32.47:982][  0]LogConfig: Setting CVar [[net.UseAdaptiveNetUpdateFrequency:0]]
[2022.03.09-11.32.47:982][  0]LogConfig: Setting CVar [[p.chaos.AllowCreatePhysxBodies:1]]
[2022.03.09-11.32.47:982][  0]LogConfig: Setting CVar [[fx.SkipVectorVMBackendOptimizations:1]]
[2022.03.09-11.32.47:982][  0]LogConfig: Applying CVar settings from Section [ConsoleVariables] File [C:/Users/minjoo.kim/Desktop/chat/2022_CHAT_CLIENT/client/Saved/Config/Windows/Engine.ini]
[2022.03.09-11.32.47:982][  0]LogConfig: Applying CVar settings from Section [ConsoleVariables] File [C:/Users/minjoo.kim/Desktop/chat/2022_CHAT_CLIENT/client/Saved/Config/Windows/Editor.ini]
[2022.03.09-11.32.47:982][  0]LogInit: Computer: TG-P2107058
[2022.03.09-11.32.47:982][  0]LogInit: User: minjookim
[2022.03.09-11.32.47:982][  0]LogInit: CPU Page size=4096, Cores=8
[2022.03.09-11.32.47:982][  0]LogInit: High frequency timer resolution =10.000000 MHz
[2022.03.09-11.32.47:982][  0]LogMemory: Memory total: Physical=31.8GB (32GB approx)
[2022.03.09-11.32.47:982][  0]LogMemory: Platform Memory Stats for Windows
[2022.03.09-11.32.47:982][  0]LogMemory: Process Physical Memory: 150.16 MB used, 150.16 MB peak
[2022.03.09-11.32.47:982][  0]LogMemory: Process Virtual Memory: 129.75 MB used, 129.75 MB peak
[2022.03.09-11.32.47:982][  0]LogMemory: Physical Memory: 11230.62 MB used,  21371.18 MB free, 32601.81 MB total
[2022.03.09-11.32.47:982][  0]LogMemory: Virtual Memory: 134166960.00 MB used,  50765.34 MB free, 134217728.00 MB total
[2022.03.09-11.32.47:992][  0]LogWindows: WindowsPlatformFeatures enabled
[2022.03.09-11.32.48:119][  0]LogInit: Physics initialised using underlying interface: PhysX
[2022.03.09-11.32.48:120][  0]LogInit: Using OS detected language (ko-KR).
[2022.03.09-11.32.48:120][  0]LogInit: Using OS detected locale (ko-KR).
[2022.03.09-11.32.48:124][  0]LogTextLocalizationManager: No specific localization for 'ko-KR' exists, so the 'ko' localization will be used.
[2022.03.09-11.32.48:222][  0]LogInit: Setting process to per monitor DPI aware
[2022.03.09-11.32.48:277][  0]LogWindowsTextInputMethodSystem: Display: IME system deactivated.
[2022.03.09-11.32.48:291][  0]LogSlate: New Slate User Created.  User Index 0, Is Virtual User: 0
[2022.03.09-11.32.48:291][  0]LogSlate: Slate User Registered.  User Index 0, Is Virtual User: 0
[2022.03.09-11.32.48:485][  0]LogD3D11RHI: Loaded GFSDK_Aftermath_Lib.x64.dll
[2022.03.09-11.32.48:489][  0]LogHMD: Failed to initialize OpenVR with code 110
[2022.03.09-11.32.48:490][  0]LogD3D11RHI: D3D11 min allowed feature level: 11_0
[2022.03.09-11.32.48:490][  0]LogD3D11RHI: D3D11 max allowed feature level: 11_0
[2022.03.09-11.32.48:490][  0]LogD3D11RHI: D3D11 adapters:
[2022.03.09-11.32.48:605][  0]LogD3D11RHI:    0. 'NVIDIA GeForce RTX 2060' (Feature Level 11_0)
[2022.03.09-11.32.48:605][  0]LogD3D11RHI:       5980/0/16300 MB DedicatedVideo/DedicatedSystem/SharedSystem, Outputs:1, VendorId:0x10de
[2022.03.09-11.32.48:609][  0]LogD3D11RHI:    1. 'Microsoft Basic Render Driver' (Feature Level 11_0)
[2022.03.09-11.32.48:610][  0]LogD3D11RHI:       0/0/16300 MB DedicatedVideo/DedicatedSystem/SharedSystem, Outputs:0, VendorId:0x1414
[2022.03.09-11.32.48:679][  0]LogD3D11RHI:    2. 'NVIDIA GeForce RTX 2060' (Feature Level 11_0)
[2022.03.09-11.32.48:679][  0]LogD3D11RHI:       5980/0/16300 MB DedicatedVideo/DedicatedSystem/SharedSystem, Outputs:0, VendorId:0x10de
[2022.03.09-11.32.48:679][  0]LogD3D11RHI: Chosen D3D11 Adapter:
[2022.03.09-11.32.48:679][  0]LogD3D11RHI:     Description : NVIDIA GeForce RTX 2060
[2022.03.09-11.32.48:679][  0]LogD3D11RHI:     VendorId    : 10de
[2022.03.09-11.32.48:679][  0]LogD3D11RHI:     DeviceId    : 1f08
[2022.03.09-11.32.48:679][  0]LogD3D11RHI:     SubSysId    : 152719da
[2022.03.09-11.32.48:679][  0]LogD3D11RHI:     Revision    : 00a1
[2022.03.09-11.32.48:679][  0]LogD3D11RHI:     DedicatedVideoMemory : 6270484480 bytes
[2022.03.09-11.32.48:679][  0]LogD3D11RHI:     DedicatedSystemMemory : 0 bytes
[2022.03.09-11.32.48:679][  0]LogD3D11RHI:     SharedSystemMemory : 17092737024 bytes
[2022.03.09-11.32.48:679][  0]LogD3D11RHI:     AdapterLuid : 0 49222
[2022.03.09-11.32.48:683][  0]LogD3D11RHI: Creating new Direct3DDevice
[2022.03.09-11.32.48:684][  0]LogD3D11RHI:     GPU DeviceId: 0x1f08 (for the marketing name, search the web for "GPU Device Id")
[2022.03.09-11.32.48:684][  0]LogWindows: EnumDisplayDevices:
[2022.03.09-11.32.48:684][  0]LogWindows:    0. 'Microsoft Remote Display Adapter' (P:1 D:1)
[2022.03.09-11.32.48:684][  0]LogWindows:    1. 'Microsoft Remote Display Adapter' (P:0 D:0)
[2022.03.09-11.32.48:684][  0]LogWindows:    2. 'Microsoft Remote Display Adapter' (P:0 D:0)
[2022.03.09-11.32.48:684][  0]LogWindows:    3. 'Microsoft Remote Display Adapter' (P:0 D:0)
[2022.03.09-11.32.48:684][  0]LogWindows:    4. 'Microsoft Remote Display Adapter' (P:0 D:0)
[2022.03.09-11.32.48:684][  0]LogWindows:    5. 'Microsoft Remote Display Adapter' (P:0 D:0)
[2022.03.09-11.32.48:684][  0]LogWindows:    6. 'Microsoft Remote Display Adapter' (P:0 D:0)
[2022.03.09-11.32.48:684][  0]LogWindows:    7. 'Microsoft Remote Display Adapter' (P:0 D:0)
[2022.03.09-11.32.48:684][  0]LogWindows:    8. 'Microsoft Remote Display Adapter' (P:0 D:0)
[2022.03.09-11.32.48:684][  0]LogWindows:    9. 'Microsoft Remote Display Adapter' (P:0 D:0)
[2022.03.09-11.32.48:685][  0]LogWindows:    10. 'Microsoft Remote Display Adapter' (P:0 D:0)
[2022.03.09-11.32.48:685][  0]LogWindows:    11. 'Microsoft Remote Display Adapter' (P:0 D:0)
[2022.03.09-11.32.48:685][  0]LogWindows:    12. 'Microsoft Remote Display Adapter' (P:0 D:0)
[2022.03.09-11.32.48:685][  0]LogWindows:    13. 'Microsoft Remote Display Adapter' (P:0 D:0)
[2022.03.09-11.32.48:685][  0]LogWindows:    14. 'Microsoft Remote Display Adapter' (P:0 D:0)
[2022.03.09-11.32.48:685][  0]LogWindows:    15. 'Microsoft Remote Display Adapter' (P:0 D:0)
[2022.03.09-11.32.48:685][  0]LogWindows: DebugString: PrimaryDriverLocationFailed PrimaryDriverLocationFailed PrimaryDriverLocationFailed PrimaryDriverLocationFailed PrimaryDriverLocationFailed PrimaryDriverLocationFailed PrimaryDriverLocationFailed PrimaryDriverLocationFailed PrimaryDriverLocationFailed PrimaryDriverLocationFailed PrimaryDriverLocationFailed PrimaryDriverLocationFailed PrimaryDriverLocationFailed PrimaryDriverLocationFailed PrimaryDriverLocationFailed PrimaryDriverLocationFailed FoundDriverCount:0 
[2022.03.09-11.32.48:685][  0]LogD3D11RHI:     Adapter Name: NVIDIA GeForce RTX 2060
[2022.03.09-11.32.48:685][  0]LogD3D11RHI:   Driver Version: Unknown (internal:Unknown, unified:Unknown)
[2022.03.09-11.32.48:685][  0]LogD3D11RHI:      Driver Date: Unknown
[2022.03.09-11.32.48:685][  0]LogRHI: Texture pool is 4186 MB (70% of 5980 MB)
[2022.03.09-11.32.48:685][  0]LogD3D11RHI: Creating D3DDevice using adapter:
[2022.03.09-11.32.48:685][  0]LogD3D11RHI:     Description : NVIDIA GeForce RTX 2060
[2022.03.09-11.32.48:685][  0]LogD3D11RHI:     VendorId    : 10de
[2022.03.09-11.32.48:685][  0]LogD3D11RHI:     DeviceId    : 1f08
[2022.03.09-11.32.48:685][  0]LogD3D11RHI:     SubSysId    : 152719da
[2022.03.09-11.32.48:685][  0]LogD3D11RHI:     Revision    : 00a1
[2022.03.09-11.32.48:685][  0]LogD3D11RHI:     DedicatedVideoMemory : 6270484480 bytes
[2022.03.09-11.32.48:685][  0]LogD3D11RHI:     DedicatedSystemMemory : 0 bytes
[2022.03.09-11.32.48:685][  0]LogD3D11RHI:     SharedSystemMemory : 17092737024 bytes
[2022.03.09-11.32.48:685][  0]LogD3D11RHI:     AdapterLuid : 0 49222
[2022.03.09-11.32.48:750][  0]LogD3D11RHI: RHI has support for 64 bit atomics
[2022.03.09-11.32.48:750][  0]LogD3D11RHI: Async texture creation enabled
[2022.03.09-11.32.48:750][  0]LogD3D11RHI: Array index from any shader is supported
[2022.03.09-11.32.48:763][  0]LogD3D11RHI: GPU Timing Frequency: 1000.000000 (Debug: 2 1)
[2022.03.09-11.32.48:790][  0]LogRHI: GeForceNow SDK initialized: 1
[2022.03.09-11.32.49:003][  0]LogTargetPlatformManager: Display: Loaded TargetPlatform 'AllDesktop'
[2022.03.09-11.32.49:019][  0]LogTargetPlatformManager: Display: Loaded TargetPlatform 'Android'
[2022.03.09-11.32.49:019][  0]LogTargetPlatformManager: Display: Loaded TargetPlatform 'Android_ASTC'
[2022.03.09-11.32.49:020][  0]LogTargetPlatformManager: Display: Loaded TargetPlatform 'Android_DXT'
[2022.03.09-11.32.49:020][  0]LogTargetPlatformManager: Display: Loaded TargetPlatform 'Android_ETC2'
[2022.03.09-11.32.49:020][  0]LogTargetPlatformManager: Display: Loaded TargetPlatform 'AndroidClient'
[2022.03.09-11.32.49:020][  0]LogTargetPlatformManager: Display: Loaded TargetPlatform 'Android_ASTCClient'
[2022.03.09-11.32.49:020][  0]LogTargetPlatformManager: Display: Loaded TargetPlatform 'Android_DXTClient'
[2022.03.09-11.32.49:020][  0]LogTargetPlatformManager: Display: Loaded TargetPlatform 'Android_ETC2Client'
[2022.03.09-11.32.49:020][  0]LogTargetPlatformManager: Display: Loaded TargetPlatform 'Android_Multi'
[2022.03.09-11.32.49:020][  0]LogTargetPlatformManager: Display: Loaded TargetPlatform 'Android_MultiClient'
[2022.03.09-11.32.49:041][  0]LogTargetPlatformManager: Display: Loaded TargetPlatform 'IOSClient'
[2022.03.09-11.32.49:041][  0]LogTargetPlatformManager: Display: Loaded TargetPlatform 'IOS'
[2022.03.09-11.32.49:050][  0]LogTargetPlatformManager: Display: Loaded TargetPlatform 'Linux'
[2022.03.09-11.32.49:056][  0]LogTargetPlatformManager: Display: Loaded TargetPlatform 'LinuxNoEditor'
[2022.03.09-11.32.49:062][  0]LogTargetPlatformManager: Display: Loaded TargetPlatform 'LinuxClient'
[2022.03.09-11.32.49:067][  0]LogTargetPlatformManager: Display: Loaded TargetPlatform 'LinuxServer'
[2022.03.09-11.32.49:075][  0]LogTargetPlatformManager: Display: Loaded TargetPlatform 'LinuxAArch64NoEditor'
[2022.03.09-11.32.49:081][  0]LogTargetPlatformManager: Display: Loaded TargetPlatform 'LinuxAArch64Client'
[2022.03.09-11.32.49:086][  0]LogTargetPlatformManager: Display: Loaded TargetPlatform 'LinuxAArch64Server'
[2022.03.09-11.32.49:103][  0]LogTargetPlatformManager: Display: Loaded TargetPlatform 'Lumin'
[2022.03.09-11.32.49:104][  0]LogTargetPlatformManager: Display: Loaded TargetPlatform 'LuminClient'
[2022.03.09-11.32.49:111][  0]LogTargetPlatformManager: Display: Loaded TargetPlatform 'MacNoEditor'
[2022.03.09-11.32.49:117][  0]LogTargetPlatformManager: Display: Loaded TargetPlatform 'Mac'
[2022.03.09-11.32.49:122][  0]LogTargetPlatformManager: Display: Loaded TargetPlatform 'MacClient'
[2022.03.09-11.32.49:127][  0]LogTargetPlatformManager: Display: Loaded TargetPlatform 'MacServer'
[2022.03.09-11.32.49:136][  0]LogTargetPlatformManager: Display: Loaded TargetPlatform 'TVOSClient'
[2022.03.09-11.32.49:136][  0]LogTargetPlatformManager: Display: Loaded TargetPlatform 'TVOS'
[2022.03.09-11.32.49:144][  0]LogTargetPlatformManager: Display: Loaded TargetPlatform 'WindowsNoEditor'
[2022.03.09-11.32.49:149][  0]LogTargetPlatformManager: Display: Loaded TargetPlatform 'Windows'
[2022.03.09-11.32.49:154][  0]LogTargetPlatformManager: Display: Loaded TargetPlatform 'WindowsClient'
[2022.03.09-11.32.49:159][  0]LogTargetPlatformManager: Display: Loaded TargetPlatform 'WindowsServer'
[2022.03.09-11.32.49:160][  0]LogTargetPlatformManager: Display: Building Assets For Windows
[2022.03.09-11.32.49:173][  0]LogAudioDebug: Display: Lib vorbis DLL was dynamically loaded.
[2022.03.09-11.32.49:216][  0]LogTextureFormatOodle: Display: Oodle Texture 2.9.0 init RDO Off
[2022.03.09-11.32.49:270][  0]LogRendererCore: Ray tracing is disabled. Reason: r.RayTracing=0.
[2022.03.09-11.32.49:270][  0]LogShaderCompilers: Guid format shader working directory is -20 characters bigger than the processId version (../../../../../../Users/minjoo.kim/Desktop/chat/2022_CHAT_CLIENT/client/Intermediate/Shaders/WorkingDirectory/8160/).
[2022.03.09-11.32.49:270][  0]LogShaderCompilers: Cleaned the shader compiler working directory 'C:/Users/minjoo.kim/AppData/Local/Temp/UnrealShaderWorkingDir/0CB22795446AA5497B7B25829C812E8C/'.
[2022.03.09-11.32.49:271][  0]LogXGEController: Cannot use XGE Controller as Incredibuild is not installed on this machine.
[2022.03.09-11.32.49:271][  0]LogShaderCompilers: Cannot use XGE Shader Compiler as Incredibuild is not installed on this machine.
[2022.03.09-11.32.49:271][  0]LogShaderCompilers: Display: Using Local Shader Compiler.
[2022.03.09-11.32.49:879][  0]LogDerivedDataCache: Display: Max Cache Size: 512 MB
[2022.03.09-11.32.49:940][  0]LogDerivedDataCache: Loaded boot cache 0.06s 94MB C:/Users/minjoo.kim/AppData/Local/UnrealEngine/4.27/DerivedDataCache/Boot.ddc.
[2022.03.09-11.32.49:941][  0]LogDerivedDataCache: Display: Loaded Boot cache: C:/Users/minjoo.kim/AppData/Local/UnrealEngine/4.27/DerivedDataCache/Boot.ddc
[2022.03.09-11.32.49:941][  0]LogDerivedDataCache: FDerivedDataBackendGraph:  Pak pak cache file ../../../../../../Users/minjoo.kim/Desktop/chat/2022_CHAT_CLIENT/client/DerivedDataCache/DDC.ddp not found, will not use a pak cache.
[2022.03.09-11.32.49:941][  0]LogDerivedDataCache: Unable to find inner node Pak for hierarchical cache Hierarchy.
[2022.03.09-11.32.49:941][  0]LogDerivedDataCache: FDerivedDataBackendGraph:  CompressedPak pak cache file ../../../../../../Users/minjoo.kim/Desktop/chat/2022_CHAT_CLIENT/client/DerivedDataCache/Compressed.ddp not found, will not use a pak cache.
[2022.03.09-11.32.49:942][  0]LogDerivedDataCache: Unable to find inner node CompressedPak for hierarchical cache Hierarchy.
[2022.03.09-11.32.49:954][  0]LogDerivedDataCache: Display: Pak cache opened for reading ../../../Engine/DerivedDataCache/Compressed.ddp.
[2022.03.09-11.32.49:954][  0]LogDerivedDataCache: FDerivedDataBackendGraph:  EnterprisePak pak cache file ../../../Enterprise/DerivedDataCache/Compressed.ddp not found, will not use a pak cache.
[2022.03.09-11.32.49:954][  0]LogDerivedDataCache: Unable to find inner node EnterprisePak for hierarchical cache Hierarchy.
[2022.03.09-11.32.49:966][  0]LogDerivedDataCache: Speed tests for C:/Users/minjoo.kim/AppData/Local/UnrealEngine/Common/DerivedDataCache took 0.01 seconds
[2022.03.09-11.32.49:966][  0]LogDerivedDataCache: Display: Performance to C:/Users/minjoo.kim/AppData/Local/UnrealEngine/Common/DerivedDataCache: Latency=0.03ms. RandomReadSpeed=200.00MBs, RandomWriteSpeed=138.98MBs. Assigned SpeedClass 'Local'
[2022.03.09-11.32.49:968][  0]LogDerivedDataCache: Using Local data cache path C:/Users/minjoo.kim/AppData/Local/UnrealEngine/Common/DerivedDataCache: Writable
[2022.03.09-11.32.49:968][  0]LogDerivedDataCache: Shared data cache path not found in *engine.ini, will not use an Shared cache.
[2022.03.09-11.32.49:968][  0]LogDerivedDataCache: Unable to find inner node Shared for hierarchical cache Hierarchy.
[2022.03.09-11.32.50:001][  0]LogSlate: Using FreeType 2.10.0
[2022.03.09-11.32.50:002][  0]LogSlate: SlateFontServices - WITH_FREETYPE: 1, WITH_HARFBUZZ: 1
[2022.03.09-11.32.50:024][  0]LogAssetRegistry: FAssetRegistry took 0.0034 seconds to start up
[2022.03.09-11.32.50:168][  0]LogInit: Selected Device Profile: [Windows]
[2022.03.09-11.32.50:169][  0]LogInit: Active device profile: [0000029EF63A4D00][0000029EF39FB940 49] Windows
[2022.03.09-11.32.50:169][  0]LogInit: Profiles: [0000029EF63A4D00][0000029EF39FB940 49] Windows, [0000029EF637A300][0000029EEC88BAC0 49] WindowsNoEditor, [0000029EF63A5C00][0000029EEC88E0C0 49] WindowsServer, [0000029EF637B100][0000029EEC892240 49] WindowsClient, [0000029EF63A6900][0000029EEC8963C0 49] IOS, [0000029EF6379A00][0000029EEC89A540 49] iPadAir, [0000029EF63A7E00][0000029EEC89E6C0 49] iPadAir2, [0000029EF7315100][0000029EEC8A2900 49] IPadPro, [0000029EF7315200][0000029EEC886940 49] iPadAir3, [0000029EF6378C00][0000029EEC8A6A80 49] iPadAir4, [0000029EF7315E00][0000029EEC8AABC0 49] iPadMini2, [0000029EF637B300][0000029EEC8B2D40 49] iPadMini3, [0000029EF7317900][0000029EEC8B6EC0 49] iPadMini4, [0000029EF6379000][0000029EEC8BB040 49] iPadMini5, [0000029EF7350A00][0000029EEC8C3300 49] iPhone6, [0000029EF7350B00][0000029EEC8BF340 49] iPodTouch6, [0000029EF63A6D00][0000029EEC8CB600 49] iPhone7, [0000029EF63A6E00][0000029EEC8C7640 49] iPodTouch7, [0000029EF7317E00][0000029EEC8CF7C0 49] iPhone5S, [0000029EF63A4E00][0000029EF6295940 49] iPhone6Plus, [0000029EF7350100][0000029EF6299AC0 49] iPhone6S, [0000029EF7314300][0000029EF629C0C0 49] iPhone6SPlus, [0000029EF7352900][0000029EF62A0240 49] iPhone7Plus, [0000029EF7316200][0000029EF62A43C0 49] iPhoneSE, [0000029EF7352700][0000029EF62A8540 49] iPhone8, [0000029EF7314700][0000029EF62AC6C0 49] iPhone8Plus, [0000029EF7353200][0000029EF62B0840 49] iPhoneX, [0000029EF63A5500][0000029EEC8AE980 49] iPhoneXS, [0000029EF7352C00][0000029EF62B4AC0 49] iPhoneXSMax, [0000029EF63A5A00][0000029EF62B8C00 49] iPhoneXR, [0000029EF7350600][0000029EF62BCD40 49] iPhone11, [0000029EF63A4F00][0000029EF62C4EC0 49] iPhone11Pro, [0000029EF7351B00][0000029EF62C9040 49] iPhone11ProMax, [0000029EF63A7300][0000029EF62CD1C0 49] iPhoneSE2, [0000029EF7353B00][0000029EF62D1340 49] iPhone12Mini, [0000029EF63A6300][0000029EF62D54C0 49] iPhone12, [0000029EF7351000][0000029EF62D9640 49] iPhone12Pro, [0000029EF63A7F00][0000029EF62DD7C0 49] iPhone12ProMax, [0000029EF7351600][0000029EF62E1940 49] iPadPro105, [0000029EF63A4900][0000029EF62E5AC0 49] iPadPro129, [0000029EF7353E00][0000029EF62E80C0 49] iPadPro97, [0000029EF63A7700][0000029EF62EC240 49] iPadPro2_129, [0000029EF7350D00][0000029EF62F03C0 49] iPad5, [0000029EF63A5F00][0000029EF62F4540 49] iPad6, [0000029EF7351200][0000029EF62F86C0 49] iPad7, [0000029EF63A5100][0000029EF6304840 49] iPad8, [0000029EF7350200][0000029EF633C9C0 49] iPadPro11, [0000029EF63A7200][0000029EF6348B40 49] iPadPro2_11, [0000029EF7351700][0000029EF62C0C80 49] iPadPro3_129, [0000029EF63A7800][0000029EF634CDC0 49] iPadPro4_129, [0000029EF7350F00][0000029EF6350F00 49] AppleTV, [0000029EF63A6600][0000029EF6359080 49] AppleTV4K, [0000029EF7352200][0000029EF635D200 49] TVOS, [0000029EF63A7B00][0000029EF7481380 49] Mac, [0000029EF7351400][0000029EF7485500 49] MacClient, [0000029EF63A6100][0000029EF7489680 49] MacNoEditor, [0000029EF7352F00][0000029EF748D800 49] MacServer, [0000029EF63A5000][0000029EF7491980 49] Linux, [0000029EF7351F00][0000029EF7495B00 49] LinuxAArch64, [0000029EF63A7C00][0000029EF7498100 49] LinuxNoEditor, [0000029EF7353300][0000029EF749C280 49] LinuxAArch64NoEditor, [0000029EF63A5B00][0000029EF74A0400 49] LinuxClient, [0000029EF7350800][0000029EF74A4580 49] LinuxAArch64Client, [0000029EF63A5400][0000029EF74A8700 49] LinuxServer, [0000029EF7351100][0000029EF74AC880 49] LinuxAArch64Server, [0000029EF63A6F00][0000029EF74B0A00 49] Android, [0000029EF7352400][0000029EF74B4B80 49] Android_Low, [0000029EF63A7D00][0000029EF74B8D00 49] Android_Mid, [0000029EF7353900][0000029EF6354E40 49] Android_High, [0000029EF63A7400][0000029EF74BCF80 49] Android_Default, [0000029EF7352A00][0000029EF74C10C0 49] Android_Adreno4xx, [0000029EF63A4300][0000029EF74C9240 49] Android_Adreno5xx_Low, [0000029EF7353700][0000029EF74CD3C0 49] Android_Adreno5xx, [0000029EF63A5300][0000029EF74D1540 49] Android_Adreno6xx, [0000029EF6378500][0000029EF74D56C0 49] Android_Adreno6xx_Vulkan, [0000029EF7315F00][0000029EF74D9840 49] Android_Mali_T6xx, [0000029EF6378600][0000029EF74DD9C0 49] Android_Mali_T7xx, [0000029EF7317A00][0000029EF74E1B40 49] Android_Mali_T8xx, [0000029EF6378100][0000029EF74E4140 49] Android_Mali_G71, [0000029EF7317500][0000029EF74E82C0 49] Android_Mali_G72, [0000029EF6378400][0000029EF74EC440 49] Android_Mali_G72_Vulkan, [0000029EF7315800][0000029EF74F05C0 49] Android_Mali_G76, [0000029EF637B800][0000029EF74F4740 49] Android_Mali_G76_Vulkan, [0000029EF7316A00][0000029EF74F88C0 49] Android_Mali_G77, [0000029EF637B200][0000029EF74FCA40 49] Android_Mali_G77_Vulkan, [0000029EF7315600][0000029EF7500BC0 49] Android_Mali_G78, [0000029EF637A200][0000029EF7504D40 49] Android_Mali_G78_Vulkan, [0000029EF7314600][0000029EF7508EC0 49] Android_Mali_G710, [0000029EF6378300][0000029EF74C5000 49] Android_Mali_G710_Vulkan, [0000029EF7314200][0000029EF750D140 49] Android_Vulkan_SM5, [0000029EF6378200][0000029EF7511280 49] Android_PowerVR_G6xxx, [0000029EF7316500][0000029EF75153C0 49] Android_PowerVR_GT7xxx, [0000029EF637A600][0000029EF751D540 49] Android_PowerVR_GE8xxx, [0000029EF7315300][0000029EF75216C0 49] Android_PowerVR_GM9xxx, [0000029EF6378D00][0000029EF7525840 49] Android_PowerVR_GM9xxx_Vulkan, [0000029EF7317D00][0000029EF75299C0 49] Android_TegraK1, [0000029EF637A900][0000029EF752DB40 49] Android_Unknown_Vulkan, [0000029EF7317200][0000029EF7530140 49] Lumin, [0000029EF6378A00][0000029EF75342C0 49] Lumin_Desktop, [0000029EF7317300][0000029EF7538440 49] HoloLens, 
[2022.03.09-11.32.50:285][  0]LogMeshReduction: Using QuadricMeshReduction for automatic static mesh reduction
[2022.03.09-11.32.50:285][  0]LogMeshReduction: Using SimplygonMeshReduction for automatic skeletal mesh reduction
[2022.03.09-11.32.50:285][  0]LogMeshReduction: Using ProxyLODMeshReduction for automatic mesh merging
[2022.03.09-11.32.50:285][  0]LogMeshReduction: No distributed automatic mesh merging module available
[2022.03.09-11.32.50:285][  0]LogMeshMerging: No distributed automatic mesh merging module available
[2022.03.09-11.32.50:301][  0]LogNetVersion: client 1.0.0, NetCL: 17155196, EngineNetVer: 17, GameNetVer: 0 (Checksum: 356464601)
[2022.03.09-11.32.50:611][  0]LogTexture: Default maximum texture size for cubemaps generated from long-lat sources has been changed from 512 to unlimited. In order to preserve old behaiour for '/Engine/MapTemplates/Sky/DaylightAmbientCubemap.DaylightAmbientCubemap', its maximum texture size has been explicitly set to 512.
[2022.03.09-11.32.50:651][  0]LogHMD: PokeAHoleMaterial loaded successfully
[2022.03.09-11.32.50:654][  0]LogUObjectArray: 17178 objects as part of root set at end of initial load.
[2022.03.09-11.32.50:655][  0]LogUObjectAllocator: 4302048 out of 0 bytes used by permanent object pool.
[2022.03.09-11.32.50:655][  0]LogUObjectArray: CloseDisregardForGC: 0/0 objects in disregard for GC pool
[2022.03.09-11.32.51:066][  0]LogNiagaraDebuggerClient: Niagara Debugger Client Initialized | Session: E37C9F9A4C5725898A71C9AA03611138 | Instance: D9EAF0EA4229DBCB310BE3B4E86275D4 (TG-P2107058-8160).
[2022.03.09-11.32.51:108][  0]LogPython: Using Python 3.7.7
[2022.03.09-11.32.51:459][  0]LogTcpMessaging: Initializing TcpMessaging bridge
[2022.03.09-11.32.51:465][  0]LogUdpMessaging: Initializing bridge on interface 0.0.0.0:0 to multicast group 230.0.0.1:6666.
[2022.03.09-11.32.51:570][  0]LogLinker: Warning: '{FileName}': 파일을 찾을 수 없습니다. 로드에 실패했습니다.
[2022.03.09-11.32.51:570][  0]LogLinker: Warning: '{FileName}': 파일을 찾을 수 없습니다. 로드에 실패했습니다.
[2022.03.09-11.32.51:570][  0]LogUObjectGlobals: Warning: 'Class /Game/ThirdPersonBP/ThirdPersonOverview.ThirdPersonOverview_C' 오브젝트를 찾는 데 실패했습니다.
[2022.03.09-11.32.51:664][  0]SourceControl: 소스 컨트롤이 꺼졌습니다.
[2022.03.09-11.32.51:664][  0]SourceControl: 소스 컨트롤이 꺼졌습니다.
[2022.03.09-11.32.51:668][  0]SourceControl: 소스 컨트롤이 꺼졌습니다.
[2022.03.09-11.32.51:672][  0]SourceControl: 소스 컨트롤이 꺼졌습니다.
[2022.03.09-11.32.51:683][  0]SourceControl: 소스 컨트롤이 꺼졌습니다.
[2022.03.09-11.32.51:690][  0]LogUProjectInfo: Found projects:
[2022.03.09-11.32.51:936][  0]LogOpenImageDenoise: OIDN starting up
[2022.03.09-11.32.51:971][  0]LogAndroidPermission: UAndroidPermissionCallbackProxy::GetInstance
[2022.03.09-11.32.51:994][  0]LogAudioCaptureCore: Display: No Audio Capture implementations found. Audio input will be silent.
[2022.03.09-11.32.51:994][  0]LogAudioCaptureCore: Display: No Audio Capture implementations found. Audio input will be silent.
[2022.03.09-11.32.52:127][  0]LogCollectionManager: Loaded 0 collections in 0.001178 seconds
[2022.03.09-11.32.52:152][  0]LogFileCache: Scanning file cache for directory 'C:/Users/minjoo.kim/Desktop/chat/2022_CHAT_CLIENT/client/Saved/Collections/' took 0.00s
[2022.03.09-11.32.52:152][  0]LogFileCache: Scanning file cache for directory 'C:/Users/minjoo.kim/Desktop/chat/2022_CHAT_CLIENT/client/Content/Developers/minjookim/Collections/' took 0.00s
[2022.03.09-11.32.52:152][  0]LogFileCache: Scanning file cache for directory 'C:/Users/minjoo.kim/Desktop/chat/2022_CHAT_CLIENT/client/Content/Collections/' took 0.00s
[2022.03.09-11.32.52:152][  0]LogOcInput: OculusInput pre-init called
[2022.03.09-11.32.52:345][  0]LogEngine: Initializing Engine...
[2022.03.09-11.32.52:349][  0]LogHMD: Failed to enumerate extensions. Please check that you have a valid OpenXR runtime installed.
[2022.03.09-11.32.52:349][  0]LogHMD: Failed to initialize OpenVR with code 110
[2022.03.09-11.32.52:350][  0]LogMagicLeap: Warning: VR disabled because ZI is not enabled.  To enable, in the editor, Edit -> Project Settings -> Plugins -> Magic Leap Plugin -> Enable Zero Iteration
[2022.03.09-11.32.52:350][  0]LogStats: UGameplayTagsManager::InitializeManager -  0.000 s
[2022.03.09-11.32.52:444][  0]LogInit: Initializing FReadOnlyCVARCache
[2022.03.09-11.32.52:453][  0]LogAIModule: Creating AISystem for world Untitled
[2022.03.09-11.32.52:457][  0]LogAudio: Display: Initializing Audio Device Manager...
[2022.03.09-11.32.52:461][  0]LogAudio: Display: Loading Default Audio Settings Objects...
[2022.03.09-11.32.52:462][  0]LogAudio: Display: No default SoundConcurrencyObject specified (or failed to load).
[2022.03.09-11.32.52:463][  0]LogAudio: Display: Audio Device Manager Initialized
[2022.03.09-11.32.52:463][  0]LogAudio: Display: Creating Audio Device:                 Id: 1, Scope: Shared, Realtime: True
[2022.03.09-11.32.52:463][  0]LogAudioMixer: Display: Audio Mixer Platform Settings:
[2022.03.09-11.32.52:463][  0]LogAudioMixer: Display: 	Sample Rate:						  48000
[2022.03.09-11.32.52:463][  0]LogAudioMixer: Display: 	Callback Buffer Frame Size Requested: 1024
[2022.03.09-11.32.52:463][  0]LogAudioMixer: Display: 	Callback Buffer Frame Size To Use:	  1024
[2022.03.09-11.32.52:463][  0]LogAudioMixer: Display: 	Number of buffers to queue:			  2
[2022.03.09-11.32.52:463][  0]LogAudioMixer: Display: 	Max Channels (voices):				  32
[2022.03.09-11.32.52:464][  0]LogAudioMixer: Display: 	Number of Async Source Workers:		  0
[2022.03.09-11.32.52:464][  0]LogAudio: Display: AudioDevice MaxSources: 32
[2022.03.09-11.32.52:464][  0]LogAudio: Display: Audio Spatialization Plugin: None (built-in).
[2022.03.09-11.32.52:464][  0]LogAudio: Display: Audio Reverb Plugin: None (built-in).
[2022.03.09-11.32.52:464][  0]LogAudio: Display: Audio Occlusion Plugin: None (built-in).
[2022.03.09-11.32.52:464][  0]LogAudioMixer: Display: Initializing audio mixer.
[2022.03.09-11.32.52:480][  0]LogAudioMixer: Display: 0: FrontLeft
[2022.03.09-11.32.52:480][  0]LogAudioMixer: Display: 1: FrontRight
[2022.03.09-11.32.52:556][  0]LogAudioMixer: Display: Using Audio Device 원격 오디오
[2022.03.09-11.32.52:557][  0]LogAudioMixer: Display: Initializing Sound Submixes...
[2022.03.09-11.32.52:560][  0]LogAudioMixer: Display: Creating Master Submix 'MasterSubmixDefault'
[2022.03.09-11.32.52:560][  0]LogAudioMixer: Display: Creating Master Submix 'MasterReverbSubmixDefault'
[2022.03.09-11.32.52:561][  0]LogAudioMixer: Display: Creating Master Submix 'MasterEQSubmixDefault'
[2022.03.09-11.32.52:561][  0]LogAudioMixer: FMixerPlatformXAudio2::StartAudioStream() called
[2022.03.09-11.32.52:561][  0]LogAudioMixer: Display: Output buffers initialized: Frames=1024, Channels=2, Samples=2048
[2022.03.09-11.32.52:563][  0]LogAudioMixer: Display: Starting AudioMixerPlatformInterface::RunInternal()
[2022.03.09-11.32.52:563][  0]LogAudioMixer: Display: FMixerPlatformXAudio2::SubmitBuffer() called for the first time
[2022.03.09-11.32.52:563][  0]LogInit: FAudioDevice initialized.
[2022.03.09-11.32.52:563][  0]LogAudio: Display: Audio Device (ID: 1) registered with world 'Untitled'.
[2022.03.09-11.32.52:564][  0]LogNetVersion: Set ProjectVersion to 1.0.0.0. Version Checksum will be recalculated on next use.
[2022.03.09-11.32.52:598][  0]LogDerivedDataCache: Saved boot cache 0.04s 94MB C:/Users/minjoo.kim/AppData/Local/UnrealEngine/4.27/DerivedDataCache/Boot.ddc.
[2022.03.09-11.32.52:599][  0]LogInit: Texture streaming: Enabled
[2022.03.09-11.32.52:613][  0]LogAnalytics: Display: [UEEditor.Rocket.Release] APIServer = https://datarouter.ol.epicgames.com/. AppVersion = 4.27.2-18319896+++UE4+Release-4.27
[2022.03.09-11.32.52:622][  0]LogEngineSessionManager: EngineSessionManager initialized
[2022.03.09-11.32.52:622][  0]LogEngineSessionManager: EngineSessionManager sent abnormal shutdown report. Type=Debugger, SessionId={46492859-40F0-D87F-2875-5E80C74BB7D2}
[2022.03.09-11.32.52:622][  0]LogEngineSessionManager: EngineSessionManager sent abnormal shutdown report. Type=Debugger, SessionId={87112260-4D77-1D4C-BD16-47886167BD61}
[2022.03.09-11.32.52:622][  0]LogEngineSessionManager: EngineSessionManager sent abnormal shutdown report. Type=Debugger, SessionId={63584D4A-490B-EE74-A310-7E92DB16578E}
[2022.03.09-11.32.52:622][  0]LogEditorSessionSummary: Verbose: Initializing EditorSessionSummaryWriter for editor session tracking
[2022.03.09-11.32.52:625][  0]LogEditorSessionSummary: EditorSessionSummaryWriter initialized
[2022.03.09-11.32.52:654][  0]LogInit: Transaction tracking system initialized
[2022.03.09-11.32.52:681][  0]BlueprintLog: New page: 에디터 로드
[2022.03.09-11.32.52:754][  0]LocalizationService: 현지화 서비스가 비활성화되었습니다.
[2022.03.09-11.32.52:781][  0]TimingProfiler: Initialize
[2022.03.09-11.32.52:781][  0]TimingProfiler: OnSessionChanged
[2022.03.09-11.32.52:781][  0]LoadingProfiler: Initialize
[2022.03.09-11.32.52:781][  0]LoadingProfiler: OnSessionChanged
[2022.03.09-11.32.52:782][  0]NetworkingProfiler: Initialize
[2022.03.09-11.32.52:782][  0]NetworkingProfiler: OnSessionChanged
[2022.03.09-11.32.52:782][  0]MemoryProfiler: Initialize
[2022.03.09-11.32.52:782][  0]MemoryProfiler: OnSessionChanged
[2022.03.09-11.32.52:934][  0]LogCook: Display: CookSettings for Memory: MemoryMaxUsedVirtual 0MiB, MemoryMaxUsedPhysical 16384MiB, MemoryMinFreeVirtual 0MiB, MemoryMinFreePhysical 1024MiB
[2022.03.09-11.32.52:934][  0]LogCook: Display: Mobile HDR setting 1
[2022.03.09-11.32.53:136][  0]LogFileCache: Scanning file cache for directory 'C:/Users/minjoo.kim/Desktop/chat/2022_CHAT_CLIENT/client/Content/' took 0.00s
[2022.03.09-11.32.53:270][  0]LogInit: Display: Engine is initialized. Leaving FEngineLoop::Init()
[2022.03.09-11.32.53:273][  0]SourceControl: 소스 컨트롤이 꺼졌습니다.
[2022.03.09-11.32.53:273][  0]LogUnrealEdMisc: Loading editor; pre map load, took 6.439
[2022.03.09-11.32.53:274][  0]Cmd: MAP LOAD FILE="../../../../../../Users/minjoo.kim/Desktop/chat/2022_CHAT_CLIENT/client/Content/StarterContent/Maps/Minimal_Default.umap" TEMPLATE=0 SHOWPROGRESS=1 FEATURELEVEL=3
[2022.03.09-11.32.53:274][  0]LightingResults: New page: 라이팅 빌드
[2022.03.09-11.32.53:275][  0]LogWorld: UWorld::CleanupWorld for Untitled, bSessionEnded=true, bCleanupResources=true
[2022.03.09-11.32.53:275][  0]LogSlate: InvalidateAllWidgets triggered.  All widgets were invalidated
[2022.03.09-11.32.53:276][  0]MapCheck: New page: 맵 체크
[2022.03.09-11.32.53:276][  0]LightingResults: New page: 라이팅 빌드
[2022.03.09-11.32.53:279][  0]LogAudio: Display: Audio Device unregistered from world 'None'.
[2022.03.09-11.32.53:282][  0]LogUObjectHash: Compacting FUObjectHashTables data took   0.50ms
[2022.03.09-11.32.53:425][  0]LogAudio: Display: Audio Device (ID: 1) registered with world 'Minimal_Default'.
[2022.03.09-11.32.53:426][  0]LogAIModule: Creating AISystem for world Minimal_Default
[2022.03.09-11.32.53:435][  0]LogEditorServer: Finished looking for orphan Actors (0.000 secs)
[2022.03.09-11.32.53:440][  0]LogUObjectHash: Compacting FUObjectHashTables data took   0.53ms
[2022.03.09-11.32.53:440][  0]Cmd: MAP CHECKDEP NOCLEARLOG
[2022.03.09-11.32.53:441][  0]MapCheck: 맵 체크 완료: 오류 0 회, 경고 0 회, 소요 시간 0.116ms.
[2022.03.09-11.32.53:441][  0]LogFileHelpers: Loading map 'Minimal_Default' took 0.167
[2022.03.09-11.32.53:442][  0]LogUnrealEdMisc: Total Editor Startup Time, took 6.608
[2022.03.09-11.32.53:602][  0]LogSlate: Updating window title bar state: overlay mode, drag disabled, window buttons hidden, title bar hidden
[2022.03.09-11.32.53:605][  0]LogSlate: Updating window title bar state: overlay mode, drag disabled, window buttons hidden, title bar hidden
[2022.03.09-11.32.53:609][  0]LogSlate: Updating window title bar state: overlay mode, drag disabled, window buttons hidden, title bar hidden
[2022.03.09-11.32.53:613][  0]LogSlate: Updating window title bar state: overlay mode, drag disabled, window buttons hidden, title bar hidden
[2022.03.09-11.32.53:623][  0]LogNativeClassHierarchy: Verbose: Native class hierarchy populated in 0.0059 seconds. Added 3826 classes and 930 folders.
[2022.03.09-11.32.53:625][  0]LogNativeClassHierarchy: Verbose: Native class hierarchy updated for 'WidgetCarousel' in 0.0001 seconds. Added 0 classes and 0 folders.
[2022.03.09-11.32.53:627][  0]LogPakFile: PakFile PrimaryIndexSize=187
[2022.03.09-11.32.53:627][  0]LogPakFile: PakFile PathHashIndexSize=101
[2022.03.09-11.32.53:628][  0]LogPakFile: PakFile FullDirectoryIndexSize=148
[2022.03.09-11.32.53:628][  0]LogShaderLibrary: Display: ShaderCodeLibraryPakFileMountedCallback: PakFile 'C:/Program Files/Epic Games/UE_4.27/FeaturePacks/FP_FirstPerson.upack' (chunk index -1, root 'root:/') mounted
[2022.03.09-11.32.53:628][  0]LogShaderLibrary: Display: ShaderCodeLibraryPakFileMountedCallback: pending pak file info (ChunkID:-1 Root:root:/ File:C:/Program Files/Epic Games/UE_4.27/FeaturePacks/FP_FirstPerson.upack)
[2022.03.09-11.32.53:628][  0]LogPakFile: OnPakFileMounted2Time == 0.000343
[2022.03.09-11.32.53:630][  0]LogPakFile: PakFile PrimaryIndexSize=189
[2022.03.09-11.32.53:630][  0]LogPakFile: PakFile PathHashIndexSize=101
[2022.03.09-11.32.53:630][  0]LogPakFile: PakFile FullDirectoryIndexSize=152
[2022.03.09-11.32.53:630][  0]LogShaderLibrary: Display: ShaderCodeLibraryPakFileMountedCallback: PakFile 'C:/Program Files/Epic Games/UE_4.27/FeaturePacks/FP_FirstPersonBP.upack' (chunk index -1, root 'root:/') mounted
[2022.03.09-11.32.53:630][  0]LogShaderLibrary: Display: ShaderCodeLibraryPakFileMountedCallback: pending pak file info (ChunkID:-1 Root:root:/ File:C:/Program Files/Epic Games/UE_4.27/FeaturePacks/FP_FirstPersonBP.upack)
[2022.03.09-11.32.53:630][  0]LogPakFile: OnPakFileMounted2Time == 0.000296
[2022.03.09-11.32.53:631][  0]LogPakFile: PakFile PrimaryIndexSize=191
[2022.03.09-11.32.53:631][  0]LogPakFile: PakFile PathHashIndexSize=101
[2022.03.09-11.32.53:631][  0]LogPakFile: PakFile FullDirectoryIndexSize=160
[2022.03.09-11.32.53:631][  0]LogShaderLibrary: Display: ShaderCodeLibraryPakFileMountedCallback: PakFile 'C:/Program Files/Epic Games/UE_4.27/FeaturePacks/MobileStarterContent.upack' (chunk index -1, root 'root:/') mounted
[2022.03.09-11.32.53:631][  0]LogShaderLibrary: Display: ShaderCodeLibraryPakFileMountedCallback: pending pak file info (ChunkID:-1 Root:root:/ File:C:/Program Files/Epic Games/UE_4.27/FeaturePacks/MobileStarterContent.upack)
[2022.03.09-11.32.53:631][  0]LogPakFile: OnPakFileMounted2Time == 0.000086
[2022.03.09-11.32.53:632][  0]LogPakFile: PakFile PrimaryIndexSize=185
[2022.03.09-11.32.53:632][  0]LogPakFile: PakFile PathHashIndexSize=101
[2022.03.09-11.32.53:632][  0]LogPakFile: PakFile FullDirectoryIndexSize=148
[2022.03.09-11.32.53:632][  0]LogShaderLibrary: Display: ShaderCodeLibraryPakFileMountedCallback: PakFile 'C:/Program Files/Epic Games/UE_4.27/FeaturePacks/StarterContent.upack' (chunk index -1, root 'root:/') mounted
[2022.03.09-11.32.53:632][  0]LogShaderLibrary: Display: ShaderCodeLibraryPakFileMountedCallback: pending pak file info (ChunkID:-1 Root:root:/ File:C:/Program Files/Epic Games/UE_4.27/FeaturePacks/StarterContent.upack)
[2022.03.09-11.32.53:632][  0]LogPakFile: OnPakFileMounted2Time == 0.000087
[2022.03.09-11.32.53:633][  0]LogPakFile: PakFile PrimaryIndexSize=190
[2022.03.09-11.32.53:633][  0]LogPakFile: PakFile PathHashIndexSize=101
[2022.03.09-11.32.53:634][  0]LogPakFile: PakFile FullDirectoryIndexSize=154
[2022.03.09-11.32.53:634][  0]LogShaderLibrary: Display: ShaderCodeLibraryPakFileMountedCallback: PakFile 'C:/Program Files/Epic Games/UE_4.27/FeaturePacks/TP_2DSideScroller.upack' (chunk index -1, root 'root:/') mounted
[2022.03.09-11.32.53:634][  0]LogShaderLibrary: Display: ShaderCodeLibraryPakFileMountedCallback: pending pak file info (ChunkID:-1 Root:root:/ File:C:/Program Files/Epic Games/UE_4.27/FeaturePacks/TP_2DSideScroller.upack)
[2022.03.09-11.32.53:634][  0]LogPakFile: OnPakFileMounted2Time == 0.000081
[2022.03.09-11.32.53:635][  0]LogPakFile: PakFile PrimaryIndexSize=192
[2022.03.09-11.32.53:635][  0]LogPakFile: PakFile PathHashIndexSize=101
[2022.03.09-11.32.53:635][  0]LogPakFile: PakFile FullDirectoryIndexSize=158
[2022.03.09-11.32.53:635][  0]LogShaderLibrary: Display: ShaderCodeLibraryPakFileMountedCallback: PakFile 'C:/Program Files/Epic Games/UE_4.27/FeaturePacks/TP_2DSideScrollerBP.upack' (chunk index -1, root 'root:/') mounted
[2022.03.09-11.32.53:635][  0]LogShaderLibrary: Display: ShaderCodeLibraryPakFileMountedCallback: pending pak file info (ChunkID:-1 Root:root:/ File:C:/Program Files/Epic Games/UE_4.27/FeaturePacks/TP_2DSideScrollerBP.upack)
[2022.03.09-11.32.53:635][  0]LogPakFile: OnPakFileMounted2Time == 0.000087
[2022.03.09-11.32.53:636][  0]LogPakFile: PakFile PrimaryIndexSize=182
[2022.03.09-11.32.53:636][  0]LogPakFile: PakFile PathHashIndexSize=101
[2022.03.09-11.32.53:636][  0]LogPakFile: PakFile FullDirectoryIndexSize=138
[2022.03.09-11.32.53:636][  0]LogShaderLibrary: Display: ShaderCodeLibraryPakFileMountedCallback: PakFile 'C:/Program Files/Epic Games/UE_4.27/FeaturePacks/TP_Flying.upack' (chunk index -1, root 'root:/') mounted
[2022.03.09-11.32.53:636][  0]LogShaderLibrary: Display: ShaderCodeLibraryPakFileMountedCallback: pending pak file info (ChunkID:-1 Root:root:/ File:C:/Program Files/Epic Games/UE_4.27/FeaturePacks/TP_Flying.upack)
[2022.03.09-11.32.53:636][  0]LogPakFile: OnPakFileMounted2Time == 0.000082
[2022.03.09-11.32.53:637][  0]LogPakFile: PakFile PrimaryIndexSize=184
[2022.03.09-11.32.53:637][  0]LogPakFile: PakFile PathHashIndexSize=101
[2022.03.09-11.32.53:637][  0]LogPakFile: PakFile FullDirectoryIndexSize=142
[2022.03.09-11.32.53:637][  0]LogShaderLibrary: Display: ShaderCodeLibraryPakFileMountedCallback: PakFile 'C:/Program Files/Epic Games/UE_4.27/FeaturePacks/TP_FlyingBP.upack' (chunk index -1, root 'root:/') mounted
[2022.03.09-11.32.53:637][  0]LogShaderLibrary: Display: ShaderCodeLibraryPakFileMountedCallback: pending pak file info (ChunkID:-1 Root:root:/ File:C:/Program Files/Epic Games/UE_4.27/FeaturePacks/TP_FlyingBP.upack)
[2022.03.09-11.32.53:637][  0]LogPakFile: OnPakFileMounted2Time == 0.000080
[2022.03.09-11.32.53:638][  0]LogPakFile: PakFile PrimaryIndexSize=188
[2022.03.09-11.32.53:638][  0]LogPakFile: PakFile PathHashIndexSize=101
[2022.03.09-11.32.53:638][  0]LogPakFile: PakFile FullDirectoryIndexSize=150
[2022.03.09-11.32.53:638][  0]LogShaderLibrary: Display: ShaderCodeLibraryPakFileMountedCallback: PakFile 'C:/Program Files/Epic Games/UE_4.27/FeaturePacks/TP_HandheldARBP.upack' (chunk index -1, root 'root:/') mounted
[2022.03.09-11.32.53:638][  0]LogShaderLibrary: Display: ShaderCodeLibraryPakFileMountedCallback: pending pak file info (ChunkID:-1 Root:root:/ File:C:/Program Files/Epic Games/UE_4.27/FeaturePacks/TP_HandheldARBP.upack)
[2022.03.09-11.32.53:638][  0]LogPakFile: OnPakFileMounted2Time == 0.000081
[2022.03.09-11.32.53:640][  0]LogPakFile: PakFile PrimaryIndexSize=182
[2022.03.09-11.32.53:640][  0]LogPakFile: PakFile PathHashIndexSize=101
[2022.03.09-11.32.53:640][  0]LogPakFile: PakFile FullDirectoryIndexSize=138
[2022.03.09-11.32.53:640][  0]LogShaderLibrary: Display: ShaderCodeLibraryPakFileMountedCallback: PakFile 'C:/Program Files/Epic Games/UE_4.27/FeaturePacks/TP_Puzzle.upack' (chunk index -1, root 'root:/') mounted
[2022.03.09-11.32.53:640][  0]LogShaderLibrary: Display: ShaderCodeLibraryPakFileMountedCallback: pending pak file info (ChunkID:-1 Root:root:/ File:C:/Program Files/Epic Games/UE_4.27/FeaturePacks/TP_Puzzle.upack)
[2022.03.09-11.32.53:640][  0]LogPakFile: OnPakFileMounted2Time == 0.000081
[2022.03.09-11.32.53:641][  0]LogPakFile: PakFile PrimaryIndexSize=184
[2022.03.09-11.32.53:641][  0]LogPakFile: PakFile PathHashIndexSize=101
[2022.03.09-11.32.53:641][  0]LogPakFile: PakFile FullDirectoryIndexSize=142
[2022.03.09-11.32.53:641][  0]LogShaderLibrary: Display: ShaderCodeLibraryPakFileMountedCallback: PakFile 'C:/Program Files/Epic Games/UE_4.27/FeaturePacks/TP_PuzzleBP.upack' (chunk index -1, root 'root:/') mounted
[2022.03.09-11.32.53:641][  0]LogShaderLibrary: Display: ShaderCodeLibraryPakFileMountedCallback: pending pak file info (ChunkID:-1 Root:root:/ File:C:/Program Files/Epic Games/UE_4.27/FeaturePacks/TP_PuzzleBP.upack)
[2022.03.09-11.32.53:641][  0]LogPakFile: OnPakFileMounted2Time == 0.000083
[2022.03.09-11.32.53:642][  0]LogPakFile: PakFile PrimaryIndexSize=183
[2022.03.09-11.32.53:642][  0]LogPakFile: PakFile PathHashIndexSize=101
[2022.03.09-11.32.53:642][  0]LogPakFile: PakFile FullDirectoryIndexSize=140
[2022.03.09-11.32.53:642][  0]LogShaderLibrary: Display: ShaderCodeLibraryPakFileMountedCallback: PakFile 'C:/Program Files/Epic Games/UE_4.27/FeaturePacks/TP_Rolling.upack' (chunk index -1, root 'root:/') mounted
[2022.03.09-11.32.53:642][  0]LogShaderLibrary: Display: ShaderCodeLibraryPakFileMountedCallback: pending pak file info (ChunkID:-1 Root:root:/ File:C:/Program Files/Epic Games/UE_4.27/FeaturePacks/TP_Rolling.upack)
[2022.03.09-11.32.53:642][  0]LogPakFile: OnPakFileMounted2Time == 0.000083
[2022.03.09-11.32.53:643][  0]LogPakFile: PakFile PrimaryIndexSize=185
[2022.03.09-11.32.53:643][  0]LogPakFile: PakFile PathHashIndexSize=101
[2022.03.09-11.32.53:643][  0]LogPakFile: PakFile FullDirectoryIndexSize=144
[2022.03.09-11.32.53:643][  0]LogShaderLibrary: Display: ShaderCodeLibraryPakFileMountedCallback: PakFile 'C:/Program Files/Epic Games/UE_4.27/FeaturePacks/TP_RollingBP.upack' (chunk index -1, root 'root:/') mounted
[2022.03.09-11.32.53:643][  0]LogShaderLibrary: Display: ShaderCodeLibraryPakFileMountedCallback: pending pak file info (ChunkID:-1 Root:root:/ File:C:/Program Files/Epic Games/UE_4.27/FeaturePacks/TP_RollingBP.upack)
[2022.03.09-11.32.53:643][  0]LogPakFile: OnPakFileMounted2Time == 0.000090
[2022.03.09-11.32.53:644][  0]LogPakFile: PakFile PrimaryIndexSize=188
[2022.03.09-11.32.53:644][  0]LogPakFile: PakFile PathHashIndexSize=101
[2022.03.09-11.32.53:644][  0]LogPakFile: PakFile FullDirectoryIndexSize=150
[2022.03.09-11.32.53:644][  0]LogShaderLibrary: Display: ShaderCodeLibraryPakFileMountedCallback: PakFile 'C:/Program Files/Epic Games/UE_4.27/FeaturePacks/TP_SideScroller.upack' (chunk index -1, root 'root:/') mounted
[2022.03.09-11.32.53:644][  0]LogShaderLibrary: Display: ShaderCodeLibraryPakFileMountedCallback: pending pak file info (ChunkID:-1 Root:root:/ File:C:/Program Files/Epic Games/UE_4.27/FeaturePacks/TP_SideScroller.upack)
[2022.03.09-11.32.53:645][  0]LogPakFile: OnPakFileMounted2Time == 0.000098
[2022.03.09-11.32.53:645][  0]LogPakFile: PakFile PrimaryIndexSize=190
[2022.03.09-11.32.53:645][  0]LogPakFile: PakFile PathHashIndexSize=101
[2022.03.09-11.32.53:646][  0]LogPakFile: PakFile FullDirectoryIndexSize=154
[2022.03.09-11.32.53:646][  0]LogShaderLibrary: Display: ShaderCodeLibraryPakFileMountedCallback: PakFile 'C:/Program Files/Epic Games/UE_4.27/FeaturePacks/TP_SideScrollerBP.upack' (chunk index -1, root 'root:/') mounted
[2022.03.09-11.32.53:646][  0]LogShaderLibrary: Display: ShaderCodeLibraryPakFileMountedCallback: pending pak file info (ChunkID:-1 Root:root:/ File:C:/Program Files/Epic Games/UE_4.27/FeaturePacks/TP_SideScrollerBP.upack)
[2022.03.09-11.32.53:646][  0]LogPakFile: OnPakFileMounted2Time == 0.000086
[2022.03.09-11.32.53:646][  0]LogPakFile: PakFile PrimaryIndexSize=187
[2022.03.09-11.32.53:647][  0]LogPakFile: PakFile PathHashIndexSize=101
[2022.03.09-11.32.53:647][  0]LogPakFile: PakFile FullDirectoryIndexSize=148
[2022.03.09-11.32.53:647][  0]LogShaderLibrary: Display: ShaderCodeLibraryPakFileMountedCallback: PakFile 'C:/Program Files/Epic Games/UE_4.27/FeaturePacks/TP_ThirdPerson.upack' (chunk index -1, root 'root:/') mounted
[2022.03.09-11.32.53:647][  0]LogShaderLibrary: Display: ShaderCodeLibraryPakFileMountedCallback: pending pak file info (ChunkID:-1 Root:root:/ File:C:/Program Files/Epic Games/UE_4.27/FeaturePacks/TP_ThirdPerson.upack)
[2022.03.09-11.32.53:647][  0]LogPakFile: OnPakFileMounted2Time == 0.000085
[2022.03.09-11.32.53:648][  0]LogPakFile: PakFile PrimaryIndexSize=189
[2022.03.09-11.32.53:648][  0]LogPakFile: PakFile PathHashIndexSize=101
[2022.03.09-11.32.53:648][  0]LogPakFile: PakFile FullDirectoryIndexSize=152
[2022.03.09-11.32.53:648][  0]LogShaderLibrary: Display: ShaderCodeLibraryPakFileMountedCallback: PakFile 'C:/Program Files/Epic Games/UE_4.27/FeaturePacks/TP_ThirdPersonBP.upack' (chunk index -1, root 'root:/') mounted
[2022.03.09-11.32.53:648][  0]LogShaderLibrary: Display: ShaderCodeLibraryPakFileMountedCallback: pending pak file info (ChunkID:-1 Root:root:/ File:C:/Program Files/Epic Games/UE_4.27/FeaturePacks/TP_ThirdPersonBP.upack)
[2022.03.09-11.32.53:648][  0]LogPakFile: OnPakFileMounted2Time == 0.000078
[2022.03.09-11.32.53:649][  0]LogPakFile: PakFile PrimaryIndexSize=183
[2022.03.09-11.32.53:649][  0]LogPakFile: PakFile PathHashIndexSize=101
[2022.03.09-11.32.53:649][  0]LogPakFile: PakFile FullDirectoryIndexSize=140
[2022.03.09-11.32.53:649][  0]LogShaderLibrary: Display: ShaderCodeLibraryPakFileMountedCallback: PakFile 'C:/Program Files/Epic Games/UE_4.27/FeaturePacks/TP_TopDown.upack' (chunk index -1, root 'root:/') mounted
[2022.03.09-11.32.53:649][  0]LogShaderLibrary: Display: ShaderCodeLibraryPakFileMountedCallback: pending pak file info (ChunkID:-1 Root:root:/ File:C:/Program Files/Epic Games/UE_4.27/FeaturePacks/TP_TopDown.upack)
[2022.03.09-11.32.53:649][  0]LogPakFile: OnPakFileMounted2Time == 0.000086
[2022.03.09-11.32.53:650][  0]LogPakFile: PakFile PrimaryIndexSize=185
[2022.03.09-11.32.53:650][  0]LogPakFile: PakFile PathHashIndexSize=101
[2022.03.09-11.32.53:650][  0]LogPakFile: PakFile FullDirectoryIndexSize=144
[2022.03.09-11.32.53:650][  0]LogShaderLibrary: Display: ShaderCodeLibraryPakFileMountedCallback: PakFile 'C:/Program Files/Epic Games/UE_4.27/FeaturePacks/TP_TopDownBP.upack' (chunk index -1, root 'root:/') mounted
[2022.03.09-11.32.53:650][  0]LogShaderLibrary: Display: ShaderCodeLibraryPakFileMountedCallback: pending pak file info (ChunkID:-1 Root:root:/ File:C:/Program Files/Epic Games/UE_4.27/FeaturePacks/TP_TopDownBP.upack)
[2022.03.09-11.32.53:650][  0]LogPakFile: OnPakFileMounted2Time == 0.000082
[2022.03.09-11.32.53:651][  0]LogPakFile: PakFile PrimaryIndexSize=185
[2022.03.09-11.32.53:651][  0]LogPakFile: PakFile PathHashIndexSize=101
[2022.03.09-11.32.53:651][  0]LogPakFile: PakFile FullDirectoryIndexSize=144
[2022.03.09-11.32.53:651][  0]LogShaderLibrary: Display: ShaderCodeLibraryPakFileMountedCallback: PakFile 'C:/Program Files/Epic Games/UE_4.27/FeaturePacks/TP_TwinStick.upack' (chunk index -1, root 'root:/') mounted
[2022.03.09-11.32.53:651][  0]LogShaderLibrary: Display: ShaderCodeLibraryPakFileMountedCallback: pending pak file info (ChunkID:-1 Root:root:/ File:C:/Program Files/Epic Games/UE_4.27/FeaturePacks/TP_TwinStick.upack)
[2022.03.09-11.32.53:651][  0]LogPakFile: OnPakFileMounted2Time == 0.000086
[2022.03.09-11.32.53:652][  0]LogPakFile: PakFile PrimaryIndexSize=187
[2022.03.09-11.32.53:652][  0]LogPakFile: PakFile PathHashIndexSize=101
[2022.03.09-11.32.53:652][  0]LogPakFile: PakFile FullDirectoryIndexSize=148
[2022.03.09-11.32.53:652][  0]LogShaderLibrary: Display: ShaderCodeLibraryPakFileMountedCallback: PakFile 'C:/Program Files/Epic Games/UE_4.27/FeaturePacks/TP_TwinStickBP.upack' (chunk index -1, root 'root:/') mounted
[2022.03.09-11.32.53:652][  0]LogShaderLibrary: Display: ShaderCodeLibraryPakFileMountedCallback: pending pak file info (ChunkID:-1 Root:root:/ File:C:/Program Files/Epic Games/UE_4.27/FeaturePacks/TP_TwinStickBP.upack)
[2022.03.09-11.32.53:652][  0]LogPakFile: OnPakFileMounted2Time == 0.000081
[2022.03.09-11.32.53:654][  0]LogPakFile: PakFile PrimaryIndexSize=183
[2022.03.09-11.32.53:654][  0]LogPakFile: PakFile PathHashIndexSize=101
[2022.03.09-11.32.53:654][  0]LogPakFile: PakFile FullDirectoryIndexSize=140
[2022.03.09-11.32.53:654][  0]LogShaderLibrary: Display: ShaderCodeLibraryPakFileMountedCallback: PakFile 'C:/Program Files/Epic Games/UE_4.27/FeaturePacks/TP_Vehicle.upack' (chunk index -1, root 'root:/') mounted
[2022.03.09-11.32.53:654][  0]LogShaderLibrary: Display: ShaderCodeLibraryPakFileMountedCallback: pending pak file info (ChunkID:-1 Root:root:/ File:C:/Program Files/Epic Games/UE_4.27/FeaturePacks/TP_Vehicle.upack)
[2022.03.09-11.32.53:654][  0]LogPakFile: OnPakFileMounted2Time == 0.000084
[2022.03.09-11.32.53:655][  0]LogPakFile: PakFile PrimaryIndexSize=186
[2022.03.09-11.32.53:655][  0]LogPakFile: PakFile PathHashIndexSize=101
[2022.03.09-11.32.53:655][  0]LogPakFile: PakFile FullDirectoryIndexSize=146
[2022.03.09-11.32.53:655][  0]LogShaderLibrary: Display: ShaderCodeLibraryPakFileMountedCallback: PakFile 'C:/Program Files/Epic Games/UE_4.27/FeaturePacks/TP_VehicleAdv.upack' (chunk index -1, root 'root:/') mounted
[2022.03.09-11.32.53:655][  0]LogShaderLibrary: Display: ShaderCodeLibraryPakFileMountedCallback: pending pak file info (ChunkID:-1 Root:root:/ File:C:/Program Files/Epic Games/UE_4.27/FeaturePacks/TP_VehicleAdv.upack)
[2022.03.09-11.32.53:655][  0]LogPakFile: OnPakFileMounted2Time == 0.000081
[2022.03.09-11.32.53:655][  0]LogPakFile: PakFile PrimaryIndexSize=188
[2022.03.09-11.32.53:655][  0]LogPakFile: PakFile PathHashIndexSize=101
[2022.03.09-11.32.53:655][  0]LogPakFile: PakFile FullDirectoryIndexSize=150
[2022.03.09-11.32.53:655][  0]LogShaderLibrary: Display: ShaderCodeLibraryPakFileMountedCallback: PakFile 'C:/Program Files/Epic Games/UE_4.27/FeaturePacks/TP_VehicleAdvBP.upack' (chunk index -1, root 'root:/') mounted
[2022.03.09-11.32.53:655][  0]LogShaderLibrary: Display: ShaderCodeLibraryPakFileMountedCallback: pending pak file info (ChunkID:-1 Root:root:/ File:C:/Program Files/Epic Games/UE_4.27/FeaturePacks/TP_VehicleAdvBP.upack)
[2022.03.09-11.32.53:655][  0]LogPakFile: OnPakFileMounted2Time == 0.000084
[2022.03.09-11.32.53:656][  0]LogPakFile: PakFile PrimaryIndexSize=185
[2022.03.09-11.32.53:656][  0]LogPakFile: PakFile PathHashIndexSize=101
[2022.03.09-11.32.53:656][  0]LogPakFile: PakFile FullDirectoryIndexSize=144
[2022.03.09-11.32.53:656][  0]LogShaderLibrary: Display: ShaderCodeLibraryPakFileMountedCallback: PakFile 'C:/Program Files/Epic Games/UE_4.27/FeaturePacks/TP_VehicleBP.upack' (chunk index -1, root 'root:/') mounted
[2022.03.09-11.32.53:656][  0]LogShaderLibrary: Display: ShaderCodeLibraryPakFileMountedCallback: pending pak file info (ChunkID:-1 Root:root:/ File:C:/Program Files/Epic Games/UE_4.27/FeaturePacks/TP_VehicleBP.upack)
[2022.03.09-11.32.53:656][  0]LogPakFile: OnPakFileMounted2Time == 0.000081
[2022.03.09-11.32.53:658][  0]LogPakFile: PakFile PrimaryIndexSize=192
[2022.03.09-11.32.53:658][  0]LogPakFile: PakFile PathHashIndexSize=101
[2022.03.09-11.32.53:658][  0]LogPakFile: PakFile FullDirectoryIndexSize=158
[2022.03.09-11.32.53:658][  0]LogShaderLibrary: Display: ShaderCodeLibraryPakFileMountedCallback: PakFile 'C:/Program Files/Epic Games/UE_4.27/FeaturePacks/TP_VirtualRealityBP.upack' (chunk index -1, root 'root:/') mounted
[2022.03.09-11.32.53:658][  0]LogShaderLibrary: Display: ShaderCodeLibraryPakFileMountedCallback: pending pak file info (ChunkID:-1 Root:root:/ File:C:/Program Files/Epic Games/UE_4.27/FeaturePacks/TP_VirtualRealityBP.upack)
[2022.03.09-11.32.53:658][  0]LogPakFile: OnPakFileMounted2Time == 0.000081
[2022.03.09-11.32.53:730][  0]LogNativeClassHierarchy: Verbose: Native class hierarchy updated for 'AddContentDialog' in 0.0002 seconds. Added 0 classes and 0 folders.
[2022.03.09-11.32.53:734][  0]LogNativeClassHierarchy: Verbose: Native class hierarchy updated for 'SceneOutliner' in 0.0002 seconds. Added 2 classes and 0 folders.
[2022.03.09-11.32.53:792][  0]LogSlate: Took 0.000588 seconds to synchronously load lazily loaded font '../../../Engine/Content/Slate/Fonts/Roboto-Regular.ttf' (155K)
[2022.03.09-11.32.53:793][  0]LogSlate: Took 0.000611 seconds to synchronously load lazily loaded font '../../../Engine/Content/Editor/Slate/Fonts/FontAwesome.ttf' (139K)
[2022.03.09-11.32.53:797][  0]LogSlate: Took 0.003045 seconds to synchronously load lazily loaded font '../../../Engine/Content/Editor/Slate/Fonts/NanumGothic.ttf' (4243K)
[2022.03.09-11.32.53:801][  0]LogSlate: Took 0.002813 seconds to synchronously load lazily loaded font '../../../Engine/Content/Editor/Slate/Fonts/NanumGothicBold.ttf' (4188K)
[2022.03.09-11.32.53:802][  0]LogSlate: Took 0.000513 seconds to synchronously load lazily loaded font '../../../Engine/Content/Slate/Fonts/Roboto-Bold.ttf' (160K)
[2022.03.09-11.32.53:859][  0]LogRenderer: Reallocating scene render targets to support 1168x572 Format 10 NumSamples 1 (Frame:1).
[2022.03.09-11.32.53:886][  0]LogSlate: Took 0.000377 seconds to synchronously load lazily loaded font '../../../Engine/Content/Slate/Fonts/Roboto-Light.ttf' (167K)
[2022.03.09-11.32.53:956][  0]LogNativeClassHierarchy: Verbose: Native class hierarchy updated for 'HierarchicalLODOutliner' in 0.0002 seconds. Added 0 classes and 0 folders.
[2022.03.09-11.32.53:956][  0]LogLoad: (Engine Initialization) Total time: 7.12 seconds
[2022.03.09-11.32.53:956][  0]LogLoad: (Engine Initialization) Total Blueprint compile time: 0.00 seconds
[2022.03.09-11.32.53:992][  0]LogAssetRegistry: Asset discovery search completed in 3.9706 seconds
[2022.03.09-11.32.53:997][  0]LogCollectionManager: Fixed up redirectors for 0 collections in 0.000003 seconds (updated 0 objects)
[2022.03.09-11.32.54:105][  0]LogContentStreaming: Texture pool size now 1000 MB
[2022.03.09-11.33.10:220][231]LogTemp: Repeating last play command: 새 에디터 창 (PIE)
[2022.03.09-11.33.10:226][231]LogPlayLevel: PlayLevel: No blueprints needed recompiling
[2022.03.09-11.33.10:227][231]PIE: New page: PIE 세션: Minimal_Default (2022. 3. 10. 오전 5:33:10)
[2022.03.09-11.33.10:228][231]LogOnline: OSS: Creating online subsystem instance for: NULL
[2022.03.09-11.33.10:231][231]LogOnline: OSS: TryLoadSubsystemAndSetDefault: Loaded subsystem for module [NULL]
[2022.03.09-11.33.10:231][231]LogPlayLevel: Creating play world package: /Game/StarterContent/Maps/UEDPIE_0_Minimal_Default
[2022.03.09-11.33.10:233][231]LogPlayLevel: PIE: StaticDuplicateObject took: (0.002396s)
[2022.03.09-11.33.10:234][231]LogAIModule: Creating AISystem for world Minimal_Default
[2022.03.09-11.33.10:234][231]LogPlayLevel: PIE: World Init took: (0.000940s)
[2022.03.09-11.33.10:234][231]LogPlayLevel: PIE: Created PIE world by copying editor world from /Game/StarterContent/Maps/Minimal_Default.Minimal_Default to /Game/StarterContent/Maps/UEDPIE_0_Minimal_Default.Minimal_Default (0.003690s)
[2022.03.09-11.33.10:241][231]LogUObjectHash: Compacting FUObjectHashTables data took   0.37ms
[2022.03.09-11.33.10:243][231]LogAudio: Display: Creating Audio Device:                 Id: 2, Scope: Unique, Realtime: True
[2022.03.09-11.33.10:244][231]LogAudioMixer: Display: Audio Mixer Platform Settings:
[2022.03.09-11.33.10:244][231]LogAudioMixer: Display: 	Sample Rate:						  48000
[2022.03.09-11.33.10:244][231]LogAudioMixer: Display: 	Callback Buffer Frame Size Requested: 1024
[2022.03.09-11.33.10:244][231]LogAudioMixer: Display: 	Callback Buffer Frame Size To Use:	  1024
[2022.03.09-11.33.10:244][231]LogAudioMixer: Display: 	Number of buffers to queue:			  2
[2022.03.09-11.33.10:244][231]LogAudioMixer: Display: 	Max Channels (voices):				  32
[2022.03.09-11.33.10:244][231]LogAudioMixer: Display: 	Number of Async Source Workers:		  0
[2022.03.09-11.33.10:244][231]LogAudio: Display: AudioDevice MaxSources: 32
[2022.03.09-11.33.10:244][231]LogAudio: Display: Audio Spatialization Plugin: None (built-in).
[2022.03.09-11.33.10:244][231]LogAudio: Display: Audio Reverb Plugin: None (built-in).
[2022.03.09-11.33.10:244][231]LogAudio: Display: Audio Occlusion Plugin: None (built-in).
[2022.03.09-11.33.10:244][231]LogAudioMixer: Display: Initializing audio mixer.
[2022.03.09-11.33.10:245][231]LogAudioMixer: Display: 0: FrontLeft
[2022.03.09-11.33.10:245][231]LogAudioMixer: Display: 1: FrontRight
[2022.03.09-11.33.10:265][231]LogAudioMixer: Display: Using Audio Device 원격 오디오
[2022.03.09-11.33.10:265][231]LogAudioMixer: Display: Initializing Sound Submixes...
[2022.03.09-11.33.10:265][231]LogAudioMixer: Display: Creating Master Submix 'MasterSubmixDefault'
[2022.03.09-11.33.10:265][231]LogAudioMixer: Display: Creating Master Submix 'MasterReverbSubmixDefault'
[2022.03.09-11.33.10:265][231]LogAudioMixer: Display: Creating Master Submix 'MasterEQSubmixDefault'
[2022.03.09-11.33.10:266][231]LogAudioMixer: FMixerPlatformXAudio2::StartAudioStream() called
[2022.03.09-11.33.10:266][231]LogAudioMixer: Display: Output buffers initialized: Frames=1024, Channels=2, Samples=2048
[2022.03.09-11.33.10:267][231]LogAudioMixer: Display: Starting AudioMixerPlatformInterface::RunInternal()
[2022.03.09-11.33.10:267][231]LogAudioMixer: Display: FMixerPlatformXAudio2::SubmitBuffer() called for the first time
[2022.03.09-11.33.10:267][231]LogInit: FAudioDevice initialized.
[2022.03.09-11.33.10:267][231]LogAudio: Display: Audio Device (ID: 2) registered with world 'Minimal_Default'.
[2022.03.09-11.33.10:361][231]LogSlate: Updating window title bar state: overlay mode, drag disabled, window buttons hidden, title bar hidden
[2022.03.09-11.33.10:361][231]LogLoad: Game class is 'MenuGameMode_C'
[2022.03.09-11.33.10:363][231]LogWorld: Bringing World /Game/StarterContent/Maps/UEDPIE_0_Minimal_Default.Minimal_Default up for play (max tick rate 0) at 2022.03.09-20.33.10
[2022.03.09-11.33.10:363][231]LogWorld: Bringing up level for play took: 0.000631
[2022.03.09-11.33.10:363][231]LogOnline: OSS: Creating online subsystem instance for: :Context_1
[2022.03.09-11.33.10:367][231]LogNativeClassHierarchy: Verbose: Native class hierarchy updated for 'MovieSceneCapture' in 0.0002 seconds. Added 20 classes and 0 folders.
[2022.03.09-11.33.10:367][231]LogTemp: network beginPlay
[2022.03.09-11.33.10:369][231]PIE: 서버가 로그인했습니다.
[2022.03.09-11.33.10:370][231]PIE: 에디터에서 플레이 총 시작 시간 0.146초입니다.
[2022.03.09-11.33.10:432][232]LogRenderer: Reallocating scene render targets to support 1280x720 Format 10 NumSamples 1 (Frame:1).
[2022.03.09-11.33.12:703][410]LogTemp: Trying to connect!
[2022.03.09-11.33.16:647][410]LogTemp: recv thread start
[2022.03.09-11.33.16:647][410]LogAudioMixer: Display: Audio Buffer Underrun (starvation) detected.
[2022.03.09-11.33.16:647][410]LogTemp: 프로세스 들어옴 : ** 로그인 명령어(LOGIN [ID])을 사용해주세요

