Log file open, 03/10/22 02:06:12
LogWindows: Failed to load 'aqProf.dll' (GetLastError=126)
LogWindows: File 'aqProf.dll' does not exist
LogWindows: Failed to load 'VtuneApi.dll' (GetLastError=126)
LogWindows: File 'VtuneApi.dll' does not exist
LogWindows: Failed to load 'VtuneApi32e.dll' (GetLastError=126)
LogWindows: File 'VtuneApi32e.dll' does not exist
LogConsoleResponse: Display: Failed to find resolution value strings in scalability ini. Falling back to default.
LogConsoleResponse: Display: Failed to find resolution value strings in scalability ini. Falling back to default.
LogInit: Display: Running engine for game: client
LogPlatformFile: Not using cached read wrapper
LogTaskGraph: Started task graph with 5 named threads and 47 total threads with 3 sets of task threads.
LogStats: Stats thread started at 0.302857
LogICUInternationalization: ICU TimeZone Detection - Raw Offset: +9:00, Platform Override: ''
LogInit: Display: Loading text-based GConfig....
LogPluginManager: Mounting plugin MeshPainting
LogPluginManager: Mounting plugin XGEController
LogPluginManager: Mounting plugin Paper2D
LogPluginManager: Mounting plugin LiveLink
LogPluginManager: Mounting plugin EnvironmentQueryEditor
LogPluginManager: Mounting plugin AISupport
LogPluginManager: Mounting plugin LightPropagationVolume
LogPluginManager: Mounting plugin CameraShakePreviewer
LogPluginManager: Mounting plugin GameplayCameras
LogPluginManager: Mounting plugin OodleData
LogPluginManager: Mounting plugin OodleNetwork
LogPluginManager: Mounting plugin CryptoKeys
LogPluginManager: Mounting plugin AssetManagerEditor
LogPluginManager: Mounting plugin CurveEditorTools
LogPluginManager: Mounting plugin FacialAnimation
LogPluginManager: Mounting plugin GameplayTagsEditor
LogPluginManager: Mounting plugin MacGraphicsSwitching
LogPluginManager: Mounting plugin GeometryMode
LogPluginManager: Mounting plugin DataValidation
LogPluginManager: Mounting plugin MaterialAnalyzer
LogPluginManager: Mounting plugin PluginBrowser
LogPluginManager: Mounting plugin MobileLauncherProfileWizard
LogPluginManager: Mounting plugin SpeedTreeImporter
LogPluginManager: Mounting plugin DatasmithContent
LogPluginManager: Mounting plugin VariantManagerContent
LogPluginManager: Mounting plugin Niagara
LogPluginManager: Mounting plugin MagicLeapLightEstimation
LogPluginManager: Mounting plugin LuminPlatformFeatures
LogPluginManager: Mounting plugin AnimationSharing
LogPluginManager: Mounting plugin MagicLeap
LogPluginManager: Mounting plugin MagicLeapPassableWorld
LogPluginManager: Mounting plugin MagicLeapMedia
LogPluginManager: Mounting plugin MLSDK
LogPluginManager: Mounting plugin CLionSourceCodeAccess
LogPluginManager: Mounting plugin CodeLiteSourceCodeAccess
LogPluginManager: Mounting plugin GitSourceControl
LogPluginManager: Mounting plugin KDevelopSourceCodeAccess
LogPluginManager: Mounting plugin NullSourceCodeAccess
LogPluginManager: Mounting plugin PerforceSourceControl
LogPluginManager: Mounting plugin PlasticSourceControl
LogPluginManager: Mounting plugin PixWinPlugin
LogPluginManager: Mounting plugin PropertyAccessNode
LogPluginManager: Mounting plugin RiderSourceCodeAccess
LogPluginManager: Mounting plugin SubversionSourceControl
LogPluginManager: Mounting plugin PluginUtils
LogPluginManager: Mounting plugin UObjectPlugin
LogPluginManager: Mounting plugin VisualStudioSourceCodeAccess
LogPluginManager: Mounting plugin TextureFormatOodle
LogPluginManager: Mounting plugin VisualStudioCodeSourceCodeAccess
LogPluginManager: Mounting plugin XCodeSourceCodeAccess
LogPluginManager: Mounting plugin AlembicImporter
LogPluginManager: Mounting plugin AutomationUtils
LogPluginManager: Mounting plugin BackChannel
LogPluginManager: Mounting plugin ChaosCloth
LogPluginManager: Mounting plugin ChaosEditor
LogPluginManager: Mounting plugin ChaosNiagara
LogPluginManager: Mounting plugin AndroidMedia
LogPluginManager: Mounting plugin ChaosSolverPlugin
LogPluginManager: Mounting plugin ChaosClothEditor
LogPluginManager: Mounting plugin CharacterAI
LogPluginManager: Mounting plugin AvfMedia
LogPluginManager: Mounting plugin ImgMedia
LogPluginManager: Mounting plugin MediaCompositing
LogPluginManager: Mounting plugin GeometryCache
LogPluginManager: Mounting plugin MediaPlayerEditor
LogPluginManager: Mounting plugin GeometryCollectionPlugin
LogPluginManager: Mounting plugin WmfMedia
LogPluginManager: Mounting plugin TcpMessaging
LogPluginManager: Mounting plugin UdpMessaging
LogPluginManager: Mounting plugin WebMMedia
LogPluginManager: Mounting plugin GeometryProcessing
LogPluginManager: Mounting plugin MotoSynth
LogPluginManager: Mounting plugin OpenImageDenoise
LogPluginManager: Mounting plugin PlatformCrypto
LogPluginManager: Mounting plugin ProxyLODPlugin
LogPluginManager: Mounting plugin PythonScriptPlugin
LogPluginManager: Mounting plugin PlanarCut
LogPluginManager: Mounting plugin SkeletalReduction
LogPluginManager: Mounting plugin ActorSequence
LogPluginManager: Mounting plugin LevelSequenceEditor
LogPluginManager: Mounting plugin MatineeToLevelSequence
LogPluginManager: Mounting plugin OnlineSubsystem
LogPluginManager: Mounting plugin TemplateSequence
LogPluginManager: Mounting plugin OnlineSubsystemNull
LogPluginManager: Mounting plugin OnlineSubsystemUtils
LogPluginManager: Mounting plugin LauncherChunkInstaller
LogPluginManager: Mounting plugin ActorLayerUtilities
LogPluginManager: Mounting plugin AndroidMoviePlayer
LogPluginManager: Mounting plugin AndroidDeviceProfileSelector
LogPluginManager: Mounting plugin AndroidPermission
LogPluginManager: Mounting plugin AppleImageUtils
LogPluginManager: Mounting plugin AppleMoviePlayer
LogPluginManager: Mounting plugin ArchVisCharacter
LogPluginManager: Mounting plugin AudioSynesthesia
LogPluginManager: Mounting plugin CableComponent
LogPluginManager: Mounting plugin CustomMeshComponent
LogPluginManager: Mounting plugin ChunkDownloader
LogPluginManager: Mounting plugin AssetTags
LogPluginManager: Mounting plugin EditableMesh
LogPluginManager: Mounting plugin ExampleDeviceProfileSelector
LogPluginManager: Mounting plugin AudioCapture
LogPluginManager: Mounting plugin GooglePAD
LogPluginManager: Mounting plugin GoogleCloudMessaging
LogPluginManager: Mounting plugin ScreenshotTools
LogPluginManager: Mounting plugin IOSDeviceProfileSelector
LogPluginManager: Mounting plugin LinuxDeviceProfileSelector
LogPluginManager: Mounting plugin LocationServicesBPLibrary
LogPluginManager: Mounting plugin MobilePatchingUtils
LogPluginManager: Mounting plugin OpenXR
LogPluginManager: Mounting plugin OpenXREyeTracker
LogPluginManager: Mounting plugin OpenXRHandTracking
LogPluginManager: Mounting plugin PostSplashScreen
LogPluginManager: Mounting plugin PhysXVehicles
LogPluginManager: Mounting plugin ProceduralMeshComponent
LogPluginManager: Mounting plugin PropertyAccessEditor
LogPluginManager: Mounting plugin RuntimePhysXCooking
LogPluginManager: Mounting plugin SoundFields
LogPluginManager: Mounting plugin SignificanceManager
LogPluginManager: Mounting plugin Synthesis
LogPluginManager: Mounting plugin WebMMoviePlayer
LogPluginManager: Mounting plugin WindowsMoviePlayer
LogPluginManager: Mounting plugin Takes
LogPluginManager: Mounting plugin ContentBrowserAssetDataSource
LogPluginManager: Mounting plugin ContentBrowserClassDataSource
LogPluginManager: Mounting plugin ContentBrowserFileDataSource
LogPluginManager: Mounting plugin OnlineSubsystemIOS
LogPluginManager: Mounting plugin OnlineSubsystemGooglePlay
LogPluginManager: Mounting plugin OculusVR
LogPluginManager: Mounting plugin SteamVR
PixWinPlugin: PIX capture plugin failed to initialize! Check that the process is launched from PIX.
LogInit: Using libcurl 7.55.1-DEV
LogInit:  - built for x86_64-pc-win32
LogInit:  - supports SSL with OpenSSL/1.1.1
LogInit:  - supports HTTP deflate (compression) using libz 1.2.8
LogInit:  - other features:
LogInit:      CURL_VERSION_SSL
LogInit:      CURL_VERSION_LIBZ
LogInit:      CURL_VERSION_IPV6
LogInit:      CURL_VERSION_ASYNCHDNS
LogInit:      CURL_VERSION_LARGEFILE
LogInit:      CURL_VERSION_IDN
LogInit:  CurlRequestOptions (configurable via config and command line):
LogInit:  - bVerifyPeer = true  - Libcurl will verify peer certificate
LogInit:  - bUseHttpProxy = false  - Libcurl will NOT use HTTP proxy
LogInit:  - bDontReuseConnections = false  - Libcurl will reuse connections
LogInit:  - MaxHostConnections = 16  - Libcurl will limit the number of connections to a host
LogInit:  - LocalHostAddr = Default
LogInit:  - BufferSize = 65536
LogOnline: OSS: Creating online subsystem instance for: NULL
LogInit: WinSock: version 1.1 (2.2), MaxSocks=32767, MaxUdp=65467
LogOnline: OSS: TryLoadSubsystemAndSetDefault: Loaded subsystem for module [NULL]
LogOculusPluginWrapper: OculusPlugin initialized successfully
LogHMD: Failed initializing OVRPlugin 1.59.0
LogInit: Build: ++UE4+Release-4.27-CL-18319896
LogInit: Engine Version: 4.27.2-18319896+++UE4+Release-4.27
LogInit: Compatible Engine Version: 4.27.0-17155196+++UE4+Release-4.27
LogInit: Net CL: 17155196
LogInit: OS: Windows 10 (Release 2009) (), CPU: 11th Gen Intel(R) Core(TM) i7-11700KF @ 3.60GHz, GPU: Microsoft Remote Display Adapter
LogInit: Compiled (64-bit): Nov 30 2021 07:12:08
LogInit: Compiled with Visual C++: 19.24.28315.00
LogInit: Build Configuration: Development
LogInit: Branch Name: ++UE4+Release-4.27
LogInit: Command Line:  -skipcompile
LogInit: Base Directory: C:/Program Files/Epic Games/UE_4.27/Engine/Binaries/Win64/
LogInit: Allocator: TBB
LogInit: Installed Engine Build: 1
LogDevObjectVersion: Number of dev versions registered: 29
LogDevObjectVersion:   Dev-Blueprints (B0D832E4-1F89-4F0D-ACCF-7EB736FD4AA2): 10
LogDevObjectVersion:   Dev-Build (E1C64328-A22C-4D53-A36C-8E866417BD8C): 0
LogDevObjectVersion:   Dev-Core (375EC13C-06E4-48FB-B500-84F0262A717E): 4
LogDevObjectVersion:   Dev-Editor (E4B068ED-F494-42E9-A231-DA0B2E46BB41): 40
LogDevObjectVersion:   Dev-Framework (CFFC743F-43B0-4480-9391-14DF171D2073): 37
LogDevObjectVersion:   Dev-Mobile (B02B49B5-BB20-44E9-A304-32B752E40360): 3
LogDevObjectVersion:   Dev-Networking (A4E4105C-59A1-49B5-A7C5-40C4547EDFEE): 0
LogDevObjectVersion:   Dev-Online (39C831C9-5AE6-47DC-9A44-9C173E1C8E7C): 0
LogDevObjectVersion:   Dev-Physics (78F01B33-EBEA-4F98-B9B4-84EACCB95AA2): 14
LogDevObjectVersion:   Dev-Platform (6631380F-2D4D-43E0-8009-CF276956A95A): 0
LogDevObjectVersion:   Dev-Rendering (12F88B9F-8875-4AFC-A67C-D90C383ABD29): 45
LogDevObjectVersion:   Dev-Sequencer (7B5AE74C-D270-4C10-A958-57980B212A5A): 13
LogDevObjectVersion:   Dev-VR (D7296918-1DD6-4BDD-9DE2-64A83CC13884): 3
LogDevObjectVersion:   Dev-LoadTimes (C2A15278-BFE7-4AFE-6C17-90FF531DF755): 1
LogDevObjectVersion:   Private-Geometry (6EACA3D4-40EC-4CC1-B786-8BED09428FC5): 3
LogDevObjectVersion:   Dev-AnimPhys (29E575DD-E0A3-4627-9D10-D276232CDCEA): 17
LogDevObjectVersion:   Dev-Anim (AF43A65D-7FD3-4947-9873-3E8ED9C1BB05): 15
LogDevObjectVersion:   Dev-ReflectionCapture (6B266CEC-1EC7-4B8F-A30B-E4D90942FC07): 1
LogDevObjectVersion:   Dev-Automation (0DF73D61-A23F-47EA-B727-89E90C41499A): 1
LogDevObjectVersion:   FortniteMain (601D1886-AC64-4F84-AA16-D3DE0DEAC7D6): 47
LogDevObjectVersion:   FortniteRelease (E7086368-6B23-4C58-8439-1B7016265E91): 1
LogDevObjectVersion:   Dev-Enterprise (9DFFBCD6-494F-0158-E221-12823C92A888): 10
LogDevObjectVersion:   Dev-Niagara (F2AED0AC-9AFE-416F-8664-AA7FFA26D6FC): 1
LogDevObjectVersion:   Dev-Destruction (174F1F0B-B4C6-45A5-B13F-2EE8D0FB917D): 10
LogDevObjectVersion:   Dev-Physics-Ext (35F94A83-E258-406C-A318-09F59610247C): 41
LogDevObjectVersion:   Dev-PhysicsMaterial-Chaos (B68FC16E-8B1B-42E2-B453-215C058844FE): 1
LogDevObjectVersion:   Dev-CineCamera (B2E18506-4273-CFC2-A54E-F4BB758BBA07): 1
LogDevObjectVersion:   Dev-VirtualProduction (64F58936-FD1B-42BA-BA96-7289D5D0FA4E): 1
LogDevObjectVersion:   Dev-MediaFramework (6F0ED827-A609-4895-9C91-998D90180EA4): 2
LogInit: Presizing for max 25165824 objects, including 0 objects not considered by GC, pre-allocating 0 bytes for permanent pool.
LogConfig: Applying CVar settings from Section [/Script/Engine.StreamingSettings] File [C:/Users/minjoo.kim/Desktop/chat/2022_CHAT_CLIENT/client/Saved/Config/Windows/Engine.ini]
LogConfig: Setting CVar [[s.MinBulkDataSizeForAsyncLoading:131072]]
LogConfig: Setting CVar [[s.AsyncLoadingThreadEnabled:0]]
LogConfig: Setting CVar [[s.EventDrivenLoaderEnabled:1]]
LogConfig: Setting CVar [[s.WarnIfTimeLimitExceeded:0]]
LogConfig: Setting CVar [[s.TimeLimitExceededMultiplier:1.5]]
LogConfig: Setting CVar [[s.TimeLimitExceededMinTime:0.005]]
LogConfig: Setting CVar [[s.UseBackgroundLevelStreaming:1]]
LogConfig: Setting CVar [[s.PriorityAsyncLoadingExtraTime:15.0]]
LogConfig: Setting CVar [[s.LevelStreamingActorsUpdateTimeLimit:5.0]]
LogConfig: Setting CVar [[s.PriorityLevelStreamingActorsUpdateExtraTime:5.0]]
LogConfig: Setting CVar [[s.LevelStreamingComponentsRegistrationGranularity:10]]
LogConfig: Setting CVar [[s.UnregisterComponentsTimeLimit:1.0]]
LogConfig: Setting CVar [[s.LevelStreamingComponentsUnregistrationGranularity:5]]
LogConfig: Setting CVar [[s.FlushStreamingOnExit:1]]
LogInit: Object subsystem initialized
LogConfig: Setting CVar [[con.DebugEarlyDefault:1]]
LogConfig: Setting CVar [[r.setres:1280x720]]
[2022.03.09-17.06.13:467][  0]LogConfig: Setting CVar [[r.VSync:0]]
[2022.03.09-17.06.13:467][  0]LogConfig: Setting CVar [[r.RHICmdBypass:0]]
[2022.03.09-17.06.13:467][  0]LogConfig: Applying CVar settings from Section [/Script/Engine.RendererSettings] File [C:/Users/minjoo.kim/Desktop/chat/2022_CHAT_CLIENT/client/Saved/Config/Windows/Engine.ini]
[2022.03.09-17.06.13:467][  0]LogConfig: Setting CVar [[r.GPUCrashDebugging:0]]
[2022.03.09-17.06.13:467][  0]LogConfig: Applying CVar settings from Section [/Script/Engine.RendererOverrideSettings] File [C:/Users/minjoo.kim/Desktop/chat/2022_CHAT_CLIENT/client/Saved/Config/Windows/Engine.ini]
[2022.03.09-17.06.13:467][  0]LogConfig: Applying CVar settings from Section [/Script/Engine.StreamingSettings] File [C:/Users/minjoo.kim/Desktop/chat/2022_CHAT_CLIENT/client/Saved/Config/Windows/Engine.ini]
[2022.03.09-17.06.13:467][  0]LogConfig: Setting CVar [[s.MinBulkDataSizeForAsyncLoading:131072]]
[2022.03.09-17.06.13:467][  0]LogConfig: Setting CVar [[s.AsyncLoadingThreadEnabled:0]]
[2022.03.09-17.06.13:467][  0]LogConfig: Setting CVar [[s.EventDrivenLoaderEnabled:1]]
[2022.03.09-17.06.13:467][  0]LogConfig: Setting CVar [[s.WarnIfTimeLimitExceeded:0]]
[2022.03.09-17.06.13:467][  0]LogConfig: Setting CVar [[s.TimeLimitExceededMultiplier:1.5]]
[2022.03.09-17.06.13:467][  0]LogConfig: Setting CVar [[s.TimeLimitExceededMinTime:0.005]]
[2022.03.09-17.06.13:468][  0]LogConfig: Setting CVar [[s.UseBackgroundLevelStreaming:1]]
[2022.03.09-17.06.13:468][  0]LogConfig: Setting CVar [[s.PriorityAsyncLoadingExtraTime:15.0]]
[2022.03.09-17.06.13:468][  0]LogConfig: Setting CVar [[s.LevelStreamingActorsUpdateTimeLimit:5.0]]
[2022.03.09-17.06.13:468][  0]LogConfig: Setting CVar [[s.PriorityLevelStreamingActorsUpdateExtraTime:5.0]]
[2022.03.09-17.06.13:468][  0]LogConfig: Setting CVar [[s.LevelStreamingComponentsRegistrationGranularity:10]]
[2022.03.09-17.06.13:468][  0]LogConfig: Setting CVar [[s.UnregisterComponentsTimeLimit:1.0]]
[2022.03.09-17.06.13:468][  0]LogConfig: Setting CVar [[s.LevelStreamingComponentsUnregistrationGranularity:5]]
[2022.03.09-17.06.13:468][  0]LogConfig: Setting CVar [[s.FlushStreamingOnExit:1]]
[2022.03.09-17.06.13:468][  0]LogConfig: Applying CVar settings from Section [/Script/Engine.GarbageCollectionSettings] File [C:/Users/minjoo.kim/Desktop/chat/2022_CHAT_CLIENT/client/Saved/Config/Windows/Engine.ini]
[2022.03.09-17.06.13:468][  0]LogConfig: Setting CVar [[gc.MaxObjectsNotConsideredByGC:1]]
[2022.03.09-17.06.13:468][  0]LogConfig: Setting CVar [[gc.SizeOfPermanentObjectPool:0]]
[2022.03.09-17.06.13:468][  0]LogConfig: Setting CVar [[gc.FlushStreamingOnGC:0]]
[2022.03.09-17.06.13:468][  0]LogConfig: Setting CVar [[gc.NumRetriesBeforeForcingGC:10]]
[2022.03.09-17.06.13:468][  0]LogConfig: Setting CVar [[gc.AllowParallelGC:1]]
[2022.03.09-17.06.13:468][  0]LogConfig: Setting CVar [[gc.TimeBetweenPurgingPendingKillObjects:61.1]]
[2022.03.09-17.06.13:468][  0]LogConfig: Setting CVar [[gc.MaxObjectsInEditor:25165824]]
[2022.03.09-17.06.13:468][  0]LogConfig: Setting CVar [[gc.IncrementalBeginDestroyEnabled:1]]
[2022.03.09-17.06.13:468][  0]LogConfig: Setting CVar [[gc.CreateGCClusters:1]]
[2022.03.09-17.06.13:468][  0]LogConfig: Setting CVar [[gc.MinGCClusterSize:5]]
[2022.03.09-17.06.13:468][  0]LogConfig: Setting CVar [[gc.ActorClusteringEnabled:0]]
[2022.03.09-17.06.13:468][  0]LogConfig: Setting CVar [[gc.BlueprintClusteringEnabled:0]]
[2022.03.09-17.06.13:468][  0]LogConfig: Setting CVar [[gc.UseDisregardForGCOnDedicatedServers:0]]
[2022.03.09-17.06.13:469][  0]LogConfig: Setting CVar [[gc.MultithreadedDestructionEnabled:1]]
[2022.03.09-17.06.13:469][  0]LogConfig: Applying CVar settings from Section [/Script/Engine.NetworkSettings] File [C:/Users/minjoo.kim/Desktop/chat/2022_CHAT_CLIENT/client/Saved/Config/Windows/Engine.ini]
[2022.03.09-17.06.13:469][  0]LogConfig: Applying CVar settings from Section [/Script/UnrealEd.CookerSettings] File [C:/Users/minjoo.kim/Desktop/chat/2022_CHAT_CLIENT/client/Saved/Config/Windows/Engine.ini]
[2022.03.09-17.06.13:477][  0]LogConfig: Applying CVar settings from Section [ViewDistanceQuality@3] File [C:/Users/minjoo.kim/Desktop/chat/2022_CHAT_CLIENT/client/Saved/Config/Windows/Scalability.ini]
[2022.03.09-17.06.13:477][  0]LogConfig: Setting CVar [[r.SkeletalMeshLODBias:0]]
[2022.03.09-17.06.13:477][  0]LogConfig: Setting CVar [[r.ViewDistanceScale:1.0]]
[2022.03.09-17.06.13:477][  0]LogConfig: Applying CVar settings from Section [AntiAliasingQuality@3] File [C:/Users/minjoo.kim/Desktop/chat/2022_CHAT_CLIENT/client/Saved/Config/Windows/Scalability.ini]
[2022.03.09-17.06.13:478][  0]LogConfig: Setting CVar [[r.PostProcessAAQuality:4]]
[2022.03.09-17.06.13:478][  0]LogConfig: Applying CVar settings from Section [ShadowQuality@3] File [C:/Users/minjoo.kim/Desktop/chat/2022_CHAT_CLIENT/client/Saved/Config/Windows/Scalability.ini]
[2022.03.09-17.06.13:478][  0]LogConfig: Setting CVar [[r.LightFunctionQuality:1]]
[2022.03.09-17.06.13:478][  0]LogConfig: Setting CVar [[r.ShadowQuality:5]]
[2022.03.09-17.06.13:478][  0]LogConfig: Setting CVar [[r.Shadow.CSM.MaxCascades:10]]
[2022.03.09-17.06.13:478][  0]LogConfig: Setting CVar [[r.Shadow.MaxResolution:2048]]
[2022.03.09-17.06.13:478][  0]LogConfig: Setting CVar [[r.Shadow.MaxCSMResolution:2048]]
[2022.03.09-17.06.13:478][  0]LogConfig: Setting CVar [[r.Shadow.RadiusThreshold:0.01]]
[2022.03.09-17.06.13:478][  0]LogConfig: Setting CVar [[r.Shadow.DistanceScale:1.0]]
[2022.03.09-17.06.13:478][  0]LogConfig: Setting CVar [[r.Shadow.CSM.TransitionScale:1.0]]
[2022.03.09-17.06.13:478][  0]LogConfig: Setting CVar [[r.Shadow.PreShadowResolutionFactor:1.0]]
[2022.03.09-17.06.13:478][  0]LogConfig: Setting CVar [[r.DistanceFieldShadowing:1]]
[2022.03.09-17.06.13:478][  0]LogConfig: Setting CVar [[r.DistanceFieldAO:1]]
[2022.03.09-17.06.13:478][  0]LogConfig: Setting CVar [[r.AOQuality:2]]
[2022.03.09-17.06.13:478][  0]LogConfig: Setting CVar [[r.VolumetricFog:1]]
[2022.03.09-17.06.13:478][  0]LogConfig: Setting CVar [[r.VolumetricFog.GridPixelSize:8]]
[2022.03.09-17.06.13:478][  0]LogConfig: Setting CVar [[r.VolumetricFog.GridSizeZ:128]]
[2022.03.09-17.06.13:478][  0]LogConfig: Setting CVar [[r.VolumetricFog.HistoryMissSupersampleCount:4]]
[2022.03.09-17.06.13:478][  0]LogConfig: Setting CVar [[r.LightMaxDrawDistanceScale:1]]
[2022.03.09-17.06.13:478][  0]LogConfig: Setting CVar [[r.CapsuleShadows:1]]
[2022.03.09-17.06.13:478][  0]LogConfig: Applying CVar settings from Section [PostProcessQuality@3] File [C:/Users/minjoo.kim/Desktop/chat/2022_CHAT_CLIENT/client/Saved/Config/Windows/Scalability.ini]
[2022.03.09-17.06.13:478][  0]LogConfig: Setting CVar [[r.MotionBlurQuality:4]]
[2022.03.09-17.06.13:478][  0]LogConfig: Setting CVar [[r.AmbientOcclusionMipLevelFactor:0.4]]
[2022.03.09-17.06.13:478][  0]LogConfig: Setting CVar [[r.AmbientOcclusionMaxQuality:100]]
[2022.03.09-17.06.13:478][  0]LogConfig: Setting CVar [[r.AmbientOcclusionLevels:-1]]
[2022.03.09-17.06.13:478][  0]LogConfig: Setting CVar [[r.AmbientOcclusionRadiusScale:1.0]]
[2022.03.09-17.06.13:479][  0]LogConfig: Setting CVar [[r.DepthOfFieldQuality:2]]
[2022.03.09-17.06.13:479][  0]LogConfig: Setting CVar [[r.RenderTargetPoolMin:400]]
[2022.03.09-17.06.13:479][  0]LogConfig: Setting CVar [[r.LensFlareQuality:2]]
[2022.03.09-17.06.13:479][  0]LogConfig: Setting CVar [[r.SceneColorFringeQuality:1]]
[2022.03.09-17.06.13:479][  0]LogConfig: Setting CVar [[r.EyeAdaptationQuality:2]]
[2022.03.09-17.06.13:479][  0]LogConfig: Setting CVar [[r.BloomQuality:5]]
[2022.03.09-17.06.13:479][  0]LogConfig: Setting CVar [[r.FastBlurThreshold:100]]
[2022.03.09-17.06.13:479][  0]LogConfig: Setting CVar [[r.Upscale.Quality:3]]
[2022.03.09-17.06.13:479][  0]LogConfig: Setting CVar [[r.Tonemapper.GrainQuantization:1]]
[2022.03.09-17.06.13:479][  0]LogConfig: Setting CVar [[r.LightShaftQuality:1]]
[2022.03.09-17.06.13:479][  0]LogConfig: Setting CVar [[r.Filter.SizeScale:1]]
[2022.03.09-17.06.13:479][  0]LogConfig: Setting CVar [[r.Tonemapper.Quality:5]]
[2022.03.09-17.06.13:479][  0]LogConfig: Setting CVar [[r.DOF.Gather.AccumulatorQuality:1        ; higher gathering accumulator quality]]
[2022.03.09-17.06.13:479][  0]LogConfig: Setting CVar [[r.DOF.Gather.PostfilterMethod:1          ; Median3x3 postfilering method]]
[2022.03.09-17.06.13:479][  0]LogConfig: Setting CVar [[r.DOF.Gather.EnableBokehSettings:0       ; no bokeh simulation when gathering]]
[2022.03.09-17.06.13:479][  0]LogConfig: Setting CVar [[r.DOF.Gather.RingCount:4                 ; medium number of samples when gathering]]
[2022.03.09-17.06.13:479][  0]LogConfig: Setting CVar [[r.DOF.Scatter.ForegroundCompositing:1    ; additive foreground scattering]]
[2022.03.09-17.06.13:479][  0]LogConfig: Setting CVar [[r.DOF.Scatter.BackgroundCompositing:2    ; additive background scattering]]
[2022.03.09-17.06.13:479][  0]LogConfig: Setting CVar [[r.DOF.Scatter.EnableBokehSettings:1      ; bokeh simulation when scattering]]
[2022.03.09-17.06.13:479][  0]LogConfig: Setting CVar [[r.DOF.Scatter.MaxSpriteRatio:0.1         ; only a maximum of 10% of scattered bokeh]]
[2022.03.09-17.06.13:479][  0]LogConfig: Setting CVar [[r.DOF.Recombine.Quality:1                ; cheap slight out of focus]]
[2022.03.09-17.06.13:479][  0]LogConfig: Setting CVar [[r.DOF.Recombine.EnableBokehSettings:0    ; no bokeh simulation on slight out of focus]]
[2022.03.09-17.06.13:479][  0]LogConfig: Setting CVar [[r.DOF.TemporalAAQuality:1                ; more stable temporal accumulation]]
[2022.03.09-17.06.13:479][  0]LogConfig: Setting CVar [[r.DOF.Kernel.MaxForegroundRadius:0.025]]
[2022.03.09-17.06.13:479][  0]LogConfig: Setting CVar [[r.DOF.Kernel.MaxBackgroundRadius:0.025]]
[2022.03.09-17.06.13:480][  0]LogConfig: Applying CVar settings from Section [TextureQuality@3] File [C:/Users/minjoo.kim/Desktop/chat/2022_CHAT_CLIENT/client/Saved/Config/Windows/Scalability.ini]
[2022.03.09-17.06.13:480][  0]LogConfig: Setting CVar [[r.Streaming.MipBias:0]]
[2022.03.09-17.06.13:480][  0]LogConfig: Setting CVar [[r.Streaming.AmortizeCPUToGPUCopy:0]]
[2022.03.09-17.06.13:480][  0]LogConfig: Setting CVar [[r.Streaming.MaxNumTexturesToStreamPerFrame:0]]
[2022.03.09-17.06.13:480][  0]LogConfig: Setting CVar [[r.Streaming.Boost:1]]
[2022.03.09-17.06.13:480][  0]LogConfig: Setting CVar [[r.MaxAnisotropy:8]]
[2022.03.09-17.06.13:480][  0]LogConfig: Setting CVar [[r.VT.MaxAnisotropy:8]]
[2022.03.09-17.06.13:480][  0]LogConfig: Setting CVar [[r.Streaming.LimitPoolSizeToVRAM:0]]
[2022.03.09-17.06.13:480][  0]LogConfig: Setting CVar [[r.Streaming.PoolSize:1000]]
[2022.03.09-17.06.13:480][  0]LogConfig: Setting CVar [[r.Streaming.MaxEffectiveScreenSize:0]]
[2022.03.09-17.06.13:480][  0]LogConfig: Applying CVar settings from Section [EffectsQuality@3] File [C:/Users/minjoo.kim/Desktop/chat/2022_CHAT_CLIENT/client/Saved/Config/Windows/Scalability.ini]
[2022.03.09-17.06.13:480][  0]LogConfig: Setting CVar [[r.TranslucencyLightingVolumeDim:64]]
[2022.03.09-17.06.13:480][  0]LogConfig: Setting CVar [[r.RefractionQuality:2]]
[2022.03.09-17.06.13:480][  0]LogConfig: Setting CVar [[r.SSR.Quality:3]]
[2022.03.09-17.06.13:480][  0]LogConfig: Setting CVar [[r.SSR.HalfResSceneColor:0]]
[2022.03.09-17.06.13:480][  0]LogConfig: Setting CVar [[r.SceneColorFormat:4]]
[2022.03.09-17.06.13:480][  0]LogConfig: Setting CVar [[r.DetailMode:2]]
[2022.03.09-17.06.13:480][  0]LogConfig: Setting CVar [[r.TranslucencyVolumeBlur:1]]
[2022.03.09-17.06.13:480][  0]LogConfig: Setting CVar [[r.MaterialQualityLevel:1 ; High quality]]
[2022.03.09-17.06.13:480][  0]LogConfig: Setting CVar [[r.AnisotropicMaterials:1]]
[2022.03.09-17.06.13:480][  0]LogConfig: Setting CVar [[r.SSS.Scale:1]]
[2022.03.09-17.06.13:480][  0]LogConfig: Setting CVar [[r.SSS.SampleSet:2]]
[2022.03.09-17.06.13:481][  0]LogConfig: Setting CVar [[r.SSS.Quality:1]]
[2022.03.09-17.06.13:481][  0]LogConfig: Setting CVar [[r.SSS.HalfRes:0]]
[2022.03.09-17.06.13:481][  0]LogConfig: Setting CVar [[r.SSGI.Quality:3]]
[2022.03.09-17.06.13:481][  0]LogConfig: Setting CVar [[r.EmitterSpawnRateScale:1.0]]
[2022.03.09-17.06.13:481][  0]LogConfig: Setting CVar [[r.ParticleLightQuality:2]]
[2022.03.09-17.06.13:481][  0]LogConfig: Setting CVar [[r.SkyAtmosphere.AerialPerspectiveLUT.FastApplyOnOpaque:1 ; Always have FastSkyLUT 1 in this case to avoid wrong sky]]
[2022.03.09-17.06.13:481][  0]LogConfig: Setting CVar [[r.SkyAtmosphere.AerialPerspectiveLUT.SampleCountMaxPerSlice:4]]
[2022.03.09-17.06.13:481][  0]LogConfig: Setting CVar [[r.SkyAtmosphere.AerialPerspectiveLUT.DepthResolution:16.0]]
[2022.03.09-17.06.13:481][  0]LogConfig: Setting CVar [[r.SkyAtmosphere.FastSkyLUT:1]]
[2022.03.09-17.06.13:481][  0]LogConfig: Setting CVar [[r.SkyAtmosphere.FastSkyLUT.SampleCountMin:4.0]]
[2022.03.09-17.06.13:481][  0]LogConfig: Setting CVar [[r.SkyAtmosphere.FastSkyLUT.SampleCountMax:128.0]]
[2022.03.09-17.06.13:481][  0]LogConfig: Setting CVar [[r.SkyAtmosphere.SampleCountMin:4.0]]
[2022.03.09-17.06.13:481][  0]LogConfig: Setting CVar [[r.SkyAtmosphere.SampleCountMax:128.0]]
[2022.03.09-17.06.13:481][  0]LogConfig: Setting CVar [[r.SkyAtmosphere.TransmittanceLUT.UseSmallFormat:0]]
[2022.03.09-17.06.13:481][  0]LogConfig: Setting CVar [[r.SkyAtmosphere.TransmittanceLUT.SampleCount:10.0]]
[2022.03.09-17.06.13:481][  0]LogConfig: Setting CVar [[r.SkyAtmosphere.MultiScatteringLUT.SampleCount:15.0]]
[2022.03.09-17.06.13:481][  0]LogConfig: Setting CVar [[r.SkyLight.RealTimeReflectionCapture:1]]
[2022.03.09-17.06.13:481][  0]LogConfig: Applying CVar settings from Section [FoliageQuality@3] File [C:/Users/minjoo.kim/Desktop/chat/2022_CHAT_CLIENT/client/Saved/Config/Windows/Scalability.ini]
[2022.03.09-17.06.13:481][  0]LogConfig: Setting CVar [[foliage.DensityScale:1.0]]
[2022.03.09-17.06.13:481][  0]LogConfig: Setting CVar [[grass.DensityScale:1.0]]
[2022.03.09-17.06.13:481][  0]LogConfig: Applying CVar settings from Section [ShadingQuality@3] File [C:/Users/minjoo.kim/Desktop/chat/2022_CHAT_CLIENT/client/Saved/Config/Windows/Scalability.ini]
[2022.03.09-17.06.13:481][  0]LogConfig: Setting CVar [[r.HairStrands.SkyLighting.IntegrationType:2]]
[2022.03.09-17.06.13:481][  0]LogConfig: Setting CVar [[r.HairStrands.SkyAO.SampleCount:4]]
[2022.03.09-17.06.13:481][  0]LogConfig: Setting CVar [[r.HairStrands.Visibility.MSAA.SamplePerPixel:4]]
[2022.03.09-17.06.13:481][  0]LogInit: Selected Device Profile: [Windows]
[2022.03.09-17.06.13:482][  0]LogInit: Applying CVar settings loaded from the selected device profile: [Windows]
[2022.03.09-17.06.13:482][  0]LogHAL: Display: Platform has ~ 32 GB [34185474048 / 34359738368 / 32], which maps to Largest [LargestMinGB=32, LargerMinGB=12, DefaultMinGB=8, SmallerMinGB=6, SmallestMinGB=0)
[2022.03.09-17.06.13:482][  0]LogInit: Going up to parent DeviceProfile []
[2022.03.09-17.06.13:482][  0]LogConfig: Applying CVar settings from Section [ViewDistanceQuality@3] File [C:/Users/minjoo.kim/Desktop/chat/2022_CHAT_CLIENT/client/Saved/Config/Windows/Scalability.ini]
[2022.03.09-17.06.13:482][  0]LogConfig: Setting CVar [[r.SkeletalMeshLODBias:0]]
[2022.03.09-17.06.13:482][  0]LogConfig: Setting CVar [[r.ViewDistanceScale:1.0]]
[2022.03.09-17.06.13:482][  0]LogConfig: Applying CVar settings from Section [AntiAliasingQuality@3] File [C:/Users/minjoo.kim/Desktop/chat/2022_CHAT_CLIENT/client/Saved/Config/Windows/Scalability.ini]
[2022.03.09-17.06.13:482][  0]LogConfig: Setting CVar [[r.PostProcessAAQuality:4]]
[2022.03.09-17.06.13:482][  0]LogConfig: Applying CVar settings from Section [ShadowQuality@3] File [C:/Users/minjoo.kim/Desktop/chat/2022_CHAT_CLIENT/client/Saved/Config/Windows/Scalability.ini]
[2022.03.09-17.06.13:482][  0]LogConfig: Setting CVar [[r.LightFunctionQuality:1]]
[2022.03.09-17.06.13:482][  0]LogConfig: Setting CVar [[r.ShadowQuality:5]]
[2022.03.09-17.06.13:482][  0]LogConfig: Setting CVar [[r.Shadow.CSM.MaxCascades:10]]
[2022.03.09-17.06.13:482][  0]LogConfig: Setting CVar [[r.Shadow.MaxResolution:2048]]
[2022.03.09-17.06.13:482][  0]LogConfig: Setting CVar [[r.Shadow.MaxCSMResolution:2048]]
[2022.03.09-17.06.13:482][  0]LogConfig: Setting CVar [[r.Shadow.RadiusThreshold:0.01]]
[2022.03.09-17.06.13:482][  0]LogConfig: Setting CVar [[r.Shadow.DistanceScale:1.0]]
[2022.03.09-17.06.13:482][  0]LogConfig: Setting CVar [[r.Shadow.CSM.TransitionScale:1.0]]
[2022.03.09-17.06.13:482][  0]LogConfig: Setting CVar [[r.Shadow.PreShadowResolutionFactor:1.0]]
[2022.03.09-17.06.13:483][  0]LogConfig: Setting CVar [[r.DistanceFieldShadowing:1]]
[2022.03.09-17.06.13:483][  0]LogConfig: Setting CVar [[r.DistanceFieldAO:1]]
[2022.03.09-17.06.13:483][  0]LogConfig: Setting CVar [[r.AOQuality:2]]
[2022.03.09-17.06.13:483][  0]LogConfig: Setting CVar [[r.VolumetricFog:1]]
[2022.03.09-17.06.13:483][  0]LogConfig: Setting CVar [[r.VolumetricFog.GridPixelSize:8]]
[2022.03.09-17.06.13:483][  0]LogConfig: Setting CVar [[r.VolumetricFog.GridSizeZ:128]]
[2022.03.09-17.06.13:483][  0]LogConfig: Setting CVar [[r.VolumetricFog.HistoryMissSupersampleCount:4]]
[2022.03.09-17.06.13:483][  0]LogConfig: Setting CVar [[r.LightMaxDrawDistanceScale:1]]
[2022.03.09-17.06.13:483][  0]LogConfig: Setting CVar [[r.CapsuleShadows:1]]
[2022.03.09-17.06.13:483][  0]LogConfig: Applying CVar settings from Section [PostProcessQuality@3] File [C:/Users/minjoo.kim/Desktop/chat/2022_CHAT_CLIENT/client/Saved/Config/Windows/Scalability.ini]
[2022.03.09-17.06.13:483][  0]LogConfig: Setting CVar [[r.MotionBlurQuality:4]]
[2022.03.09-17.06.13:483][  0]LogConfig: Setting CVar [[r.AmbientOcclusionMipLevelFactor:0.4]]
[2022.03.09-17.06.13:483][  0]LogConfig: Setting CVar [[r.AmbientOcclusionMaxQuality:100]]
[2022.03.09-17.06.13:483][  0]LogConfig: Setting CVar [[r.AmbientOcclusionLevels:-1]]
[2022.03.09-17.06.13:483][  0]LogConfig: Setting CVar [[r.AmbientOcclusionRadiusScale:1.0]]
[2022.03.09-17.06.13:483][  0]LogConfig: Setting CVar [[r.DepthOfFieldQuality:2]]
[2022.03.09-17.06.13:483][  0]LogConfig: Setting CVar [[r.RenderTargetPoolMin:400]]
[2022.03.09-17.06.13:483][  0]LogConfig: Setting CVar [[r.LensFlareQuality:2]]
[2022.03.09-17.06.13:483][  0]LogConfig: Setting CVar [[r.SceneColorFringeQuality:1]]
[2022.03.09-17.06.13:483][  0]LogConfig: Setting CVar [[r.EyeAdaptationQuality:2]]
[2022.03.09-17.06.13:484][  0]LogConfig: Setting CVar [[r.BloomQuality:5]]
[2022.03.09-17.06.13:484][  0]LogConfig: Setting CVar [[r.FastBlurThreshold:100]]
[2022.03.09-17.06.13:484][  0]LogConfig: Setting CVar [[r.Upscale.Quality:3]]
[2022.03.09-17.06.13:484][  0]LogConfig: Setting CVar [[r.Tonemapper.GrainQuantization:1]]
[2022.03.09-17.06.13:484][  0]LogConfig: Setting CVar [[r.LightShaftQuality:1]]
[2022.03.09-17.06.13:484][  0]LogConfig: Setting CVar [[r.Filter.SizeScale:1]]
[2022.03.09-17.06.13:484][  0]LogConfig: Setting CVar [[r.Tonemapper.Quality:5]]
[2022.03.09-17.06.13:484][  0]LogConfig: Setting CVar [[r.DOF.Gather.AccumulatorQuality:1        ; higher gathering accumulator quality]]
[2022.03.09-17.06.13:484][  0]LogConfig: Setting CVar [[r.DOF.Gather.PostfilterMethod:1          ; Median3x3 postfilering method]]
[2022.03.09-17.06.13:484][  0]LogConfig: Setting CVar [[r.DOF.Gather.EnableBokehSettings:0       ; no bokeh simulation when gathering]]
[2022.03.09-17.06.13:484][  0]LogConfig: Setting CVar [[r.DOF.Gather.RingCount:4                 ; medium number of samples when gathering]]
[2022.03.09-17.06.13:484][  0]LogConfig: Setting CVar [[r.DOF.Scatter.ForegroundCompositing:1    ; additive foreground scattering]]
[2022.03.09-17.06.13:484][  0]LogConfig: Setting CVar [[r.DOF.Scatter.BackgroundCompositing:2    ; additive background scattering]]
[2022.03.09-17.06.13:484][  0]LogConfig: Setting CVar [[r.DOF.Scatter.EnableBokehSettings:1      ; bokeh simulation when scattering]]
[2022.03.09-17.06.13:484][  0]LogConfig: Setting CVar [[r.DOF.Scatter.MaxSpriteRatio:0.1         ; only a maximum of 10% of scattered bokeh]]
[2022.03.09-17.06.13:484][  0]LogConfig: Setting CVar [[r.DOF.Recombine.Quality:1                ; cheap slight out of focus]]
[2022.03.09-17.06.13:484][  0]LogConfig: Setting CVar [[r.DOF.Recombine.EnableBokehSettings:0    ; no bokeh simulation on slight out of focus]]
[2022.03.09-17.06.13:484][  0]LogConfig: Setting CVar [[r.DOF.TemporalAAQuality:1                ; more stable temporal accumulation]]
[2022.03.09-17.06.13:484][  0]LogConfig: Setting CVar [[r.DOF.Kernel.MaxForegroundRadius:0.025]]
[2022.03.09-17.06.13:484][  0]LogConfig: Setting CVar [[r.DOF.Kernel.MaxBackgroundRadius:0.025]]
[2022.03.09-17.06.13:484][  0]LogConfig: Applying CVar settings from Section [TextureQuality@3] File [C:/Users/minjoo.kim/Desktop/chat/2022_CHAT_CLIENT/client/Saved/Config/Windows/Scalability.ini]
[2022.03.09-17.06.13:485][  0]LogConfig: Setting CVar [[r.Streaming.MipBias:0]]
[2022.03.09-17.06.13:485][  0]LogConfig: Setting CVar [[r.Streaming.AmortizeCPUToGPUCopy:0]]
[2022.03.09-17.06.13:485][  0]LogConfig: Setting CVar [[r.Streaming.MaxNumTexturesToStreamPerFrame:0]]
[2022.03.09-17.06.13:485][  0]LogConfig: Setting CVar [[r.Streaming.Boost:1]]
[2022.03.09-17.06.13:485][  0]LogConfig: Setting CVar [[r.MaxAnisotropy:8]]
[2022.03.09-17.06.13:485][  0]LogConfig: Setting CVar [[r.VT.MaxAnisotropy:8]]
[2022.03.09-17.06.13:485][  0]LogConfig: Setting CVar [[r.Streaming.LimitPoolSizeToVRAM:0]]
[2022.03.09-17.06.13:485][  0]LogConfig: Setting CVar [[r.Streaming.PoolSize:1000]]
[2022.03.09-17.06.13:485][  0]LogConfig: Setting CVar [[r.Streaming.MaxEffectiveScreenSize:0]]
[2022.03.09-17.06.13:485][  0]LogConfig: Applying CVar settings from Section [EffectsQuality@3] File [C:/Users/minjoo.kim/Desktop/chat/2022_CHAT_CLIENT/client/Saved/Config/Windows/Scalability.ini]
[2022.03.09-17.06.13:485][  0]LogConfig: Setting CVar [[r.TranslucencyLightingVolumeDim:64]]
[2022.03.09-17.06.13:485][  0]LogConfig: Setting CVar [[r.RefractionQuality:2]]
[2022.03.09-17.06.13:485][  0]LogConfig: Setting CVar [[r.SSR.Quality:3]]
[2022.03.09-17.06.13:485][  0]LogConfig: Setting CVar [[r.SSR.HalfResSceneColor:0]]
[2022.03.09-17.06.13:485][  0]LogConfig: Setting CVar [[r.SceneColorFormat:4]]
[2022.03.09-17.06.13:485][  0]LogConfig: Setting CVar [[r.DetailMode:2]]
[2022.03.09-17.06.13:485][  0]LogConfig: Setting CVar [[r.TranslucencyVolumeBlur:1]]
[2022.03.09-17.06.13:485][  0]LogConfig: Setting CVar [[r.MaterialQualityLevel:1 ; High quality]]
[2022.03.09-17.06.13:486][  0]LogConfig: Setting CVar [[r.AnisotropicMaterials:1]]
[2022.03.09-17.06.13:486][  0]LogConfig: Setting CVar [[r.SSS.Scale:1]]
[2022.03.09-17.06.13:486][  0]LogConfig: Setting CVar [[r.SSS.SampleSet:2]]
[2022.03.09-17.06.13:486][  0]LogConfig: Setting CVar [[r.SSS.Quality:1]]
[2022.03.09-17.06.13:486][  0]LogConfig: Setting CVar [[r.SSS.HalfRes:0]]
[2022.03.09-17.06.13:486][  0]LogConfig: Setting CVar [[r.SSGI.Quality:3]]
[2022.03.09-17.06.13:486][  0]LogConfig: Setting CVar [[r.EmitterSpawnRateScale:1.0]]
[2022.03.09-17.06.13:486][  0]LogConfig: Setting CVar [[r.ParticleLightQuality:2]]
[2022.03.09-17.06.13:486][  0]LogConfig: Setting CVar [[r.SkyAtmosphere.AerialPerspectiveLUT.FastApplyOnOpaque:1 ; Always have FastSkyLUT 1 in this case to avoid wrong sky]]
[2022.03.09-17.06.13:486][  0]LogConfig: Setting CVar [[r.SkyAtmosphere.AerialPerspectiveLUT.SampleCountMaxPerSlice:4]]
[2022.03.09-17.06.13:486][  0]LogConfig: Setting CVar [[r.SkyAtmosphere.AerialPerspectiveLUT.DepthResolution:16.0]]
[2022.03.09-17.06.13:486][  0]LogConfig: Setting CVar [[r.SkyAtmosphere.FastSkyLUT:1]]
[2022.03.09-17.06.13:486][  0]LogConfig: Setting CVar [[r.SkyAtmosphere.FastSkyLUT.SampleCountMin:4.0]]
[2022.03.09-17.06.13:486][  0]LogConfig: Setting CVar [[r.SkyAtmosphere.FastSkyLUT.SampleCountMax:128.0]]
[2022.03.09-17.06.13:486][  0]LogConfig: Setting CVar [[r.SkyAtmosphere.SampleCountMin:4.0]]
[2022.03.09-17.06.13:486][  0]LogConfig: Setting CVar [[r.SkyAtmosphere.SampleCountMax:128.0]]
[2022.03.09-17.06.13:486][  0]LogConfig: Setting CVar [[r.SkyAtmosphere.TransmittanceLUT.UseSmallFormat:0]]
[2022.03.09-17.06.13:486][  0]LogConfig: Setting CVar [[r.SkyAtmosphere.TransmittanceLUT.SampleCount:10.0]]
[2022.03.09-17.06.13:486][  0]LogConfig: Setting CVar [[r.SkyAtmosphere.MultiScatteringLUT.SampleCount:15.0]]
[2022.03.09-17.06.13:486][  0]LogConfig: Setting CVar [[r.SkyLight.RealTimeReflectionCapture:1]]
[2022.03.09-17.06.13:486][  0]LogConfig: Applying CVar settings from Section [FoliageQuality@3] File [C:/Users/minjoo.kim/Desktop/chat/2022_CHAT_CLIENT/client/Saved/Config/Windows/Scalability.ini]
[2022.03.09-17.06.13:486][  0]LogConfig: Setting CVar [[foliage.DensityScale:1.0]]
[2022.03.09-17.06.13:486][  0]LogConfig: Setting CVar [[grass.DensityScale:1.0]]
[2022.03.09-17.06.13:486][  0]LogConfig: Applying CVar settings from Section [ShadingQuality@3] File [C:/Users/minjoo.kim/Desktop/chat/2022_CHAT_CLIENT/client/Saved/Config/Windows/Scalability.ini]
[2022.03.09-17.06.13:486][  0]LogConfig: Setting CVar [[r.HairStrands.SkyLighting.IntegrationType:2]]
[2022.03.09-17.06.13:486][  0]LogConfig: Setting CVar [[r.HairStrands.SkyAO.SampleCount:4]]
[2022.03.09-17.06.13:487][  0]LogConfig: Setting CVar [[r.HairStrands.Visibility.MSAA.SamplePerPixel:4]]
[2022.03.09-17.06.13:487][  0]LogConfig: Applying CVar settings from Section [Startup] File [../../../Engine/Config/ConsoleVariables.ini]
[2022.03.09-17.06.13:487][  0]LogConfig: Setting CVar [[net.UseAdaptiveNetUpdateFrequency:0]]
[2022.03.09-17.06.13:487][  0]LogConfig: Setting CVar [[p.chaos.AllowCreatePhysxBodies:1]]
[2022.03.09-17.06.13:487][  0]LogConfig: Setting CVar [[fx.SkipVectorVMBackendOptimizations:1]]
[2022.03.09-17.06.13:487][  0]LogConfig: Applying CVar settings from Section [ConsoleVariables] File [C:/Users/minjoo.kim/Desktop/chat/2022_CHAT_CLIENT/client/Saved/Config/Windows/Engine.ini]
[2022.03.09-17.06.13:487][  0]LogConfig: Applying CVar settings from Section [ConsoleVariables] File [C:/Users/minjoo.kim/Desktop/chat/2022_CHAT_CLIENT/client/Saved/Config/Windows/Editor.ini]
[2022.03.09-17.06.13:487][  0]LogInit: Computer: TG-P2107058
[2022.03.09-17.06.13:487][  0]LogInit: User: minjookim
[2022.03.09-17.06.13:487][  0]LogInit: CPU Page size=4096, Cores=8
[2022.03.09-17.06.13:487][  0]LogInit: High frequency timer resolution =10.000000 MHz
[2022.03.09-17.06.13:487][  0]LogMemory: Memory total: Physical=31.8GB (32GB approx)
[2022.03.09-17.06.13:487][  0]LogMemory: Platform Memory Stats for Windows
[2022.03.09-17.06.13:487][  0]LogMemory: Process Physical Memory: 150.72 MB used, 150.73 MB peak
[2022.03.09-17.06.13:487][  0]LogMemory: Process Virtual Memory: 129.71 MB used, 129.71 MB peak
[2022.03.09-17.06.13:487][  0]LogMemory: Physical Memory: 14411.01 MB used,  18190.80 MB free, 32601.81 MB total
[2022.03.09-17.06.13:487][  0]LogMemory: Virtual Memory: 134169704.00 MB used,  48026.72 MB free, 134217728.00 MB total
[2022.03.09-17.06.13:497][  0]LogWindows: WindowsPlatformFeatures enabled
[2022.03.09-17.06.13:597][  0]LogInit: Physics initialised using underlying interface: PhysX
[2022.03.09-17.06.13:598][  0]LogInit: Using OS detected language (ko-KR).
[2022.03.09-17.06.13:598][  0]LogInit: Using OS detected locale (ko-KR).
[2022.03.09-17.06.13:600][  0]LogTextLocalizationManager: No specific localization for 'ko-KR' exists, so the 'ko' localization will be used.
[2022.03.09-17.06.13:677][  0]LogInit: Setting process to per monitor DPI aware
[2022.03.09-17.06.13:731][  0]LogWindowsTextInputMethodSystem: Display: IME system deactivated.
[2022.03.09-17.06.13:744][  0]LogSlate: New Slate User Created.  User Index 0, Is Virtual User: 0
[2022.03.09-17.06.13:744][  0]LogSlate: Slate User Registered.  User Index 0, Is Virtual User: 0
[2022.03.09-17.06.13:855][  0]LogD3D11RHI: Loaded GFSDK_Aftermath_Lib.x64.dll
[2022.03.09-17.06.13:859][  0]LogHMD: Failed to initialize OpenVR with code 110
[2022.03.09-17.06.13:859][  0]LogD3D11RHI: D3D11 min allowed feature level: 11_0
[2022.03.09-17.06.13:859][  0]LogD3D11RHI: D3D11 max allowed feature level: 11_0
[2022.03.09-17.06.13:859][  0]LogD3D11RHI: D3D11 adapters:
[2022.03.09-17.06.13:958][  0]LogD3D11RHI:    0. 'NVIDIA GeForce RTX 2060' (Feature Level 11_0)
[2022.03.09-17.06.13:959][  0]LogD3D11RHI:       5980/0/16300 MB DedicatedVideo/DedicatedSystem/SharedSystem, Outputs:1, VendorId:0x10de
[2022.03.09-17.06.13:962][  0]LogD3D11RHI:    1. 'Microsoft Basic Render Driver' (Feature Level 11_0)
[2022.03.09-17.06.13:962][  0]LogD3D11RHI:       0/0/16300 MB DedicatedVideo/DedicatedSystem/SharedSystem, Outputs:0, VendorId:0x1414
[2022.03.09-17.06.14:032][  0]LogD3D11RHI:    2. 'NVIDIA GeForce RTX 2060' (Feature Level 11_0)
[2022.03.09-17.06.14:032][  0]LogD3D11RHI:       5980/0/16300 MB DedicatedVideo/DedicatedSystem/SharedSystem, Outputs:0, VendorId:0x10de
[2022.03.09-17.06.14:032][  0]LogD3D11RHI: Chosen D3D11 Adapter:
[2022.03.09-17.06.14:032][  0]LogD3D11RHI:     Description : NVIDIA GeForce RTX 2060
[2022.03.09-17.06.14:032][  0]LogD3D11RHI:     VendorId    : 10de
[2022.03.09-17.06.14:032][  0]LogD3D11RHI:     DeviceId    : 1f08
[2022.03.09-17.06.14:032][  0]LogD3D11RHI:     SubSysId    : 152719da
[2022.03.09-17.06.14:033][  0]LogD3D11RHI:     Revision    : 00a1
[2022.03.09-17.06.14:033][  0]LogD3D11RHI:     DedicatedVideoMemory : 6270484480 bytes
[2022.03.09-17.06.14:033][  0]LogD3D11RHI:     DedicatedSystemMemory : 0 bytes
[2022.03.09-17.06.14:033][  0]LogD3D11RHI:     SharedSystemMemory : 17092737024 bytes
[2022.03.09-17.06.14:033][  0]LogD3D11RHI:     AdapterLuid : 0 49222
[2022.03.09-17.06.14:037][  0]LogD3D11RHI: Creating new Direct3DDevice
[2022.03.09-17.06.14:037][  0]LogD3D11RHI:     GPU DeviceId: 0x1f08 (for the marketing name, search the web for "GPU Device Id")
[2022.03.09-17.06.14:037][  0]LogWindows: EnumDisplayDevices:
[2022.03.09-17.06.14:038][  0]LogWindows:    0. 'Microsoft Remote Display Adapter' (P:1 D:1)
[2022.03.09-17.06.14:038][  0]LogWindows:    1. 'Microsoft Remote Display Adapter' (P:0 D:0)
[2022.03.09-17.06.14:038][  0]LogWindows:    2. 'Microsoft Remote Display Adapter' (P:0 D:0)
[2022.03.09-17.06.14:038][  0]LogWindows:    3. 'Microsoft Remote Display Adapter' (P:0 D:0)
[2022.03.09-17.06.14:038][  0]LogWindows:    4. 'Microsoft Remote Display Adapter' (P:0 D:0)
[2022.03.09-17.06.14:038][  0]LogWindows:    5. 'Microsoft Remote Display Adapter' (P:0 D:0)
[2022.03.09-17.06.14:038][  0]LogWindows:    6. 'Microsoft Remote Display Adapter' (P:0 D:0)
[2022.03.09-17.06.14:038][  0]LogWindows:    7. 'Microsoft Remote Display Adapter' (P:0 D:0)
[2022.03.09-17.06.14:038][  0]LogWindows:    8. 'Microsoft Remote Display Adapter' (P:0 D:0)
[2022.03.09-17.06.14:039][  0]LogWindows:    9. 'Microsoft Remote Display Adapter' (P:0 D:0)
[2022.03.09-17.06.14:039][  0]LogWindows:    10. 'Microsoft Remote Display Adapter' (P:0 D:0)
[2022.03.09-17.06.14:039][  0]LogWindows:    11. 'Microsoft Remote Display Adapter' (P:0 D:0)
[2022.03.09-17.06.14:039][  0]LogWindows:    12. 'Microsoft Remote Display Adapter' (P:0 D:0)
[2022.03.09-17.06.14:039][  0]LogWindows:    13. 'Microsoft Remote Display Adapter' (P:0 D:0)
[2022.03.09-17.06.14:039][  0]LogWindows:    14. 'Microsoft Remote Display Adapter' (P:0 D:0)
[2022.03.09-17.06.14:039][  0]LogWindows:    15. 'Microsoft Remote Display Adapter' (P:0 D:0)
[2022.03.09-17.06.14:039][  0]LogWindows: DebugString: PrimaryDriverLocationFailed PrimaryDriverLocationFailed PrimaryDriverLocationFailed PrimaryDriverLocationFailed PrimaryDriverLocationFailed PrimaryDriverLocationFailed PrimaryDriverLocationFailed PrimaryDriverLocationFailed PrimaryDriverLocationFailed PrimaryDriverLocationFailed PrimaryDriverLocationFailed PrimaryDriverLocationFailed PrimaryDriverLocationFailed PrimaryDriverLocationFailed PrimaryDriverLocationFailed PrimaryDriverLocationFailed FoundDriverCount:0 
[2022.03.09-17.06.14:039][  0]LogD3D11RHI:     Adapter Name: NVIDIA GeForce RTX 2060
[2022.03.09-17.06.14:039][  0]LogD3D11RHI:   Driver Version: Unknown (internal:Unknown, unified:Unknown)
[2022.03.09-17.06.14:039][  0]LogD3D11RHI:      Driver Date: Unknown
[2022.03.09-17.06.14:039][  0]LogRHI: Texture pool is 4186 MB (70% of 5980 MB)
[2022.03.09-17.06.14:039][  0]LogD3D11RHI: Creating D3DDevice using adapter:
[2022.03.09-17.06.14:040][  0]LogD3D11RHI:     Description : NVIDIA GeForce RTX 2060
[2022.03.09-17.06.14:040][  0]LogD3D11RHI:     VendorId    : 10de
[2022.03.09-17.06.14:040][  0]LogD3D11RHI:     DeviceId    : 1f08
[2022.03.09-17.06.14:040][  0]LogD3D11RHI:     SubSysId    : 152719da
[2022.03.09-17.06.14:040][  0]LogD3D11RHI:     Revision    : 00a1
[2022.03.09-17.06.14:040][  0]LogD3D11RHI:     DedicatedVideoMemory : 6270484480 bytes
[2022.03.09-17.06.14:040][  0]LogD3D11RHI:     DedicatedSystemMemory : 0 bytes
[2022.03.09-17.06.14:040][  0]LogD3D11RHI:     SharedSystemMemory : 17092737024 bytes
[2022.03.09-17.06.14:040][  0]LogD3D11RHI:     AdapterLuid : 0 49222
[2022.03.09-17.06.14:104][  0]LogD3D11RHI: RHI has support for 64 bit atomics
[2022.03.09-17.06.14:104][  0]LogD3D11RHI: Async texture creation enabled
[2022.03.09-17.06.14:104][  0]LogD3D11RHI: Array index from any shader is supported
[2022.03.09-17.06.14:118][  0]LogD3D11RHI: GPU Timing Frequency: 1000.000000 (Debug: 2 1)
[2022.03.09-17.06.14:146][  0]LogRHI: GeForceNow SDK initialized: 1
[2022.03.09-17.06.14:400][  0]LogTargetPlatformManager: Display: Loaded TargetPlatform 'AllDesktop'
[2022.03.09-17.06.14:415][  0]LogTargetPlatformManager: Display: Loaded TargetPlatform 'Android'
[2022.03.09-17.06.14:415][  0]LogTargetPlatformManager: Display: Loaded TargetPlatform 'Android_ASTC'
[2022.03.09-17.06.14:416][  0]LogTargetPlatformManager: Display: Loaded TargetPlatform 'Android_DXT'
[2022.03.09-17.06.14:416][  0]LogTargetPlatformManager: Display: Loaded TargetPlatform 'Android_ETC2'
[2022.03.09-17.06.14:416][  0]LogTargetPlatformManager: Display: Loaded TargetPlatform 'AndroidClient'
[2022.03.09-17.06.14:416][  0]LogTargetPlatformManager: Display: Loaded TargetPlatform 'Android_ASTCClient'
[2022.03.09-17.06.14:416][  0]LogTargetPlatformManager: Display: Loaded TargetPlatform 'Android_DXTClient'
[2022.03.09-17.06.14:416][  0]LogTargetPlatformManager: Display: Loaded TargetPlatform 'Android_ETC2Client'
[2022.03.09-17.06.14:416][  0]LogTargetPlatformManager: Display: Loaded TargetPlatform 'Android_Multi'
[2022.03.09-17.06.14:416][  0]LogTargetPlatformManager: Display: Loaded TargetPlatform 'Android_MultiClient'
[2022.03.09-17.06.14:434][  0]LogTargetPlatformManager: Display: Loaded TargetPlatform 'IOSClient'
[2022.03.09-17.06.14:434][  0]LogTargetPlatformManager: Display: Loaded TargetPlatform 'IOS'
[2022.03.09-17.06.14:442][  0]LogTargetPlatformManager: Display: Loaded TargetPlatform 'Linux'
[2022.03.09-17.06.14:447][  0]LogTargetPlatformManager: Display: Loaded TargetPlatform 'LinuxNoEditor'
[2022.03.09-17.06.14:451][  0]LogTargetPlatformManager: Display: Loaded TargetPlatform 'LinuxClient'
[2022.03.09-17.06.14:456][  0]LogTargetPlatformManager: Display: Loaded TargetPlatform 'LinuxServer'
[2022.03.09-17.06.14:464][  0]LogTargetPlatformManager: Display: Loaded TargetPlatform 'LinuxAArch64NoEditor'
[2022.03.09-17.06.14:469][  0]LogTargetPlatformManager: Display: Loaded TargetPlatform 'LinuxAArch64Client'
[2022.03.09-17.06.14:473][  0]LogTargetPlatformManager: Display: Loaded TargetPlatform 'LinuxAArch64Server'
[2022.03.09-17.06.14:491][  0]LogTargetPlatformManager: Display: Loaded TargetPlatform 'Lumin'
[2022.03.09-17.06.14:491][  0]LogTargetPlatformManager: Display: Loaded TargetPlatform 'LuminClient'
[2022.03.09-17.06.14:499][  0]LogTargetPlatformManager: Display: Loaded TargetPlatform 'MacNoEditor'
[2022.03.09-17.06.14:504][  0]LogTargetPlatformManager: Display: Loaded TargetPlatform 'Mac'
[2022.03.09-17.06.14:509][  0]LogTargetPlatformManager: Display: Loaded TargetPlatform 'MacClient'
[2022.03.09-17.06.14:514][  0]LogTargetPlatformManager: Display: Loaded TargetPlatform 'MacServer'
[2022.03.09-17.06.14:523][  0]LogTargetPlatformManager: Display: Loaded TargetPlatform 'TVOSClient'
[2022.03.09-17.06.14:523][  0]LogTargetPlatformManager: Display: Loaded TargetPlatform 'TVOS'
[2022.03.09-17.06.14:531][  0]LogTargetPlatformManager: Display: Loaded TargetPlatform 'WindowsNoEditor'
[2022.03.09-17.06.14:536][  0]LogTargetPlatformManager: Display: Loaded TargetPlatform 'Windows'
[2022.03.09-17.06.14:541][  0]LogTargetPlatformManager: Display: Loaded TargetPlatform 'WindowsClient'
[2022.03.09-17.06.14:546][  0]LogTargetPlatformManager: Display: Loaded TargetPlatform 'WindowsServer'
[2022.03.09-17.06.14:546][  0]LogTargetPlatformManager: Display: Building Assets For Windows
[2022.03.09-17.06.14:558][  0]LogAudioDebug: Display: Lib vorbis DLL was dynamically loaded.
[2022.03.09-17.06.14:600][  0]LogTextureFormatOodle: Display: Oodle Texture 2.9.0 init RDO Off
[2022.03.09-17.06.14:646][  0]LogRendererCore: Ray tracing is disabled. Reason: r.RayTracing=0.
[2022.03.09-17.06.14:646][  0]LogShaderCompilers: Guid format shader working directory is -20 characters bigger than the processId version (../../../../../../Users/minjoo.kim/Desktop/chat/2022_CHAT_CLIENT/client/Intermediate/Shaders/WorkingDirectory/2484/).
[2022.03.09-17.06.14:646][  0]LogShaderCompilers: Cleaned the shader compiler working directory 'C:/Users/minjoo.kim/AppData/Local/Temp/UnrealShaderWorkingDir/A1A5EBEA4D05EDDA86241D939FF870D2/'.
[2022.03.09-17.06.14:646][  0]LogXGEController: Cannot use XGE Controller as Incredibuild is not installed on this machine.
[2022.03.09-17.06.14:646][  0]LogShaderCompilers: Cannot use XGE Shader Compiler as Incredibuild is not installed on this machine.
[2022.03.09-17.06.14:646][  0]LogShaderCompilers: Display: Using Local Shader Compiler.
[2022.03.09-17.06.15:205][  0]LogDerivedDataCache: Display: Max Cache Size: 512 MB
[2022.03.09-17.06.15:243][  0]LogDerivedDataCache: Loaded boot cache 0.04s 94MB C:/Users/minjoo.kim/AppData/Local/UnrealEngine/4.27/DerivedDataCache/Boot.ddc.
[2022.03.09-17.06.15:243][  0]LogDerivedDataCache: Display: Loaded Boot cache: C:/Users/minjoo.kim/AppData/Local/UnrealEngine/4.27/DerivedDataCache/Boot.ddc
[2022.03.09-17.06.15:244][  0]LogDerivedDataCache: FDerivedDataBackendGraph:  Pak pak cache file ../../../../../../Users/minjoo.kim/Desktop/chat/2022_CHAT_CLIENT/client/DerivedDataCache/DDC.ddp not found, will not use a pak cache.
[2022.03.09-17.06.15:244][  0]LogDerivedDataCache: Unable to find inner node Pak for hierarchical cache Hierarchy.
[2022.03.09-17.06.15:244][  0]LogDerivedDataCache: FDerivedDataBackendGraph:  CompressedPak pak cache file ../../../../../../Users/minjoo.kim/Desktop/chat/2022_CHAT_CLIENT/client/DerivedDataCache/Compressed.ddp not found, will not use a pak cache.
[2022.03.09-17.06.15:244][  0]LogDerivedDataCache: Unable to find inner node CompressedPak for hierarchical cache Hierarchy.
[2022.03.09-17.06.15:257][  0]LogDerivedDataCache: Display: Pak cache opened for reading ../../../Engine/DerivedDataCache/Compressed.ddp.
[2022.03.09-17.06.15:257][  0]LogDerivedDataCache: FDerivedDataBackendGraph:  EnterprisePak pak cache file ../../../Enterprise/DerivedDataCache/Compressed.ddp not found, will not use a pak cache.
[2022.03.09-17.06.15:257][  0]LogDerivedDataCache: Unable to find inner node EnterprisePak for hierarchical cache Hierarchy.
[2022.03.09-17.06.15:267][  0]LogDerivedDataCache: Speed tests for C:/Users/minjoo.kim/AppData/Local/UnrealEngine/Common/DerivedDataCache took 0.01 seconds
[2022.03.09-17.06.15:267][  0]LogDerivedDataCache: Display: Performance to C:/Users/minjoo.kim/AppData/Local/UnrealEngine/Common/DerivedDataCache: Latency=0.01ms. RandomReadSpeed=662.50MBs, RandomWriteSpeed=115.67MBs. Assigned SpeedClass 'Local'
[2022.03.09-17.06.15:269][  0]LogDerivedDataCache: Using Local data cache path C:/Users/minjoo.kim/AppData/Local/UnrealEngine/Common/DerivedDataCache: Writable
[2022.03.09-17.06.15:269][  0]LogDerivedDataCache: Shared data cache path not found in *engine.ini, will not use an Shared cache.
[2022.03.09-17.06.15:269][  0]LogDerivedDataCache: Unable to find inner node Shared for hierarchical cache Hierarchy.
[2022.03.09-17.06.15:302][  0]LogSlate: Using FreeType 2.10.0
[2022.03.09-17.06.15:302][  0]LogSlate: SlateFontServices - WITH_FREETYPE: 1, WITH_HARFBUZZ: 1
[2022.03.09-17.06.15:323][  0]LogAssetRegistry: FAssetRegistry took 0.0042 seconds to start up
[2022.03.09-17.06.15:482][  0]LogInit: Selected Device Profile: [Windows]
[2022.03.09-17.06.15:482][  0]LogInit: Active device profile: [00000149CB820D00][00000149BC34FB00 49] Windows
[2022.03.09-17.06.15:482][  0]LogInit: Profiles: [00000149CB820D00][00000149BC34FB00 49] Windows, [00000149CB7D6300][00000149BD55E100 49] WindowsNoEditor, [00000149CB821C00][00000149BD562280 49] WindowsServer, [00000149CB7D7100][00000149BD566400 49] WindowsClient, [00000149CB822900][00000149BD56A580 49] IOS, [00000149CB7D5A00][00000149BD56E700 49] iPadAir, [00000149CB823E00][00000149BC352840 49] iPadAir2, [00000149CB791100][00000149BD576A80 49] IPadPro, [00000149CB791200][00000149BD572AC0 49] iPadAir3, [00000149CB7D4C00][00000149BD57EC40 49] iPadAir4, [00000149CB791E00][00000149BD582DC0 49] iPadMini2, [00000149CB7D7300][00000149BD586F40 49] iPadMini3, [00000149CB793900][00000149BD58B0C0 49] iPadMini4, [00000149CB7D5000][00000149C9C97240 49] iPadMini5, [00000149CB7A8A00][00000149C9C9F500 49] iPhone6, [00000149CB7A8B00][00000149C9C9B540 49] iPodTouch6, [00000149CB822D00][00000149C9987800 49] iPhone7, [00000149CB822E00][00000149C9983840 49] iPodTouch7, [00000149CB793E00][00000149C998B9C0 49] iPhone5S, [00000149CB820E00][00000149C9CA3B40 49] iPhone6Plus, [00000149CB7A8100][00000149C9CAA140 49] iPhone6S, [00000149CB790300][00000149BF1482C0 49] iPhone6SPlus, [00000149CB7AA900][00000149BFE9C440 49] iPhone7Plus, [00000149CB792200][00000149BF1705C0 49] iPhoneSE, [00000149CB7AA700][00000149BF1B4740 49] iPhone8, [00000149CB790700][00000149BF1B88C0 49] iPhone8Plus, [00000149CB7AB200][00000149BD57AA00 49] iPhoneX, [00000149CB821500][00000149BF1BCB40 49] iPhoneXS, [00000149CB7AAC00][00000149CC0B2C80 49] iPhoneXSMax, [00000149CB821A00][00000149CC0BEDC0 49] iPhoneXR, [00000149CB7A8600][00000149CC0C6F40 49] iPhone11, [00000149CB820F00][00000149CC0CB0C0 49] iPhone11Pro, [00000149CB7A9B00][00000149CC0CF240 49] iPhone11ProMax, [00000149CB823300][00000149CC0D73C0 49] iPhoneSE2, [00000149CB7ABB00][00000149CC4CD540 49] iPhone12Mini, [00000149CB822300][00000149CC4E16C0 49] iPhone12, [00000149CB7A9000][00000149BFE19840 49] iPhone12Pro, [00000149CB823F00][00000149BFE579C0 49] iPhone12ProMax, [00000149CB7A9600][00000149BFE5BB40 49] iPadPro105, [00000149CB820900][00000149BFE7E140 49] iPadPro129, [00000149CB7ABE00][00000149BFE822C0 49] iPadPro97, [00000149CB823700][00000149BFE86440 49] iPadPro2_129, [00000149CB7A8D00][00000149BFE8A5C0 49] iPad5, [00000149CB821F00][00000149BFE8E740 49] iPad6, [00000149CB7A9200][00000149BFE928C0 49] iPad7, [00000149CB821100][00000149BFE96A40 49] iPad8, [00000149CB7A8200][00000149CC0C2B80 49] iPadPro11, [00000149CB823200][00000149BF13CCC0 49] iPadPro2_11, [00000149CB7A9700][00000149CC098E00 49] iPadPro3_129, [00000149CB823800][00000149CC0A0F40 49] iPadPro4_129, [00000149CB7A8F00][00000149CC2430C0 49] AppleTV, [00000149CB822600][00000149CC5F9240 49] AppleTV4K, [00000149CB7AA200][00000149CC6053C0 49] TVOS, [00000149CB823B00][00000149CC615540 49] Mac, [00000149CB7A9400][00000149CC7416C0 49] MacClient, [00000149CB822100][00000149CC745840 49] MacNoEditor, [00000149CB7AAF00][00000149CC7539C0 49] MacServer, [00000149CB821000][00000149CC757B40 49] Linux, [00000149CB7A9F00][00000149CC75A140 49] LinuxAArch64, [00000149CB823C00][00000149CC75E2C0 49] LinuxNoEditor, [00000149CB7AB300][00000149CC762440 49] LinuxAArch64NoEditor, [00000149CB821B00][00000149CC8EA5C0 49] LinuxClient, [00000149CB7A8800][00000149CC8EE740 49] LinuxAArch64Client, [00000149CB821400][00000149CC8F28C0 49] LinuxServer, [00000149CB7A9100][00000149CC8F6A40 49] LinuxAArch64Server, [00000149CB822F00][00000149CC8FABC0 49] Android, [00000149CB7AA400][00000149BF0F8D40 49] Android_Low, [00000149CB823D00][00000149CC23EE80 49] Android_Mid, [00000149CB7AB900][00000149BF0FCFC0 49] Android_High, [00000149CB823400][00000149CC981100 49] Android_Default, [00000149CB7AAA00][00000149CC131280 49] Android_Adreno4xx, [00000149CB820300][00000149CC135400 49] Android_Adreno5xx_Low, [00000149CB7AB700][00000149CC169580 49] Android_Adreno5xx, [00000149CB821300][00000149CC16D700 49] Android_Adreno6xx, [00000149CB7D4500][00000149CC171880 49] Android_Adreno6xx_Vulkan, [00000149CB791F00][00000149BFE5FA00 49] Android_Mali_T6xx, [00000149CB7D4600][00000149BFE63B80 49] Android_Mali_T7xx, [00000149CB793A00][00000149CC164180 49] Android_Mali_T8xx, [00000149CB7D4100][00000149CC984300 49] Android_Mali_G71, [00000149CB793500][00000149CC1F6480 49] Android_Mali_G72, [00000149CB7D4400][00000149BFE72600 49] Android_Mali_G72_Vulkan, [00000149CB791800][00000149BFE76780 49] Android_Mali_G76, [00000149CB7D7800][00000149BFE7A900 49] Android_Mali_G76_Vulkan, [00000149CB792A00][00000149CC09CA80 49] Android_Mali_G77, [00000149CB7D7200][00000149BF144C00 49] Android_Mali_G77_Vulkan, [00000149CB791600][00000149BF140D80 49] Android_Mali_G78, [00000149CB7D6200][00000149CC0D2F00 49] Android_Mali_G78_Vulkan, [00000149CB790600][00000149CC12D040 49] Android_Mali_G710, [00000149CB7D4300][00000149CC0DB180 49] Android_Mali_G710_Vulkan, [00000149CB790200][00000149CBF332C0 49] Android_Vulkan_SM5, [00000149CB7D4200][00000149CBF3B440 49] Android_PowerVR_G6xxx, [00000149CB792500][00000149CBF3F5C0 49] Android_PowerVR_GT7xxx, [00000149CB7D6600][00000149CBF43740 49] Android_PowerVR_GE8xxx, [00000149CB791300][00000149CBF478C0 49] Android_PowerVR_GM9xxx, [00000149CB7D4D00][00000149CBF4BA40 49] Android_PowerVR_GM9xxx_Vulkan, [00000149CB793D00][00000149CBF4FBC0 49] Android_TegraK1, [00000149CB7D6900][00000149CBF521C0 49] Android_Unknown_Vulkan, [00000149CB793200][00000149CBF56340 49] Lumin, [00000149CB7D4A00][00000149CC18A4C0 49] Lumin_Desktop, [00000149CB793300][00000149CC18E640 49] HoloLens, 
[2022.03.09-17.06.15:591][  0]LogMeshReduction: Using QuadricMeshReduction for automatic static mesh reduction
[2022.03.09-17.06.15:591][  0]LogMeshReduction: Using SimplygonMeshReduction for automatic skeletal mesh reduction
[2022.03.09-17.06.15:591][  0]LogMeshReduction: Using ProxyLODMeshReduction for automatic mesh merging
[2022.03.09-17.06.15:591][  0]LogMeshReduction: No distributed automatic mesh merging module available
[2022.03.09-17.06.15:591][  0]LogMeshMerging: No distributed automatic mesh merging module available
[2022.03.09-17.06.15:605][  0]LogNetVersion: client 1.0.0, NetCL: 17155196, EngineNetVer: 17, GameNetVer: 0 (Checksum: 356464601)
[2022.03.09-17.06.15:873][  0]LogTexture: Default maximum texture size for cubemaps generated from long-lat sources has been changed from 512 to unlimited. In order to preserve old behaiour for '/Engine/MapTemplates/Sky/DaylightAmbientCubemap.DaylightAmbientCubemap', its maximum texture size has been explicitly set to 512.
[2022.03.09-17.06.15:910][  0]LogHMD: PokeAHoleMaterial loaded successfully
[2022.03.09-17.06.15:914][  0]LogUObjectArray: 17178 objects as part of root set at end of initial load.
[2022.03.09-17.06.15:914][  0]LogUObjectAllocator: 4302048 out of 0 bytes used by permanent object pool.
[2022.03.09-17.06.15:914][  0]LogUObjectArray: CloseDisregardForGC: 0/0 objects in disregard for GC pool
